ARM GAS  C:\Users\JONSHA~1\AppData\Local\Temp\ccYAG4Ks.s 			page 1


   1              		.cpu cortex-m0
   2              		.fpu softvfp
   3              		.eabi_attribute 20, 1
   4              		.eabi_attribute 21, 1
   5              		.eabi_attribute 23, 3
   6              		.eabi_attribute 24, 1
   7              		.eabi_attribute 25, 1
   8              		.eabi_attribute 26, 1
   9              		.eabi_attribute 30, 1
  10              		.eabi_attribute 34, 0
  11              		.eabi_attribute 18, 4
  12              		.code	16
  13              		.file	"StripLights_fonts.c"
  14              		.text
  15              	.Ltext0:
  16              		.cfi_sections	.debug_frame
  17              		.section	.text.StripLights_SetFont,"ax",%progbits
  18              		.align	2
  19              		.global	StripLights_SetFont
  20              		.code	16
  21              		.thumb_func
  22              		.type	StripLights_SetFont, %function
  23              	StripLights_SetFont:
  24              	.LFB34:
  25              		.file 1 ".\\Generated_Source\\PSoC4\\StripLights_fonts.c"
   1:.\Generated_Source\PSoC4/StripLights_fonts.c **** /* ========================================
   2:.\Generated_Source\PSoC4/StripLights_fonts.c ****  *
   3:.\Generated_Source\PSoC4/StripLights_fonts.c ****  * Copyright YOUR COMPANY, THE YEAR
   4:.\Generated_Source\PSoC4/StripLights_fonts.c ****  * All Rights Reserved
   5:.\Generated_Source\PSoC4/StripLights_fonts.c ****  * UNPUBLISHED, LICENSED SOFTWARE.
   6:.\Generated_Source\PSoC4/StripLights_fonts.c ****  *
   7:.\Generated_Source\PSoC4/StripLights_fonts.c ****  * CONFIDENTIAL AND PROPRIETARY INFORMATION
   8:.\Generated_Source\PSoC4/StripLights_fonts.c ****  * WHICH IS THE PROPERTY OF your company.
   9:.\Generated_Source\PSoC4/StripLights_fonts.c ****  *
  10:.\Generated_Source\PSoC4/StripLights_fonts.c ****  * ========================================
  11:.\Generated_Source\PSoC4/StripLights_fonts.c **** */
  12:.\Generated_Source\PSoC4/StripLights_fonts.c **** #include <project.h>
  13:.\Generated_Source\PSoC4/StripLights_fonts.c **** #include "cytypes.h"
  14:.\Generated_Source\PSoC4/StripLights_fonts.c **** #include "stdlib.h"
  15:.\Generated_Source\PSoC4/StripLights_fonts.c **** #include "cyfitter.h"
  16:.\Generated_Source\PSoC4/StripLights_fonts.c **** #include "StripLights.h"
  17:.\Generated_Source\PSoC4/StripLights_fonts.c **** #include "StripLights_fonts.h"
  18:.\Generated_Source\PSoC4/StripLights_fonts.c **** 
  19:.\Generated_Source\PSoC4/StripLights_fonts.c **** uint8 const * StripLights_fontPtr;
  20:.\Generated_Source\PSoC4/StripLights_fonts.c **** int32 StripLights_fontX;
  21:.\Generated_Source\PSoC4/StripLights_fonts.c **** int32 StripLights_fontY;
  22:.\Generated_Source\PSoC4/StripLights_fonts.c **** int32 StripLights_fontOffset;
  23:.\Generated_Source\PSoC4/StripLights_fonts.c **** 
  24:.\Generated_Source\PSoC4/StripLights_fonts.c **** 
  25:.\Generated_Source\PSoC4/StripLights_fonts.c **** // standard ascii 5x7 font
  26:.\Generated_Source\PSoC4/StripLights_fonts.c **** // defines ascii characters 0x20-0x7F (32-127)
  27:.\Generated_Source\PSoC4/StripLights_fonts.c **** const uint8 StripLights_Font5x7[] = {
  28:.\Generated_Source\PSoC4/StripLights_fonts.c **** 	0x00, 0x00, 0x00, 0x00, 0x00,// (space)
  29:.\Generated_Source\PSoC4/StripLights_fonts.c **** 	0x00, 0x00, 0x5F, 0x00, 0x00,// !
  30:.\Generated_Source\PSoC4/StripLights_fonts.c **** 	0x00, 0x07, 0x00, 0x07, 0x00,// "
  31:.\Generated_Source\PSoC4/StripLights_fonts.c **** 	0x14, 0x7F, 0x14, 0x7F, 0x14,// #
  32:.\Generated_Source\PSoC4/StripLights_fonts.c **** 	0x24, 0x2A, 0x7F, 0x2A, 0x12,// $
ARM GAS  C:\Users\JONSHA~1\AppData\Local\Temp\ccYAG4Ks.s 			page 2


  33:.\Generated_Source\PSoC4/StripLights_fonts.c **** 	0x23, 0x13, 0x08, 0x64, 0x62,// %
  34:.\Generated_Source\PSoC4/StripLights_fonts.c **** 	0x36, 0x49, 0x55, 0x22, 0x50,// &
  35:.\Generated_Source\PSoC4/StripLights_fonts.c **** 	0x00, 0x05, 0x03, 0x00, 0x00,// '
  36:.\Generated_Source\PSoC4/StripLights_fonts.c **** 	0x00, 0x1C, 0x22, 0x41, 0x00,// (
  37:.\Generated_Source\PSoC4/StripLights_fonts.c **** 	0x00, 0x41, 0x22, 0x1C, 0x00,// )
  38:.\Generated_Source\PSoC4/StripLights_fonts.c **** 	0x08, 0x2A, 0x1C, 0x2A, 0x08,// *
  39:.\Generated_Source\PSoC4/StripLights_fonts.c **** 	0x08, 0x08, 0x3E, 0x08, 0x08,// +
  40:.\Generated_Source\PSoC4/StripLights_fonts.c **** 	0x00, 0x50, 0x30, 0x00, 0x00,// ,
  41:.\Generated_Source\PSoC4/StripLights_fonts.c **** 	0x08, 0x08, 0x08, 0x08, 0x08,// -
  42:.\Generated_Source\PSoC4/StripLights_fonts.c **** 	0x00, 0x60, 0x60, 0x00, 0x00,// .
  43:.\Generated_Source\PSoC4/StripLights_fonts.c **** 	0x20, 0x10, 0x08, 0x04, 0x02,// /
  44:.\Generated_Source\PSoC4/StripLights_fonts.c **** 	0x3E, 0x51, 0x49, 0x45, 0x3E,// 0
  45:.\Generated_Source\PSoC4/StripLights_fonts.c **** 	0x00, 0x42, 0x7F, 0x40, 0x00,// 1
  46:.\Generated_Source\PSoC4/StripLights_fonts.c **** 	0x42, 0x61, 0x51, 0x49, 0x46,// 2
  47:.\Generated_Source\PSoC4/StripLights_fonts.c **** 	0x21, 0x41, 0x45, 0x4B, 0x31,// 3
  48:.\Generated_Source\PSoC4/StripLights_fonts.c **** 	0x18, 0x14, 0x12, 0x7F, 0x10,// 4
  49:.\Generated_Source\PSoC4/StripLights_fonts.c **** 	0x27, 0x45, 0x45, 0x45, 0x39,// 5
  50:.\Generated_Source\PSoC4/StripLights_fonts.c **** 	0x3C, 0x4A, 0x49, 0x49, 0x30,// 6
  51:.\Generated_Source\PSoC4/StripLights_fonts.c **** 	0x01, 0x71, 0x09, 0x05, 0x03,// 7
  52:.\Generated_Source\PSoC4/StripLights_fonts.c **** 	0x36, 0x49, 0x49, 0x49, 0x36,// 8
  53:.\Generated_Source\PSoC4/StripLights_fonts.c **** 	0x06, 0x49, 0x49, 0x29, 0x1E,// 9
  54:.\Generated_Source\PSoC4/StripLights_fonts.c **** 	0x00, 0x36, 0x36, 0x00, 0x00,// :
  55:.\Generated_Source\PSoC4/StripLights_fonts.c **** 	0x00, 0x56, 0x36, 0x00, 0x00,// ;
  56:.\Generated_Source\PSoC4/StripLights_fonts.c **** 	0x00, 0x08, 0x14, 0x22, 0x41,// <
  57:.\Generated_Source\PSoC4/StripLights_fonts.c **** 	0x14, 0x14, 0x14, 0x14, 0x14,// =
  58:.\Generated_Source\PSoC4/StripLights_fonts.c **** 	0x41, 0x22, 0x14, 0x08, 0x00,// >
  59:.\Generated_Source\PSoC4/StripLights_fonts.c **** 	0x02, 0x01, 0x51, 0x09, 0x06,// ?
  60:.\Generated_Source\PSoC4/StripLights_fonts.c **** 	0x32, 0x49, 0x79, 0x41, 0x3E,// @
  61:.\Generated_Source\PSoC4/StripLights_fonts.c **** 	0x7E, 0x11, 0x11, 0x11, 0x7E,// A
  62:.\Generated_Source\PSoC4/StripLights_fonts.c **** 	0x7F, 0x49, 0x49, 0x49, 0x36,// B
  63:.\Generated_Source\PSoC4/StripLights_fonts.c **** 	0x3E, 0x41, 0x41, 0x41, 0x22,// C
  64:.\Generated_Source\PSoC4/StripLights_fonts.c **** 	0x7F, 0x41, 0x41, 0x22, 0x1C,// D
  65:.\Generated_Source\PSoC4/StripLights_fonts.c **** 	0x7F, 0x49, 0x49, 0x49, 0x41,// E
  66:.\Generated_Source\PSoC4/StripLights_fonts.c **** 	0x7F, 0x09, 0x09, 0x01, 0x01,// F
  67:.\Generated_Source\PSoC4/StripLights_fonts.c **** 	0x3E, 0x41, 0x41, 0x51, 0x32,// G
  68:.\Generated_Source\PSoC4/StripLights_fonts.c **** 	0x7F, 0x08, 0x08, 0x08, 0x7F,// H
  69:.\Generated_Source\PSoC4/StripLights_fonts.c **** 	0x00, 0x41, 0x7F, 0x41, 0x00,// I
  70:.\Generated_Source\PSoC4/StripLights_fonts.c **** 	0x20, 0x40, 0x41, 0x3F, 0x01,// J
  71:.\Generated_Source\PSoC4/StripLights_fonts.c **** 	0x7F, 0x08, 0x14, 0x22, 0x41,// K
  72:.\Generated_Source\PSoC4/StripLights_fonts.c **** 	0x7F, 0x40, 0x40, 0x40, 0x40,// L
  73:.\Generated_Source\PSoC4/StripLights_fonts.c **** 	0x7F, 0x02, 0x04, 0x02, 0x7F,// M
  74:.\Generated_Source\PSoC4/StripLights_fonts.c **** 	0x7F, 0x04, 0x08, 0x10, 0x7F,// N
  75:.\Generated_Source\PSoC4/StripLights_fonts.c **** 	0x3E, 0x41, 0x41, 0x41, 0x3E,// O
  76:.\Generated_Source\PSoC4/StripLights_fonts.c **** 	0x7F, 0x09, 0x09, 0x09, 0x06,// P
  77:.\Generated_Source\PSoC4/StripLights_fonts.c **** 	0x3E, 0x41, 0x51, 0x21, 0x5E,// Q
  78:.\Generated_Source\PSoC4/StripLights_fonts.c **** 	0x7F, 0x09, 0x19, 0x29, 0x46,// R
  79:.\Generated_Source\PSoC4/StripLights_fonts.c **** 	0x46, 0x49, 0x49, 0x49, 0x31,// S
  80:.\Generated_Source\PSoC4/StripLights_fonts.c **** 	0x01, 0x01, 0x7F, 0x01, 0x01,// T
  81:.\Generated_Source\PSoC4/StripLights_fonts.c **** 	0x3F, 0x40, 0x40, 0x40, 0x3F,// U
  82:.\Generated_Source\PSoC4/StripLights_fonts.c **** 	0x1F, 0x20, 0x40, 0x20, 0x1F,// V
  83:.\Generated_Source\PSoC4/StripLights_fonts.c **** 	0x7F, 0x20, 0x18, 0x20, 0x7F,// W
  84:.\Generated_Source\PSoC4/StripLights_fonts.c **** 	0x63, 0x14, 0x08, 0x14, 0x63,// X
  85:.\Generated_Source\PSoC4/StripLights_fonts.c **** 	0x03, 0x04, 0x78, 0x04, 0x03,// Y
  86:.\Generated_Source\PSoC4/StripLights_fonts.c **** 	0x61, 0x51, 0x49, 0x45, 0x43,// Z
  87:.\Generated_Source\PSoC4/StripLights_fonts.c **** 	0x00, 0x00, 0x7F, 0x41, 0x41,// [
  88:.\Generated_Source\PSoC4/StripLights_fonts.c **** 	0x02, 0x04, 0x08, 0x10, 0x20,// "\"
  89:.\Generated_Source\PSoC4/StripLights_fonts.c **** 	0x41, 0x41, 0x7F, 0x00, 0x00,// ]
ARM GAS  C:\Users\JONSHA~1\AppData\Local\Temp\ccYAG4Ks.s 			page 3


  90:.\Generated_Source\PSoC4/StripLights_fonts.c **** 	0x04, 0x02, 0x01, 0x02, 0x04,// ^
  91:.\Generated_Source\PSoC4/StripLights_fonts.c **** 	0x40, 0x40, 0x40, 0x40, 0x40,// _
  92:.\Generated_Source\PSoC4/StripLights_fonts.c **** 	0x00, 0x01, 0x02, 0x04, 0x00,// `
  93:.\Generated_Source\PSoC4/StripLights_fonts.c **** 	0x20, 0x54, 0x54, 0x54, 0x78,// a
  94:.\Generated_Source\PSoC4/StripLights_fonts.c **** 	0x7F, 0x48, 0x44, 0x44, 0x38,// b
  95:.\Generated_Source\PSoC4/StripLights_fonts.c **** 	0x38, 0x44, 0x44, 0x44, 0x20,// c
  96:.\Generated_Source\PSoC4/StripLights_fonts.c **** 	0x38, 0x44, 0x44, 0x48, 0x7F,// d
  97:.\Generated_Source\PSoC4/StripLights_fonts.c **** 	0x38, 0x54, 0x54, 0x54, 0x18,// e
  98:.\Generated_Source\PSoC4/StripLights_fonts.c **** 	0x08, 0x7E, 0x09, 0x01, 0x02,// f
  99:.\Generated_Source\PSoC4/StripLights_fonts.c **** 	0x08, 0x14, 0x54, 0x54, 0x3C,// g
 100:.\Generated_Source\PSoC4/StripLights_fonts.c **** 	0x7F, 0x08, 0x04, 0x04, 0x78,// h
 101:.\Generated_Source\PSoC4/StripLights_fonts.c **** 	0x00, 0x44, 0x7D, 0x40, 0x00,// i
 102:.\Generated_Source\PSoC4/StripLights_fonts.c **** 	0x20, 0x40, 0x44, 0x3D, 0x00,// j
 103:.\Generated_Source\PSoC4/StripLights_fonts.c **** 	0x00, 0x7F, 0x10, 0x28, 0x44,// k
 104:.\Generated_Source\PSoC4/StripLights_fonts.c **** 	0x00, 0x41, 0x7F, 0x40, 0x00,// l
 105:.\Generated_Source\PSoC4/StripLights_fonts.c **** 	0x7C, 0x04, 0x18, 0x04, 0x78,// m
 106:.\Generated_Source\PSoC4/StripLights_fonts.c **** 	0x7C, 0x08, 0x04, 0x04, 0x78,// n
 107:.\Generated_Source\PSoC4/StripLights_fonts.c **** 	0x38, 0x44, 0x44, 0x44, 0x38,// o
 108:.\Generated_Source\PSoC4/StripLights_fonts.c **** 	0x7C, 0x14, 0x14, 0x14, 0x08,// p
 109:.\Generated_Source\PSoC4/StripLights_fonts.c **** 	0x08, 0x14, 0x14, 0x18, 0x7C,// q
 110:.\Generated_Source\PSoC4/StripLights_fonts.c **** 	0x7C, 0x08, 0x04, 0x04, 0x08,// r
 111:.\Generated_Source\PSoC4/StripLights_fonts.c **** 	0x48, 0x54, 0x54, 0x54, 0x20,// s
 112:.\Generated_Source\PSoC4/StripLights_fonts.c **** 	0x04, 0x3F, 0x44, 0x40, 0x20,// t
 113:.\Generated_Source\PSoC4/StripLights_fonts.c **** 	0x3C, 0x40, 0x40, 0x20, 0x7C,// u
 114:.\Generated_Source\PSoC4/StripLights_fonts.c **** 	0x1C, 0x20, 0x40, 0x20, 0x1C,// v
 115:.\Generated_Source\PSoC4/StripLights_fonts.c **** 	0x3C, 0x40, 0x30, 0x40, 0x3C,// w
 116:.\Generated_Source\PSoC4/StripLights_fonts.c **** 	0x44, 0x28, 0x10, 0x28, 0x44,// x
 117:.\Generated_Source\PSoC4/StripLights_fonts.c **** 	0x0C, 0x50, 0x50, 0x50, 0x3C,// y
 118:.\Generated_Source\PSoC4/StripLights_fonts.c **** 	0x44, 0x64, 0x54, 0x4C, 0x44,// z
 119:.\Generated_Source\PSoC4/StripLights_fonts.c **** 	0x00, 0x08, 0x36, 0x41, 0x00,// {
 120:.\Generated_Source\PSoC4/StripLights_fonts.c **** 	0x00, 0x00, 0x7F, 0x00, 0x00,// |
 121:.\Generated_Source\PSoC4/StripLights_fonts.c **** 	0x00, 0x41, 0x36, 0x08, 0x00,// }
 122:.\Generated_Source\PSoC4/StripLights_fonts.c **** 	0x08, 0x08, 0x2A, 0x1C, 0x08,// ->
 123:.\Generated_Source\PSoC4/StripLights_fonts.c **** 	0x08, 0x1C, 0x2A, 0x08, 0x08 // <-
 124:.\Generated_Source\PSoC4/StripLights_fonts.c **** };
 125:.\Generated_Source\PSoC4/StripLights_fonts.c **** 
 126:.\Generated_Source\PSoC4/StripLights_fonts.c **** 
 127:.\Generated_Source\PSoC4/StripLights_fonts.c **** /*******************************************************************************
 128:.\Generated_Source\PSoC4/StripLights_fonts.c **** * Function Name: StripLights_SetFont
 129:.\Generated_Source\PSoC4/StripLights_fonts.c **** ********************************************************************************
 130:.\Generated_Source\PSoC4/StripLights_fonts.c **** * Summary:
 131:.\Generated_Source\PSoC4/StripLights_fonts.c **** *   Set the specific font.  (Only one font supported at this time.)
 132:.\Generated_Source\PSoC4/StripLights_fonts.c **** *
 133:.\Generated_Source\PSoC4/StripLights_fonts.c **** * Parameters:  
 134:.\Generated_Source\PSoC4/StripLights_fonts.c **** *  uint32 font: Font to be selected 
 135:.\Generated_Source\PSoC4/StripLights_fonts.c **** *
 136:.\Generated_Source\PSoC4/StripLights_fonts.c **** * Return: 
 137:.\Generated_Source\PSoC4/StripLights_fonts.c **** *  void
 138:.\Generated_Source\PSoC4/StripLights_fonts.c **** *
 139:.\Generated_Source\PSoC4/StripLights_fonts.c **** *******************************************************************************/
 140:.\Generated_Source\PSoC4/StripLights_fonts.c **** void StripLights_SetFont( uint32 font)
 141:.\Generated_Source\PSoC4/StripLights_fonts.c **** {
  26              		.loc 1 141 0
  27              		.cfi_startproc
  28              	.LVL0:
 142:.\Generated_Source\PSoC4/StripLights_fonts.c ****     switch(font)
  29              		.loc 1 142 0
ARM GAS  C:\Users\JONSHA~1\AppData\Local\Temp\ccYAG4Ks.s 			page 4


  30 0000 0028     		cmp	r0, #0
  31 0002 0CD1     		bne	.L5
 143:.\Generated_Source\PSoC4/StripLights_fonts.c ****     {
 144:.\Generated_Source\PSoC4/StripLights_fonts.c ****        case StripLights_FONT_5X7:
 145:.\Generated_Source\PSoC4/StripLights_fonts.c ****            StripLights_fontPtr = StripLights_Font5x7;
  32              		.loc 1 145 0
  33 0004 0C4A     		ldr	r2, .L6
  34 0006 0D4B     		ldr	r3, .L6+4
  35 0008 1A60     		str	r2, [r3]
 146:.\Generated_Source\PSoC4/StripLights_fonts.c ****            StripLights_fontX = StripLights_Font5x7_XSIZE;
  36              		.loc 1 146 0
  37 000a 0522     		mov	r2, #5
  38 000c 0C4B     		ldr	r3, .L6+8
  39 000e 1A60     		str	r2, [r3]
 147:.\Generated_Source\PSoC4/StripLights_fonts.c ****            StripLights_fontY = StripLights_Font5x7_YSIZE;
  40              		.loc 1 147 0
  41 0010 0232     		add	r2, r2, #2
  42 0012 0C4B     		ldr	r3, .L6+12
  43 0014 1A60     		str	r2, [r3]
 148:.\Generated_Source\PSoC4/StripLights_fonts.c ****            StripLights_fontOffset = StripLights_Font5x7_OFFSET;
  44              		.loc 1 148 0
  45 0016 1932     		add	r2, r2, #25
  46 0018 0B4B     		ldr	r3, .L6+16
  47 001a 1A60     		str	r2, [r3]
 149:.\Generated_Source\PSoC4/StripLights_fonts.c ****            break;
  48              		.loc 1 149 0
  49 001c 0BE0     		b	.L1
  50              	.L5:
 150:.\Generated_Source\PSoC4/StripLights_fonts.c ****            
 151:.\Generated_Source\PSoC4/StripLights_fonts.c ****        default:
 152:.\Generated_Source\PSoC4/StripLights_fonts.c ****            StripLights_fontPtr = StripLights_Font5x7;
  51              		.loc 1 152 0
  52 001e 064A     		ldr	r2, .L6
  53 0020 064B     		ldr	r3, .L6+4
  54 0022 1A60     		str	r2, [r3]
 153:.\Generated_Source\PSoC4/StripLights_fonts.c ****            StripLights_fontX = StripLights_Font5x7_XSIZE;
  55              		.loc 1 153 0
  56 0024 0522     		mov	r2, #5
  57 0026 064B     		ldr	r3, .L6+8
  58 0028 1A60     		str	r2, [r3]
 154:.\Generated_Source\PSoC4/StripLights_fonts.c ****            StripLights_fontY = StripLights_Font5x7_YSIZE;
  59              		.loc 1 154 0
  60 002a 0232     		add	r2, r2, #2
  61 002c 054B     		ldr	r3, .L6+12
  62 002e 1A60     		str	r2, [r3]
 155:.\Generated_Source\PSoC4/StripLights_fonts.c ****            StripLights_fontOffset = StripLights_Font5x7_OFFSET;
  63              		.loc 1 155 0
  64 0030 1932     		add	r2, r2, #25
  65 0032 054B     		ldr	r3, .L6+16
  66 0034 1A60     		str	r2, [r3]
  67              	.L1:
 156:.\Generated_Source\PSoC4/StripLights_fonts.c ****            break;
 157:.\Generated_Source\PSoC4/StripLights_fonts.c ****     }
 158:.\Generated_Source\PSoC4/StripLights_fonts.c **** }
  68              		.loc 1 158 0
  69              		@ sp needed
  70 0036 7047     		bx	lr
ARM GAS  C:\Users\JONSHA~1\AppData\Local\Temp\ccYAG4Ks.s 			page 5


  71              	.L7:
  72              		.align	2
  73              	.L6:
  74 0038 00000000 		.word	.LANCHOR0
  75 003c 00000000 		.word	StripLights_fontPtr
  76 0040 00000000 		.word	StripLights_fontX
  77 0044 00000000 		.word	StripLights_fontY
  78 0048 00000000 		.word	StripLights_fontOffset
  79              		.cfi_endproc
  80              	.LFE34:
  81              		.size	StripLights_SetFont, .-StripLights_SetFont
  82              		.section	.text.StripLights_PutChar,"ax",%progbits
  83              		.align	2
  84              		.global	StripLights_PutChar
  85              		.code	16
  86              		.thumb_func
  87              		.type	StripLights_PutChar, %function
  88              	StripLights_PutChar:
  89              	.LFB36:
 159:.\Generated_Source\PSoC4/StripLights_fonts.c **** 
 160:.\Generated_Source\PSoC4/StripLights_fonts.c **** 
 161:.\Generated_Source\PSoC4/StripLights_fonts.c **** /*******************************************************************************
 162:.\Generated_Source\PSoC4/StripLights_fonts.c **** * Function Name: StripLights_PrintString
 163:.\Generated_Source\PSoC4/StripLights_fonts.c **** ********************************************************************************
 164:.\Generated_Source\PSoC4/StripLights_fonts.c **** * Summary:
 165:.\Generated_Source\PSoC4/StripLights_fonts.c **** *   Print string at the given location.
 166:.\Generated_Source\PSoC4/StripLights_fonts.c **** *
 167:.\Generated_Source\PSoC4/StripLights_fonts.c **** * Parameters:  
 168:.\Generated_Source\PSoC4/StripLights_fonts.c **** *  uint32 xpos: X location at which to start string.
 169:.\Generated_Source\PSoC4/StripLights_fonts.c **** *  uint32 ypos: Upper Y location to place string.
 170:.\Generated_Source\PSoC4/StripLights_fonts.c **** *  char * theString:  The string to print.
 171:.\Generated_Source\PSoC4/StripLights_fonts.c **** *  uint32 fg: The forground fount color.
 172:.\Generated_Source\PSoC4/StripLights_fonts.c **** *  uint32 bg: Background color
 173:.\Generated_Source\PSoC4/StripLights_fonts.c **** *
 174:.\Generated_Source\PSoC4/StripLights_fonts.c **** * Return: 
 175:.\Generated_Source\PSoC4/StripLights_fonts.c **** *  void
 176:.\Generated_Source\PSoC4/StripLights_fonts.c **** *
 177:.\Generated_Source\PSoC4/StripLights_fonts.c **** *******************************************************************************/
 178:.\Generated_Source\PSoC4/StripLights_fonts.c **** void StripLights_PrintString(int32 xpos, int32 ypos, char * theString, uint32 fg, uint32 bg)
 179:.\Generated_Source\PSoC4/StripLights_fonts.c **** {
 180:.\Generated_Source\PSoC4/StripLights_fonts.c ****     uint32 strPos = 0;
 181:.\Generated_Source\PSoC4/StripLights_fonts.c ****     uint32 yStop;
 182:.\Generated_Source\PSoC4/StripLights_fonts.c ****     
 183:.\Generated_Source\PSoC4/StripLights_fonts.c ****     yStop = ypos + StripLights_fontY;
 184:.\Generated_Source\PSoC4/StripLights_fonts.c ****     if(yStop > StripLights_MAX_Y) yStop = StripLights_MAX_Y;
 185:.\Generated_Source\PSoC4/StripLights_fonts.c ****     
 186:.\Generated_Source\PSoC4/StripLights_fonts.c ****     while(theString[strPos] != 0)
 187:.\Generated_Source\PSoC4/StripLights_fonts.c ****     {
 188:.\Generated_Source\PSoC4/StripLights_fonts.c **** 		// Print character
 189:.\Generated_Source\PSoC4/StripLights_fonts.c ****         if(fg == StripLights_COLORWHEEL_FONT)
 190:.\Generated_Source\PSoC4/StripLights_fonts.c ****         {
 191:.\Generated_Source\PSoC4/StripLights_fonts.c ****             StripLights_PutChar(xpos, ypos, theString[strPos], StripLights_ColorInc(1), bg);
 192:.\Generated_Source\PSoC4/StripLights_fonts.c ****         }
 193:.\Generated_Source\PSoC4/StripLights_fonts.c ****         else
 194:.\Generated_Source\PSoC4/StripLights_fonts.c ****         {
 195:.\Generated_Source\PSoC4/StripLights_fonts.c ****             StripLights_PutChar(xpos, ypos, theString[strPos], fg, bg);
 196:.\Generated_Source\PSoC4/StripLights_fonts.c ****         }
ARM GAS  C:\Users\JONSHA~1\AppData\Local\Temp\ccYAG4Ks.s 			page 6


 197:.\Generated_Source\PSoC4/StripLights_fonts.c ****         strPos++;   // Advance to next character
 198:.\Generated_Source\PSoC4/StripLights_fonts.c ****         xpos += StripLights_fontX;  // Advance to next x location for next character
 199:.\Generated_Source\PSoC4/StripLights_fonts.c **** 		
 200:.\Generated_Source\PSoC4/StripLights_fonts.c **** 		// If not last character clear out area between characters.
 201:.\Generated_Source\PSoC4/StripLights_fonts.c ****         if(theString[strPos] != 0)
 202:.\Generated_Source\PSoC4/StripLights_fonts.c ****         {
 203:.\Generated_Source\PSoC4/StripLights_fonts.c **** 			if(bg != StripLights_TRANS_BG)
 204:.\Generated_Source\PSoC4/StripLights_fonts.c **** 			{
 205:.\Generated_Source\PSoC4/StripLights_fonts.c **** 			     StripLights_DrawLine(xpos, ypos, xpos, ypos+StripLights_fontY, bg);
 206:.\Generated_Source\PSoC4/StripLights_fonts.c **** 			}
 207:.\Generated_Source\PSoC4/StripLights_fonts.c ****         }
 208:.\Generated_Source\PSoC4/StripLights_fonts.c ****         xpos++;
 209:.\Generated_Source\PSoC4/StripLights_fonts.c ****     }
 210:.\Generated_Source\PSoC4/StripLights_fonts.c **** 	if(bg != StripLights_TRANS_BG)
 211:.\Generated_Source\PSoC4/StripLights_fonts.c **** 	{
 212:.\Generated_Source\PSoC4/StripLights_fonts.c ****         StripLights_DrawLine(xpos-1, ypos, xpos-1, ypos+StripLights_fontY, bg);
 213:.\Generated_Source\PSoC4/StripLights_fonts.c **** 	}
 214:.\Generated_Source\PSoC4/StripLights_fonts.c **** }
 215:.\Generated_Source\PSoC4/StripLights_fonts.c **** 
 216:.\Generated_Source\PSoC4/StripLights_fonts.c **** /*******************************************************************************
 217:.\Generated_Source\PSoC4/StripLights_fonts.c **** * Function Name: StripLights_PutChar
 218:.\Generated_Source\PSoC4/StripLights_fonts.c **** ********************************************************************************
 219:.\Generated_Source\PSoC4/StripLights_fonts.c **** * Summary:
 220:.\Generated_Source\PSoC4/StripLights_fonts.c **** *   Print character at the given location.
 221:.\Generated_Source\PSoC4/StripLights_fonts.c **** *
 222:.\Generated_Source\PSoC4/StripLights_fonts.c **** * Parameters:  
 223:.\Generated_Source\PSoC4/StripLights_fonts.c **** *  uint32 xpos: X location at which to start string.
 224:.\Generated_Source\PSoC4/StripLights_fonts.c **** *  uint32 ypos: Upper Y location to place string.
 225:.\Generated_Source\PSoC4/StripLights_fonts.c **** *  char theChar:  The character to print.
 226:.\Generated_Source\PSoC4/StripLights_fonts.c **** *  uint32 fg: The forground fount color.
 227:.\Generated_Source\PSoC4/StripLights_fonts.c **** *  uint32 bg: Background color
 228:.\Generated_Source\PSoC4/StripLights_fonts.c **** *
 229:.\Generated_Source\PSoC4/StripLights_fonts.c **** * Return: 
 230:.\Generated_Source\PSoC4/StripLights_fonts.c **** *  void
 231:.\Generated_Source\PSoC4/StripLights_fonts.c **** *
 232:.\Generated_Source\PSoC4/StripLights_fonts.c **** *******************************************************************************/
 233:.\Generated_Source\PSoC4/StripLights_fonts.c **** void StripLights_PutChar(int32 xpos, int32 ypos, uint8 theChar, uint32 fg, uint32 bg)
 234:.\Generated_Source\PSoC4/StripLights_fonts.c **** {
  90              		.loc 1 234 0
  91              		.cfi_startproc
  92              	.LVL1:
  93 0000 F0B5     		push	{r4, r5, r6, r7, lr}
  94              		.cfi_def_cfa_offset 20
  95              		.cfi_offset 4, -20
  96              		.cfi_offset 5, -16
  97              		.cfi_offset 6, -12
  98              		.cfi_offset 7, -8
  99              		.cfi_offset 14, -4
 100 0002 5F46     		mov	r7, fp
 101 0004 5646     		mov	r6, r10
 102 0006 4D46     		mov	r5, r9
 103 0008 E0B4     		push	{r5, r6, r7}
 104              		.cfi_def_cfa_offset 32
 105              		.cfi_offset 9, -32
 106              		.cfi_offset 10, -28
 107              		.cfi_offset 11, -24
 108 000a 82B0     		sub	sp, sp, #8
ARM GAS  C:\Users\JONSHA~1\AppData\Local\Temp\ccYAG4Ks.s 			page 7


 109              		.cfi_def_cfa_offset 40
 110 000c 061C     		mov	r6, r0
 111 000e 0191     		str	r1, [sp, #4]
 112 0010 0093     		str	r3, [sp]
 113 0012 0A9B     		ldr	r3, [sp, #40]
 114              	.LVL2:
 115 0014 9A46     		mov	r10, r3
 235:.\Generated_Source\PSoC4/StripLights_fonts.c ****     int32 x,y, fp;
 236:.\Generated_Source\PSoC4/StripLights_fonts.c ****     uint8 mask;
 237:.\Generated_Source\PSoC4/StripLights_fonts.c ****     int32 yStop, xStop;
 238:.\Generated_Source\PSoC4/StripLights_fonts.c ****    
 239:.\Generated_Source\PSoC4/StripLights_fonts.c ****     fp = (theChar - StripLights_fontOffset) * StripLights_fontX;
 116              		.loc 1 239 0
 117 0016 214B     		ldr	r3, .L19
 118 0018 1B68     		ldr	r3, [r3]
 119 001a D21A     		sub	r2, r2, r3
 120              	.LVL3:
 121 001c 204B     		ldr	r3, .L19+4
 122 001e 1B68     		ldr	r3, [r3]
 123 0020 5A43     		mul	r2, r3
 124 0022 9146     		mov	r9, r2
 125              	.LVL4:
 240:.\Generated_Source\PSoC4/StripLights_fonts.c ****    
 241:.\Generated_Source\PSoC4/StripLights_fonts.c ****     xStop = xpos + StripLights_fontX;
 126              		.loc 1 241 0
 127 0024 9B46     		mov	fp, r3
 128 0026 8344     		add	fp, fp, r0
 129              	.LVL5:
 242:.\Generated_Source\PSoC4/StripLights_fonts.c ****     if(xStop > StripLights_MAX_X) xStop = StripLights_MAX_X;
 130              		.loc 1 242 0
 131 0028 5B46     		mov	r3, fp
 132 002a EF2B     		cmp	r3, #239
 133 002c 01DD     		ble	.L9
 134 002e EF23     		mov	r3, #239
 135 0030 9B46     		mov	fp, r3
 136              	.LVL6:
 137              	.L9:
 243:.\Generated_Source\PSoC4/StripLights_fonts.c ****    
 244:.\Generated_Source\PSoC4/StripLights_fonts.c ****     yStop = ypos + StripLights_fontY;
 138              		.loc 1 244 0
 139 0032 1C4B     		ldr	r3, .L19+8
 140 0034 1B68     		ldr	r3, [r3]
 141 0036 019A     		ldr	r2, [sp, #4]
 142              	.LVL7:
 143 0038 D718     		add	r7, r2, r3
 144              	.LVL8:
 245:.\Generated_Source\PSoC4/StripLights_fonts.c ****     if(yStop > StripLights_MAX_Y) yStop = StripLights_MAX_Y;
 145              		.loc 1 245 0
 146 003a 002F     		cmp	r7, #0
 147 003c 26DD     		ble	.L11
 148 003e 0027     		mov	r7, #0
 149              	.LVL9:
 246:.\Generated_Source\PSoC4/StripLights_fonts.c ****    
 247:.\Generated_Source\PSoC4/StripLights_fonts.c ****     for( x = xpos; x < xStop; x++)
 150              		.loc 1 247 0
 151 0040 24E0     		b	.L11
 152              	.LVL10:
ARM GAS  C:\Users\JONSHA~1\AppData\Local\Temp\ccYAG4Ks.s 			page 8


 153              	.L14:
 248:.\Generated_Source\PSoC4/StripLights_fonts.c ****     {
 249:.\Generated_Source\PSoC4/StripLights_fonts.c ****         mask = 0x01;
 250:.\Generated_Source\PSoC4/StripLights_fonts.c ****         for(y = ypos; y <= yStop; y++)
 251:.\Generated_Source\PSoC4/StripLights_fonts.c ****         {
 252:.\Generated_Source\PSoC4/StripLights_fonts.c ****             if((y >= 0) && (x >= 0))
 154              		.loc 1 252 0
 155 0042 002D     		cmp	r5, #0
 156 0044 16DB     		blt	.L12
 157              		.loc 1 252 0 is_stmt 0 discriminator 1
 158 0046 002E     		cmp	r6, #0
 159 0048 14DB     		blt	.L12
 253:.\Generated_Source\PSoC4/StripLights_fonts.c ****             {
 254:.\Generated_Source\PSoC4/StripLights_fonts.c ****                 if(mask & StripLights_fontPtr[fp])
 160              		.loc 1 254 0 is_stmt 1
 161 004a 174B     		ldr	r3, .L19+12
 162 004c 1B68     		ldr	r3, [r3]
 163 004e 4A46     		mov	r2, r9
 164 0050 9B5C     		ldrb	r3, [r3, r2]
 165 0052 1C42     		tst	r4, r3
 166 0054 05D0     		beq	.L13
 167              	.LVL11:
 255:.\Generated_Source\PSoC4/StripLights_fonts.c ****                 { 
 256:.\Generated_Source\PSoC4/StripLights_fonts.c **** 				     StripLights_Pixel( x, y, fg);
 168              		.loc 1 256 0
 169 0056 301C     		mov	r0, r6
 170 0058 291C     		mov	r1, r5
 171 005a 009A     		ldr	r2, [sp]
 172              	.LVL12:
 173 005c FFF7FEFF 		bl	StripLights_Pixel
 174              	.LVL13:
 175 0060 08E0     		b	.L12
 176              	.LVL14:
 177              	.L13:
 257:.\Generated_Source\PSoC4/StripLights_fonts.c ****                 }
 258:.\Generated_Source\PSoC4/StripLights_fonts.c ****                 else
 259:.\Generated_Source\PSoC4/StripLights_fonts.c ****                 {
 260:.\Generated_Source\PSoC4/StripLights_fonts.c **** 					if(bg != StripLights_TRANS_BG)
 178              		.loc 1 260 0
 179 0062 FF23     		mov	r3, #255
 180 0064 1B06     		lsl	r3, r3, #24
 181 0066 9A45     		cmp	r10, r3
 182 0068 04D0     		beq	.L12
 261:.\Generated_Source\PSoC4/StripLights_fonts.c **** 					{
 262:.\Generated_Source\PSoC4/StripLights_fonts.c **** 				        StripLights_Pixel( x, y, bg);
 183              		.loc 1 262 0
 184 006a 301C     		mov	r0, r6
 185 006c 291C     		mov	r1, r5
 186 006e 5246     		mov	r2, r10
 187              	.LVL15:
 188 0070 FFF7FEFF 		bl	StripLights_Pixel
 189              	.LVL16:
 190              	.L12:
 263:.\Generated_Source\PSoC4/StripLights_fonts.c **** 					}
 264:.\Generated_Source\PSoC4/StripLights_fonts.c ****                 }
 265:.\Generated_Source\PSoC4/StripLights_fonts.c ****             }
 266:.\Generated_Source\PSoC4/StripLights_fonts.c ****             mask = mask << 1;
ARM GAS  C:\Users\JONSHA~1\AppData\Local\Temp\ccYAG4Ks.s 			page 9


 191              		.loc 1 266 0 discriminator 2
 192 0074 6400     		lsl	r4, r4, #1
 193              	.LVL17:
 194 0076 E4B2     		uxtb	r4, r4
 195              	.LVL18:
 250:.\Generated_Source\PSoC4/StripLights_fonts.c ****         {
 196              		.loc 1 250 0 discriminator 2
 197 0078 0135     		add	r5, r5, #1
 198              	.LVL19:
 199 007a 01E0     		b	.L15
 200              	.LVL20:
 201              	.L18:
 202 007c 019D     		ldr	r5, [sp, #4]
 203 007e 0124     		mov	r4, #1
 204              	.L15:
 205              	.LVL21:
 250:.\Generated_Source\PSoC4/StripLights_fonts.c ****         {
 206              		.loc 1 250 0 is_stmt 0 discriminator 1
 207 0080 BD42     		cmp	r5, r7
 208 0082 DEDD     		ble	.L14
 267:.\Generated_Source\PSoC4/StripLights_fonts.c ****         }
 268:.\Generated_Source\PSoC4/StripLights_fonts.c ****         fp++;
 209              		.loc 1 268 0 is_stmt 1 discriminator 2
 210 0084 0123     		mov	r3, #1
 211 0086 9C46     		mov	ip, r3
 212 0088 E144     		add	r9, r9, ip
 213              	.LVL22:
 247:.\Generated_Source\PSoC4/StripLights_fonts.c ****     {
 214              		.loc 1 247 0 discriminator 2
 215 008a 0136     		add	r6, r6, #1
 216              	.LVL23:
 217              	.L11:
 247:.\Generated_Source\PSoC4/StripLights_fonts.c ****     {
 218              		.loc 1 247 0 is_stmt 0 discriminator 1
 219 008c 5E45     		cmp	r6, fp
 220 008e F5DB     		blt	.L18
 269:.\Generated_Source\PSoC4/StripLights_fonts.c ****     }
 270:.\Generated_Source\PSoC4/StripLights_fonts.c **** }
 221              		.loc 1 270 0 is_stmt 1
 222 0090 02B0     		add	sp, sp, #8
 223              	.LVL24:
 224              		@ sp needed
 225              	.LVL25:
 226              	.LVL26:
 227              	.LVL27:
 228              	.LVL28:
 229 0092 1CBC     		pop	{r2, r3, r4}
 230 0094 9146     		mov	r9, r2
 231 0096 9A46     		mov	r10, r3
 232 0098 A346     		mov	fp, r4
 233 009a F0BD     		pop	{r4, r5, r6, r7, pc}
 234              	.L20:
 235              		.align	2
 236              	.L19:
 237 009c 00000000 		.word	StripLights_fontOffset
 238 00a0 00000000 		.word	StripLights_fontX
 239 00a4 00000000 		.word	StripLights_fontY
ARM GAS  C:\Users\JONSHA~1\AppData\Local\Temp\ccYAG4Ks.s 			page 10


 240 00a8 00000000 		.word	StripLights_fontPtr
 241              		.cfi_endproc
 242              	.LFE36:
 243              		.size	StripLights_PutChar, .-StripLights_PutChar
 244              		.section	.text.StripLights_PrintString,"ax",%progbits
 245              		.align	2
 246              		.global	StripLights_PrintString
 247              		.code	16
 248              		.thumb_func
 249              		.type	StripLights_PrintString, %function
 250              	StripLights_PrintString:
 251              	.LFB35:
 179:.\Generated_Source\PSoC4/StripLights_fonts.c ****     uint32 strPos = 0;
 252              		.loc 1 179 0
 253              		.cfi_startproc
 254              	.LVL29:
 255 0000 F0B5     		push	{r4, r5, r6, r7, lr}
 256              		.cfi_def_cfa_offset 20
 257              		.cfi_offset 4, -20
 258              		.cfi_offset 5, -16
 259              		.cfi_offset 6, -12
 260              		.cfi_offset 7, -8
 261              		.cfi_offset 14, -4
 262 0002 5746     		mov	r7, r10
 263 0004 4646     		mov	r6, r8
 264 0006 C0B4     		push	{r6, r7}
 265              		.cfi_def_cfa_offset 28
 266              		.cfi_offset 8, -28
 267              		.cfi_offset 10, -24
 268 0008 85B0     		sub	sp, sp, #20
 269              		.cfi_def_cfa_offset 48
 270 000a 041C     		mov	r4, r0
 271 000c 0391     		str	r1, [sp, #12]
 272 000e 9046     		mov	r8, r2
 273 0010 9A46     		mov	r10, r3
 274 0012 0C9E     		ldr	r6, [sp, #48]
 275              	.LVL30:
 180:.\Generated_Source\PSoC4/StripLights_fonts.c ****     uint32 yStop;
 276              		.loc 1 180 0
 277 0014 0025     		mov	r5, #0
 278 0016 2CE0     		b	.L22
 279              	.LVL31:
 280              	.L26:
 189:.\Generated_Source\PSoC4/StripLights_fonts.c ****         {
 281              		.loc 1 189 0
 282 0018 8023     		mov	r3, #128
 283              	.LVL32:
 284 001a 1B06     		lsl	r3, r3, #24
 285 001c 9A45     		cmp	r10, r3
 286 001e 0AD1     		bne	.L23
 191:.\Generated_Source\PSoC4/StripLights_fonts.c ****         }
 287              		.loc 1 191 0
 288 0020 0120     		mov	r0, #1
 289 0022 FFF7FEFF 		bl	StripLights_ColorInc
 290              	.LVL33:
 291 0026 031C     		mov	r3, r0
 292 0028 0096     		str	r6, [sp]
ARM GAS  C:\Users\JONSHA~1\AppData\Local\Temp\ccYAG4Ks.s 			page 11


 293 002a 201C     		mov	r0, r4
 294 002c 0399     		ldr	r1, [sp, #12]
 295 002e 3A1C     		mov	r2, r7
 296 0030 FFF7FEFF 		bl	StripLights_PutChar
 297              	.LVL34:
 298 0034 06E0     		b	.L24
 299              	.L23:
 195:.\Generated_Source\PSoC4/StripLights_fonts.c ****         }
 300              		.loc 1 195 0
 301 0036 0096     		str	r6, [sp]
 302 0038 201C     		mov	r0, r4
 303 003a 0399     		ldr	r1, [sp, #12]
 304 003c 3A1C     		mov	r2, r7
 305 003e 5346     		mov	r3, r10
 306 0040 FFF7FEFF 		bl	StripLights_PutChar
 307              	.LVL35:
 308              	.L24:
 197:.\Generated_Source\PSoC4/StripLights_fonts.c ****         xpos += StripLights_fontX;  // Advance to next x location for next character
 309              		.loc 1 197 0
 310 0044 0135     		add	r5, r5, #1
 311              	.LVL36:
 198:.\Generated_Source\PSoC4/StripLights_fonts.c **** 		
 312              		.loc 1 198 0
 313 0046 164B     		ldr	r3, .L28
 314 0048 1A68     		ldr	r2, [r3]
 315 004a A418     		add	r4, r4, r2
 316              	.LVL37:
 201:.\Generated_Source\PSoC4/StripLights_fonts.c ****         {
 317              		.loc 1 201 0
 318 004c 4346     		mov	r3, r8
 319 004e 5B5D     		ldrb	r3, [r3, r5]
 320 0050 002B     		cmp	r3, #0
 321 0052 0DD0     		beq	.L25
 203:.\Generated_Source\PSoC4/StripLights_fonts.c **** 			{
 322              		.loc 1 203 0
 323 0054 FF23     		mov	r3, #255
 324 0056 1B06     		lsl	r3, r3, #24
 325 0058 9E42     		cmp	r6, r3
 326 005a 09D0     		beq	.L25
 205:.\Generated_Source\PSoC4/StripLights_fonts.c **** 			}
 327              		.loc 1 205 0
 328 005c 114B     		ldr	r3, .L28+4
 329 005e 1B68     		ldr	r3, [r3]
 330 0060 0399     		ldr	r1, [sp, #12]
 331 0062 8C46     		mov	ip, r1
 332 0064 6344     		add	r3, r3, ip
 333 0066 0096     		str	r6, [sp]
 334 0068 201C     		mov	r0, r4
 335 006a 221C     		mov	r2, r4
 336 006c FFF7FEFF 		bl	StripLights_DrawLine
 337              	.LVL38:
 338              	.L25:
 208:.\Generated_Source\PSoC4/StripLights_fonts.c ****     }
 339              		.loc 1 208 0
 340 0070 0134     		add	r4, r4, #1
 341              	.LVL39:
 342              	.L22:
ARM GAS  C:\Users\JONSHA~1\AppData\Local\Temp\ccYAG4Ks.s 			page 12


 186:.\Generated_Source\PSoC4/StripLights_fonts.c ****     {
 343              		.loc 1 186 0
 344 0072 4346     		mov	r3, r8
 345 0074 5F5D     		ldrb	r7, [r3, r5]
 346 0076 002F     		cmp	r7, #0
 347 0078 CED1     		bne	.L26
 348              	.LVL40:
 210:.\Generated_Source\PSoC4/StripLights_fonts.c **** 	{
 349              		.loc 1 210 0
 350 007a FF23     		mov	r3, #255
 351              	.LVL41:
 352 007c 1B06     		lsl	r3, r3, #24
 353 007e 9E42     		cmp	r6, r3
 354 0080 09D0     		beq	.L21
 212:.\Generated_Source\PSoC4/StripLights_fonts.c **** 	}
 355              		.loc 1 212 0
 356 0082 621E     		sub	r2, r4, #1
 357 0084 074B     		ldr	r3, .L28+4
 358 0086 1B68     		ldr	r3, [r3]
 359 0088 0399     		ldr	r1, [sp, #12]
 360 008a 8C46     		mov	ip, r1
 361 008c 6344     		add	r3, r3, ip
 362 008e 0096     		str	r6, [sp]
 363 0090 101C     		mov	r0, r2
 364 0092 FFF7FEFF 		bl	StripLights_DrawLine
 365              	.LVL42:
 366              	.L21:
 214:.\Generated_Source\PSoC4/StripLights_fonts.c **** 
 367              		.loc 1 214 0
 368 0096 05B0     		add	sp, sp, #20
 369              		@ sp needed
 370              	.LVL43:
 371              	.LVL44:
 372              	.LVL45:
 373              	.LVL46:
 374 0098 0CBC     		pop	{r2, r3}
 375 009a 9046     		mov	r8, r2
 376 009c 9A46     		mov	r10, r3
 377 009e F0BD     		pop	{r4, r5, r6, r7, pc}
 378              	.L29:
 379              		.align	2
 380              	.L28:
 381 00a0 00000000 		.word	StripLights_fontX
 382 00a4 00000000 		.word	StripLights_fontY
 383              		.cfi_endproc
 384              	.LFE35:
 385              		.size	StripLights_PrintString, .-StripLights_PrintString
 386              		.global	StripLights_Font5x7
 387              		.comm	StripLights_fontOffset,4,4
 388              		.comm	StripLights_fontY,4,4
 389              		.comm	StripLights_fontX,4,4
 390              		.comm	StripLights_fontPtr,4,4
 391              		.section	.rodata
 392              		.align	2
 393              		.set	.LANCHOR0,. + 0
 394              		.type	StripLights_Font5x7, %object
 395              		.size	StripLights_Font5x7, 480
ARM GAS  C:\Users\JONSHA~1\AppData\Local\Temp\ccYAG4Ks.s 			page 13


 396              	StripLights_Font5x7:
 397 0000 00       		.byte	0
 398 0001 00       		.byte	0
 399 0002 00       		.byte	0
 400 0003 00       		.byte	0
 401 0004 00       		.byte	0
 402 0005 00       		.byte	0
 403 0006 00       		.byte	0
 404 0007 5F       		.byte	95
 405 0008 00       		.byte	0
 406 0009 00       		.byte	0
 407 000a 00       		.byte	0
 408 000b 07       		.byte	7
 409 000c 00       		.byte	0
 410 000d 07       		.byte	7
 411 000e 00       		.byte	0
 412 000f 14       		.byte	20
 413 0010 7F       		.byte	127
 414 0011 14       		.byte	20
 415 0012 7F       		.byte	127
 416 0013 14       		.byte	20
 417 0014 24       		.byte	36
 418 0015 2A       		.byte	42
 419 0016 7F       		.byte	127
 420 0017 2A       		.byte	42
 421 0018 12       		.byte	18
 422 0019 23       		.byte	35
 423 001a 13       		.byte	19
 424 001b 08       		.byte	8
 425 001c 64       		.byte	100
 426 001d 62       		.byte	98
 427 001e 36       		.byte	54
 428 001f 49       		.byte	73
 429 0020 55       		.byte	85
 430 0021 22       		.byte	34
 431 0022 50       		.byte	80
 432 0023 00       		.byte	0
 433 0024 05       		.byte	5
 434 0025 03       		.byte	3
 435 0026 00       		.byte	0
 436 0027 00       		.byte	0
 437 0028 00       		.byte	0
 438 0029 1C       		.byte	28
 439 002a 22       		.byte	34
 440 002b 41       		.byte	65
 441 002c 00       		.byte	0
 442 002d 00       		.byte	0
 443 002e 41       		.byte	65
 444 002f 22       		.byte	34
 445 0030 1C       		.byte	28
 446 0031 00       		.byte	0
 447 0032 08       		.byte	8
 448 0033 2A       		.byte	42
 449 0034 1C       		.byte	28
 450 0035 2A       		.byte	42
 451 0036 08       		.byte	8
 452 0037 08       		.byte	8
ARM GAS  C:\Users\JONSHA~1\AppData\Local\Temp\ccYAG4Ks.s 			page 14


 453 0038 08       		.byte	8
 454 0039 3E       		.byte	62
 455 003a 08       		.byte	8
 456 003b 08       		.byte	8
 457 003c 00       		.byte	0
 458 003d 50       		.byte	80
 459 003e 30       		.byte	48
 460 003f 00       		.byte	0
 461 0040 00       		.byte	0
 462 0041 08       		.byte	8
 463 0042 08       		.byte	8
 464 0043 08       		.byte	8
 465 0044 08       		.byte	8
 466 0045 08       		.byte	8
 467 0046 00       		.byte	0
 468 0047 60       		.byte	96
 469 0048 60       		.byte	96
 470 0049 00       		.byte	0
 471 004a 00       		.byte	0
 472 004b 20       		.byte	32
 473 004c 10       		.byte	16
 474 004d 08       		.byte	8
 475 004e 04       		.byte	4
 476 004f 02       		.byte	2
 477 0050 3E       		.byte	62
 478 0051 51       		.byte	81
 479 0052 49       		.byte	73
 480 0053 45       		.byte	69
 481 0054 3E       		.byte	62
 482 0055 00       		.byte	0
 483 0056 42       		.byte	66
 484 0057 7F       		.byte	127
 485 0058 40       		.byte	64
 486 0059 00       		.byte	0
 487 005a 42       		.byte	66
 488 005b 61       		.byte	97
 489 005c 51       		.byte	81
 490 005d 49       		.byte	73
 491 005e 46       		.byte	70
 492 005f 21       		.byte	33
 493 0060 41       		.byte	65
 494 0061 45       		.byte	69
 495 0062 4B       		.byte	75
 496 0063 31       		.byte	49
 497 0064 18       		.byte	24
 498 0065 14       		.byte	20
 499 0066 12       		.byte	18
 500 0067 7F       		.byte	127
 501 0068 10       		.byte	16
 502 0069 27       		.byte	39
 503 006a 45       		.byte	69
 504 006b 45       		.byte	69
 505 006c 45       		.byte	69
 506 006d 39       		.byte	57
 507 006e 3C       		.byte	60
 508 006f 4A       		.byte	74
 509 0070 49       		.byte	73
ARM GAS  C:\Users\JONSHA~1\AppData\Local\Temp\ccYAG4Ks.s 			page 15


 510 0071 49       		.byte	73
 511 0072 30       		.byte	48
 512 0073 01       		.byte	1
 513 0074 71       		.byte	113
 514 0075 09       		.byte	9
 515 0076 05       		.byte	5
 516 0077 03       		.byte	3
 517 0078 36       		.byte	54
 518 0079 49       		.byte	73
 519 007a 49       		.byte	73
 520 007b 49       		.byte	73
 521 007c 36       		.byte	54
 522 007d 06       		.byte	6
 523 007e 49       		.byte	73
 524 007f 49       		.byte	73
 525 0080 29       		.byte	41
 526 0081 1E       		.byte	30
 527 0082 00       		.byte	0
 528 0083 36       		.byte	54
 529 0084 36       		.byte	54
 530 0085 00       		.byte	0
 531 0086 00       		.byte	0
 532 0087 00       		.byte	0
 533 0088 56       		.byte	86
 534 0089 36       		.byte	54
 535 008a 00       		.byte	0
 536 008b 00       		.byte	0
 537 008c 00       		.byte	0
 538 008d 08       		.byte	8
 539 008e 14       		.byte	20
 540 008f 22       		.byte	34
 541 0090 41       		.byte	65
 542 0091 14       		.byte	20
 543 0092 14       		.byte	20
 544 0093 14       		.byte	20
 545 0094 14       		.byte	20
 546 0095 14       		.byte	20
 547 0096 41       		.byte	65
 548 0097 22       		.byte	34
 549 0098 14       		.byte	20
 550 0099 08       		.byte	8
 551 009a 00       		.byte	0
 552 009b 02       		.byte	2
 553 009c 01       		.byte	1
 554 009d 51       		.byte	81
 555 009e 09       		.byte	9
 556 009f 06       		.byte	6
 557 00a0 32       		.byte	50
 558 00a1 49       		.byte	73
 559 00a2 79       		.byte	121
 560 00a3 41       		.byte	65
 561 00a4 3E       		.byte	62
 562 00a5 7E       		.byte	126
 563 00a6 11       		.byte	17
 564 00a7 11       		.byte	17
 565 00a8 11       		.byte	17
 566 00a9 7E       		.byte	126
ARM GAS  C:\Users\JONSHA~1\AppData\Local\Temp\ccYAG4Ks.s 			page 16


 567 00aa 7F       		.byte	127
 568 00ab 49       		.byte	73
 569 00ac 49       		.byte	73
 570 00ad 49       		.byte	73
 571 00ae 36       		.byte	54
 572 00af 3E       		.byte	62
 573 00b0 41       		.byte	65
 574 00b1 41       		.byte	65
 575 00b2 41       		.byte	65
 576 00b3 22       		.byte	34
 577 00b4 7F       		.byte	127
 578 00b5 41       		.byte	65
 579 00b6 41       		.byte	65
 580 00b7 22       		.byte	34
 581 00b8 1C       		.byte	28
 582 00b9 7F       		.byte	127
 583 00ba 49       		.byte	73
 584 00bb 49       		.byte	73
 585 00bc 49       		.byte	73
 586 00bd 41       		.byte	65
 587 00be 7F       		.byte	127
 588 00bf 09       		.byte	9
 589 00c0 09       		.byte	9
 590 00c1 01       		.byte	1
 591 00c2 01       		.byte	1
 592 00c3 3E       		.byte	62
 593 00c4 41       		.byte	65
 594 00c5 41       		.byte	65
 595 00c6 51       		.byte	81
 596 00c7 32       		.byte	50
 597 00c8 7F       		.byte	127
 598 00c9 08       		.byte	8
 599 00ca 08       		.byte	8
 600 00cb 08       		.byte	8
 601 00cc 7F       		.byte	127
 602 00cd 00       		.byte	0
 603 00ce 41       		.byte	65
 604 00cf 7F       		.byte	127
 605 00d0 41       		.byte	65
 606 00d1 00       		.byte	0
 607 00d2 20       		.byte	32
 608 00d3 40       		.byte	64
 609 00d4 41       		.byte	65
 610 00d5 3F       		.byte	63
 611 00d6 01       		.byte	1
 612 00d7 7F       		.byte	127
 613 00d8 08       		.byte	8
 614 00d9 14       		.byte	20
 615 00da 22       		.byte	34
 616 00db 41       		.byte	65
 617 00dc 7F       		.byte	127
 618 00dd 40       		.byte	64
 619 00de 40       		.byte	64
 620 00df 40       		.byte	64
 621 00e0 40       		.byte	64
 622 00e1 7F       		.byte	127
 623 00e2 02       		.byte	2
ARM GAS  C:\Users\JONSHA~1\AppData\Local\Temp\ccYAG4Ks.s 			page 17


 624 00e3 04       		.byte	4
 625 00e4 02       		.byte	2
 626 00e5 7F       		.byte	127
 627 00e6 7F       		.byte	127
 628 00e7 04       		.byte	4
 629 00e8 08       		.byte	8
 630 00e9 10       		.byte	16
 631 00ea 7F       		.byte	127
 632 00eb 3E       		.byte	62
 633 00ec 41       		.byte	65
 634 00ed 41       		.byte	65
 635 00ee 41       		.byte	65
 636 00ef 3E       		.byte	62
 637 00f0 7F       		.byte	127
 638 00f1 09       		.byte	9
 639 00f2 09       		.byte	9
 640 00f3 09       		.byte	9
 641 00f4 06       		.byte	6
 642 00f5 3E       		.byte	62
 643 00f6 41       		.byte	65
 644 00f7 51       		.byte	81
 645 00f8 21       		.byte	33
 646 00f9 5E       		.byte	94
 647 00fa 7F       		.byte	127
 648 00fb 09       		.byte	9
 649 00fc 19       		.byte	25
 650 00fd 29       		.byte	41
 651 00fe 46       		.byte	70
 652 00ff 46       		.byte	70
 653 0100 49       		.byte	73
 654 0101 49       		.byte	73
 655 0102 49       		.byte	73
 656 0103 31       		.byte	49
 657 0104 01       		.byte	1
 658 0105 01       		.byte	1
 659 0106 7F       		.byte	127
 660 0107 01       		.byte	1
 661 0108 01       		.byte	1
 662 0109 3F       		.byte	63
 663 010a 40       		.byte	64
 664 010b 40       		.byte	64
 665 010c 40       		.byte	64
 666 010d 3F       		.byte	63
 667 010e 1F       		.byte	31
 668 010f 20       		.byte	32
 669 0110 40       		.byte	64
 670 0111 20       		.byte	32
 671 0112 1F       		.byte	31
 672 0113 7F       		.byte	127
 673 0114 20       		.byte	32
 674 0115 18       		.byte	24
 675 0116 20       		.byte	32
 676 0117 7F       		.byte	127
 677 0118 63       		.byte	99
 678 0119 14       		.byte	20
 679 011a 08       		.byte	8
 680 011b 14       		.byte	20
ARM GAS  C:\Users\JONSHA~1\AppData\Local\Temp\ccYAG4Ks.s 			page 18


 681 011c 63       		.byte	99
 682 011d 03       		.byte	3
 683 011e 04       		.byte	4
 684 011f 78       		.byte	120
 685 0120 04       		.byte	4
 686 0121 03       		.byte	3
 687 0122 61       		.byte	97
 688 0123 51       		.byte	81
 689 0124 49       		.byte	73
 690 0125 45       		.byte	69
 691 0126 43       		.byte	67
 692 0127 00       		.byte	0
 693 0128 00       		.byte	0
 694 0129 7F       		.byte	127
 695 012a 41       		.byte	65
 696 012b 41       		.byte	65
 697 012c 02       		.byte	2
 698 012d 04       		.byte	4
 699 012e 08       		.byte	8
 700 012f 10       		.byte	16
 701 0130 20       		.byte	32
 702 0131 41       		.byte	65
 703 0132 41       		.byte	65
 704 0133 7F       		.byte	127
 705 0134 00       		.byte	0
 706 0135 00       		.byte	0
 707 0136 04       		.byte	4
 708 0137 02       		.byte	2
 709 0138 01       		.byte	1
 710 0139 02       		.byte	2
 711 013a 04       		.byte	4
 712 013b 40       		.byte	64
 713 013c 40       		.byte	64
 714 013d 40       		.byte	64
 715 013e 40       		.byte	64
 716 013f 40       		.byte	64
 717 0140 00       		.byte	0
 718 0141 01       		.byte	1
 719 0142 02       		.byte	2
 720 0143 04       		.byte	4
 721 0144 00       		.byte	0
 722 0145 20       		.byte	32
 723 0146 54       		.byte	84
 724 0147 54       		.byte	84
 725 0148 54       		.byte	84
 726 0149 78       		.byte	120
 727 014a 7F       		.byte	127
 728 014b 48       		.byte	72
 729 014c 44       		.byte	68
 730 014d 44       		.byte	68
 731 014e 38       		.byte	56
 732 014f 38       		.byte	56
 733 0150 44       		.byte	68
 734 0151 44       		.byte	68
 735 0152 44       		.byte	68
 736 0153 20       		.byte	32
 737 0154 38       		.byte	56
ARM GAS  C:\Users\JONSHA~1\AppData\Local\Temp\ccYAG4Ks.s 			page 19


 738 0155 44       		.byte	68
 739 0156 44       		.byte	68
 740 0157 48       		.byte	72
 741 0158 7F       		.byte	127
 742 0159 38       		.byte	56
 743 015a 54       		.byte	84
 744 015b 54       		.byte	84
 745 015c 54       		.byte	84
 746 015d 18       		.byte	24
 747 015e 08       		.byte	8
 748 015f 7E       		.byte	126
 749 0160 09       		.byte	9
 750 0161 01       		.byte	1
 751 0162 02       		.byte	2
 752 0163 08       		.byte	8
 753 0164 14       		.byte	20
 754 0165 54       		.byte	84
 755 0166 54       		.byte	84
 756 0167 3C       		.byte	60
 757 0168 7F       		.byte	127
 758 0169 08       		.byte	8
 759 016a 04       		.byte	4
 760 016b 04       		.byte	4
 761 016c 78       		.byte	120
 762 016d 00       		.byte	0
 763 016e 44       		.byte	68
 764 016f 7D       		.byte	125
 765 0170 40       		.byte	64
 766 0171 00       		.byte	0
 767 0172 20       		.byte	32
 768 0173 40       		.byte	64
 769 0174 44       		.byte	68
 770 0175 3D       		.byte	61
 771 0176 00       		.byte	0
 772 0177 00       		.byte	0
 773 0178 7F       		.byte	127
 774 0179 10       		.byte	16
 775 017a 28       		.byte	40
 776 017b 44       		.byte	68
 777 017c 00       		.byte	0
 778 017d 41       		.byte	65
 779 017e 7F       		.byte	127
 780 017f 40       		.byte	64
 781 0180 00       		.byte	0
 782 0181 7C       		.byte	124
 783 0182 04       		.byte	4
 784 0183 18       		.byte	24
 785 0184 04       		.byte	4
 786 0185 78       		.byte	120
 787 0186 7C       		.byte	124
 788 0187 08       		.byte	8
 789 0188 04       		.byte	4
 790 0189 04       		.byte	4
 791 018a 78       		.byte	120
 792 018b 38       		.byte	56
 793 018c 44       		.byte	68
 794 018d 44       		.byte	68
ARM GAS  C:\Users\JONSHA~1\AppData\Local\Temp\ccYAG4Ks.s 			page 20


 795 018e 44       		.byte	68
 796 018f 38       		.byte	56
 797 0190 7C       		.byte	124
 798 0191 14       		.byte	20
 799 0192 14       		.byte	20
 800 0193 14       		.byte	20
 801 0194 08       		.byte	8
 802 0195 08       		.byte	8
 803 0196 14       		.byte	20
 804 0197 14       		.byte	20
 805 0198 18       		.byte	24
 806 0199 7C       		.byte	124
 807 019a 7C       		.byte	124
 808 019b 08       		.byte	8
 809 019c 04       		.byte	4
 810 019d 04       		.byte	4
 811 019e 08       		.byte	8
 812 019f 48       		.byte	72
 813 01a0 54       		.byte	84
 814 01a1 54       		.byte	84
 815 01a2 54       		.byte	84
 816 01a3 20       		.byte	32
 817 01a4 04       		.byte	4
 818 01a5 3F       		.byte	63
 819 01a6 44       		.byte	68
 820 01a7 40       		.byte	64
 821 01a8 20       		.byte	32
 822 01a9 3C       		.byte	60
 823 01aa 40       		.byte	64
 824 01ab 40       		.byte	64
 825 01ac 20       		.byte	32
 826 01ad 7C       		.byte	124
 827 01ae 1C       		.byte	28
 828 01af 20       		.byte	32
 829 01b0 40       		.byte	64
 830 01b1 20       		.byte	32
 831 01b2 1C       		.byte	28
 832 01b3 3C       		.byte	60
 833 01b4 40       		.byte	64
 834 01b5 30       		.byte	48
 835 01b6 40       		.byte	64
 836 01b7 3C       		.byte	60
 837 01b8 44       		.byte	68
 838 01b9 28       		.byte	40
 839 01ba 10       		.byte	16
 840 01bb 28       		.byte	40
 841 01bc 44       		.byte	68
 842 01bd 0C       		.byte	12
 843 01be 50       		.byte	80
 844 01bf 50       		.byte	80
 845 01c0 50       		.byte	80
 846 01c1 3C       		.byte	60
 847 01c2 44       		.byte	68
 848 01c3 64       		.byte	100
 849 01c4 54       		.byte	84
 850 01c5 4C       		.byte	76
 851 01c6 44       		.byte	68
ARM GAS  C:\Users\JONSHA~1\AppData\Local\Temp\ccYAG4Ks.s 			page 21


 852 01c7 00       		.byte	0
 853 01c8 08       		.byte	8
 854 01c9 36       		.byte	54
 855 01ca 41       		.byte	65
 856 01cb 00       		.byte	0
 857 01cc 00       		.byte	0
 858 01cd 00       		.byte	0
 859 01ce 7F       		.byte	127
 860 01cf 00       		.byte	0
 861 01d0 00       		.byte	0
 862 01d1 00       		.byte	0
 863 01d2 41       		.byte	65
 864 01d3 36       		.byte	54
 865 01d4 08       		.byte	8
 866 01d5 00       		.byte	0
 867 01d6 08       		.byte	8
 868 01d7 08       		.byte	8
 869 01d8 2A       		.byte	42
 870 01d9 1C       		.byte	28
 871 01da 08       		.byte	8
 872 01db 08       		.byte	8
 873 01dc 1C       		.byte	28
 874 01dd 2A       		.byte	42
 875 01de 08       		.byte	8
 876 01df 08       		.byte	8
 877              		.text
 878              	.Letext0:
 879              		.file 2 "Generated_Source\\PSoC4/cytypes.h"
 880              		.file 3 "Generated_Source\\PSoC4/StripLights.h"
 881              		.section	.debug_info,"",%progbits
 882              	.Ldebug_info0:
 883 0000 B9030000 		.4byte	0x3b9
 884 0004 0400     		.2byte	0x4
 885 0006 00000000 		.4byte	.Ldebug_abbrev0
 886 000a 04       		.byte	0x4
 887 000b 01       		.uleb128 0x1
 888 000c B3010000 		.4byte	.LASF33
 889 0010 01       		.byte	0x1
 890 0011 40010000 		.4byte	.LASF34
 891 0015 3D000000 		.4byte	.LASF35
 892 0019 00000000 		.4byte	.Ldebug_ranges0+0
 893 001d 00000000 		.4byte	0
 894 0021 00000000 		.4byte	.Ldebug_line0
 895 0025 02       		.uleb128 0x2
 896 0026 01       		.byte	0x1
 897 0027 06       		.byte	0x6
 898 0028 73020000 		.4byte	.LASF0
 899 002c 02       		.uleb128 0x2
 900 002d 01       		.byte	0x1
 901 002e 08       		.byte	0x8
 902 002f BB000000 		.4byte	.LASF1
 903 0033 02       		.uleb128 0x2
 904 0034 02       		.byte	0x2
 905 0035 05       		.byte	0x5
 906 0036 55020000 		.4byte	.LASF2
 907 003a 02       		.uleb128 0x2
 908 003b 02       		.byte	0x2
ARM GAS  C:\Users\JONSHA~1\AppData\Local\Temp\ccYAG4Ks.s 			page 22


 909 003c 07       		.byte	0x7
 910 003d 93000000 		.4byte	.LASF3
 911 0041 02       		.uleb128 0x2
 912 0042 04       		.byte	0x4
 913 0043 05       		.byte	0x5
 914 0044 65020000 		.4byte	.LASF4
 915 0048 02       		.uleb128 0x2
 916 0049 04       		.byte	0x4
 917 004a 07       		.byte	0x7
 918 004b D3000000 		.4byte	.LASF5
 919 004f 02       		.uleb128 0x2
 920 0050 08       		.byte	0x8
 921 0051 05       		.byte	0x5
 922 0052 A0010000 		.4byte	.LASF6
 923 0056 02       		.uleb128 0x2
 924 0057 08       		.byte	0x8
 925 0058 07       		.byte	0x7
 926 0059 7A010000 		.4byte	.LASF7
 927 005d 03       		.uleb128 0x3
 928 005e 04       		.byte	0x4
 929 005f 05       		.byte	0x5
 930 0060 696E7400 		.ascii	"int\000"
 931 0064 02       		.uleb128 0x2
 932 0065 04       		.byte	0x4
 933 0066 07       		.byte	0x7
 934 0067 6D010000 		.4byte	.LASF8
 935 006b 04       		.uleb128 0x4
 936 006c 5F020000 		.4byte	.LASF9
 937 0070 02       		.byte	0x2
 938 0071 3801     		.2byte	0x138
 939 0073 2C000000 		.4byte	0x2c
 940 0077 04       		.uleb128 0x4
 941 0078 33010000 		.4byte	.LASF10
 942 007c 02       		.byte	0x2
 943 007d 3A01     		.2byte	0x13a
 944 007f 48000000 		.4byte	0x48
 945 0083 04       		.uleb128 0x4
 946 0084 E5000000 		.4byte	.LASF11
 947 0088 02       		.byte	0x2
 948 0089 3D01     		.2byte	0x13d
 949 008b 41000000 		.4byte	0x41
 950 008f 02       		.uleb128 0x2
 951 0090 04       		.byte	0x4
 952 0091 04       		.byte	0x4
 953 0092 B5000000 		.4byte	.LASF12
 954 0096 02       		.uleb128 0x2
 955 0097 08       		.byte	0x8
 956 0098 04       		.byte	0x4
 957 0099 03010000 		.4byte	.LASF13
 958 009d 02       		.uleb128 0x2
 959 009e 01       		.byte	0x1
 960 009f 08       		.byte	0x8
 961 00a0 6E020000 		.4byte	.LASF14
 962 00a4 02       		.uleb128 0x2
 963 00a5 04       		.byte	0x4
 964 00a6 07       		.byte	0x7
 965 00a7 97010000 		.4byte	.LASF15
ARM GAS  C:\Users\JONSHA~1\AppData\Local\Temp\ccYAG4Ks.s 			page 23


 966 00ab 05       		.uleb128 0x5
 967 00ac 04       		.byte	0x4
 968 00ad 9D000000 		.4byte	0x9d
 969 00b1 06       		.uleb128 0x6
 970 00b2 A6020000 		.4byte	.LASF16
 971 00b6 01       		.byte	0x1
 972 00b7 8C       		.byte	0x8c
 973 00b8 00000000 		.4byte	.LFB34
 974 00bc 4C000000 		.4byte	.LFE34-.LFB34
 975 00c0 01       		.uleb128 0x1
 976 00c1 9C       		.byte	0x9c
 977 00c2 D4000000 		.4byte	0xd4
 978 00c6 07       		.uleb128 0x7
 979 00c7 CE000000 		.4byte	.LASF18
 980 00cb 01       		.byte	0x1
 981 00cc 8C       		.byte	0x8c
 982 00cd 77000000 		.4byte	0x77
 983 00d1 01       		.uleb128 0x1
 984 00d2 50       		.byte	0x50
 985 00d3 00       		.byte	0
 986 00d4 06       		.uleb128 0x6
 987 00d5 41020000 		.4byte	.LASF17
 988 00d9 01       		.byte	0x1
 989 00da E9       		.byte	0xe9
 990 00db 00000000 		.4byte	.LFB36
 991 00df AC000000 		.4byte	.LFE36-.LFB36
 992 00e3 01       		.uleb128 0x1
 993 00e4 9C       		.byte	0x9c
 994 00e5 C4010000 		.4byte	0x1c4
 995 00e9 08       		.uleb128 0x8
 996 00ea 7C000000 		.4byte	.LASF19
 997 00ee 01       		.byte	0x1
 998 00ef E9       		.byte	0xe9
 999 00f0 83000000 		.4byte	0x83
 1000 00f4 00000000 		.4byte	.LLST0
 1001 00f8 08       		.uleb128 0x8
 1002 00f9 C9000000 		.4byte	.LASF20
 1003 00fd 01       		.byte	0x1
 1004 00fe E9       		.byte	0xe9
 1005 00ff 83000000 		.4byte	0x83
 1006 0103 21000000 		.4byte	.LLST1
 1007 0107 08       		.uleb128 0x8
 1008 0108 AD000000 		.4byte	.LASF21
 1009 010c 01       		.byte	0x1
 1010 010d E9       		.byte	0xe9
 1011 010e 6B000000 		.4byte	0x6b
 1012 0112 40000000 		.4byte	.LLST2
 1013 0116 09       		.uleb128 0x9
 1014 0117 666700   		.ascii	"fg\000"
 1015 011a 01       		.byte	0x1
 1016 011b E9       		.byte	0xe9
 1017 011c 77000000 		.4byte	0x77
 1018 0120 61000000 		.4byte	.LLST3
 1019 0124 0A       		.uleb128 0xa
 1020 0125 626700   		.ascii	"bg\000"
 1021 0128 01       		.byte	0x1
 1022 0129 E9       		.byte	0xe9
ARM GAS  C:\Users\JONSHA~1\AppData\Local\Temp\ccYAG4Ks.s 			page 24


 1023 012a 77000000 		.4byte	0x77
 1024 012e 02       		.uleb128 0x2
 1025 012f 91       		.byte	0x91
 1026 0130 00       		.sleb128 0
 1027 0131 0B       		.uleb128 0xb
 1028 0132 7800     		.ascii	"x\000"
 1029 0134 01       		.byte	0x1
 1030 0135 EB       		.byte	0xeb
 1031 0136 83000000 		.4byte	0x83
 1032 013a 8C000000 		.4byte	.LLST4
 1033 013e 0B       		.uleb128 0xb
 1034 013f 7900     		.ascii	"y\000"
 1035 0141 01       		.byte	0x1
 1036 0142 EB       		.byte	0xeb
 1037 0143 83000000 		.4byte	0x83
 1038 0147 AA000000 		.4byte	.LLST5
 1039 014b 0B       		.uleb128 0xb
 1040 014c 667000   		.ascii	"fp\000"
 1041 014f 01       		.byte	0x1
 1042 0150 EB       		.byte	0xeb
 1043 0151 83000000 		.4byte	0x83
 1044 0155 C8000000 		.4byte	.LLST6
 1045 0159 0C       		.uleb128 0xc
 1046 015a AE010000 		.4byte	.LASF22
 1047 015e 01       		.byte	0x1
 1048 015f EC       		.byte	0xec
 1049 0160 6B000000 		.4byte	0x6b
 1050 0164 12010000 		.4byte	.LLST7
 1051 0168 0C       		.uleb128 0xc
 1052 0169 3A010000 		.4byte	.LASF23
 1053 016d 01       		.byte	0x1
 1054 016e ED       		.byte	0xed
 1055 016f 83000000 		.4byte	0x83
 1056 0173 3B010000 		.4byte	.LLST8
 1057 0177 0C       		.uleb128 0xc
 1058 0178 91010000 		.4byte	.LASF24
 1059 017c 01       		.byte	0x1
 1060 017d ED       		.byte	0xed
 1061 017e 83000000 		.4byte	0x83
 1062 0182 4E010000 		.4byte	.LLST9
 1063 0186 0D       		.uleb128 0xd
 1064 0187 60000000 		.4byte	.LVL13
 1065 018b 6B030000 		.4byte	0x36b
 1066 018f A7010000 		.4byte	0x1a7
 1067 0193 0E       		.uleb128 0xe
 1068 0194 01       		.uleb128 0x1
 1069 0195 52       		.byte	0x52
 1070 0196 03       		.uleb128 0x3
 1071 0197 7D       		.byte	0x7d
 1072 0198 00       		.sleb128 0
 1073 0199 06       		.byte	0x6
 1074 019a 0E       		.uleb128 0xe
 1075 019b 01       		.uleb128 0x1
 1076 019c 51       		.byte	0x51
 1077 019d 02       		.uleb128 0x2
 1078 019e 75       		.byte	0x75
 1079 019f 00       		.sleb128 0
ARM GAS  C:\Users\JONSHA~1\AppData\Local\Temp\ccYAG4Ks.s 			page 25


 1080 01a0 0E       		.uleb128 0xe
 1081 01a1 01       		.uleb128 0x1
 1082 01a2 50       		.byte	0x50
 1083 01a3 02       		.uleb128 0x2
 1084 01a4 76       		.byte	0x76
 1085 01a5 00       		.sleb128 0
 1086 01a6 00       		.byte	0
 1087 01a7 0F       		.uleb128 0xf
 1088 01a8 74000000 		.4byte	.LVL16
 1089 01ac 6B030000 		.4byte	0x36b
 1090 01b0 0E       		.uleb128 0xe
 1091 01b1 01       		.uleb128 0x1
 1092 01b2 52       		.byte	0x52
 1093 01b3 02       		.uleb128 0x2
 1094 01b4 7A       		.byte	0x7a
 1095 01b5 00       		.sleb128 0
 1096 01b6 0E       		.uleb128 0xe
 1097 01b7 01       		.uleb128 0x1
 1098 01b8 51       		.byte	0x51
 1099 01b9 02       		.uleb128 0x2
 1100 01ba 75       		.byte	0x75
 1101 01bb 00       		.sleb128 0
 1102 01bc 0E       		.uleb128 0xe
 1103 01bd 01       		.uleb128 0x1
 1104 01be 50       		.byte	0x50
 1105 01bf 02       		.uleb128 0x2
 1106 01c0 76       		.byte	0x76
 1107 01c1 00       		.sleb128 0
 1108 01c2 00       		.byte	0
 1109 01c3 00       		.byte	0
 1110 01c4 06       		.uleb128 0x6
 1111 01c5 EB000000 		.4byte	.LASF25
 1112 01c9 01       		.byte	0x1
 1113 01ca B2       		.byte	0xb2
 1114 01cb 00000000 		.4byte	.LFB35
 1115 01cf A8000000 		.4byte	.LFE35-.LFB35
 1116 01d3 01       		.uleb128 0x1
 1117 01d4 9C       		.byte	0x9c
 1118 01d5 F5020000 		.4byte	0x2f5
 1119 01d9 08       		.uleb128 0x8
 1120 01da 7C000000 		.4byte	.LASF19
 1121 01de 01       		.byte	0x1
 1122 01df B2       		.byte	0xb2
 1123 01e0 83000000 		.4byte	0x83
 1124 01e4 61010000 		.4byte	.LLST10
 1125 01e8 08       		.uleb128 0x8
 1126 01e9 C9000000 		.4byte	.LASF20
 1127 01ed 01       		.byte	0x1
 1128 01ee B2       		.byte	0xb2
 1129 01ef 83000000 		.4byte	0x83
 1130 01f3 7F010000 		.4byte	.LLST11
 1131 01f7 08       		.uleb128 0x8
 1132 01f8 BA020000 		.4byte	.LASF26
 1133 01fc 01       		.byte	0x1
 1134 01fd B2       		.byte	0xb2
 1135 01fe AB000000 		.4byte	0xab
 1136 0202 9E010000 		.4byte	.LLST12
ARM GAS  C:\Users\JONSHA~1\AppData\Local\Temp\ccYAG4Ks.s 			page 26


 1137 0206 09       		.uleb128 0x9
 1138 0207 666700   		.ascii	"fg\000"
 1139 020a 01       		.byte	0x1
 1140 020b B2       		.byte	0xb2
 1141 020c 77000000 		.4byte	0x77
 1142 0210 EB010000 		.4byte	.LLST13
 1143 0214 0A       		.uleb128 0xa
 1144 0215 626700   		.ascii	"bg\000"
 1145 0218 01       		.byte	0x1
 1146 0219 B2       		.byte	0xb2
 1147 021a 77000000 		.4byte	0x77
 1148 021e 02       		.uleb128 0x2
 1149 021f 91       		.byte	0x91
 1150 0220 00       		.sleb128 0
 1151 0221 0C       		.uleb128 0xc
 1152 0222 A6000000 		.4byte	.LASF27
 1153 0226 01       		.byte	0x1
 1154 0227 B4       		.byte	0xb4
 1155 0228 77000000 		.4byte	0x77
 1156 022c 17020000 		.4byte	.LLST14
 1157 0230 0C       		.uleb128 0xc
 1158 0231 3A010000 		.4byte	.LASF23
 1159 0235 01       		.byte	0x1
 1160 0236 B5       		.byte	0xb5
 1161 0237 77000000 		.4byte	0x77
 1162 023b 36020000 		.4byte	.LLST15
 1163 023f 0D       		.uleb128 0xd
 1164 0240 26000000 		.4byte	.LVL33
 1165 0244 86030000 		.4byte	0x386
 1166 0248 52020000 		.4byte	0x252
 1167 024c 0E       		.uleb128 0xe
 1168 024d 01       		.uleb128 0x1
 1169 024e 50       		.byte	0x50
 1170 024f 01       		.uleb128 0x1
 1171 0250 31       		.byte	0x31
 1172 0251 00       		.byte	0
 1173 0252 0D       		.uleb128 0xd
 1174 0253 34000000 		.4byte	.LVL34
 1175 0257 D4000000 		.4byte	0xd4
 1176 025b 7A020000 		.4byte	0x27a
 1177 025f 0E       		.uleb128 0xe
 1178 0260 01       		.uleb128 0x1
 1179 0261 52       		.byte	0x52
 1180 0262 02       		.uleb128 0x2
 1181 0263 77       		.byte	0x77
 1182 0264 00       		.sleb128 0
 1183 0265 0E       		.uleb128 0xe
 1184 0266 01       		.uleb128 0x1
 1185 0267 51       		.byte	0x51
 1186 0268 03       		.uleb128 0x3
 1187 0269 91       		.byte	0x91
 1188 026a 5C       		.sleb128 -36
 1189 026b 06       		.byte	0x6
 1190 026c 0E       		.uleb128 0xe
 1191 026d 01       		.uleb128 0x1
 1192 026e 50       		.byte	0x50
 1193 026f 02       		.uleb128 0x2
ARM GAS  C:\Users\JONSHA~1\AppData\Local\Temp\ccYAG4Ks.s 			page 27


 1194 0270 74       		.byte	0x74
 1195 0271 00       		.sleb128 0
 1196 0272 0E       		.uleb128 0xe
 1197 0273 02       		.uleb128 0x2
 1198 0274 7D       		.byte	0x7d
 1199 0275 00       		.sleb128 0
 1200 0276 02       		.uleb128 0x2
 1201 0277 76       		.byte	0x76
 1202 0278 00       		.sleb128 0
 1203 0279 00       		.byte	0
 1204 027a 0D       		.uleb128 0xd
 1205 027b 44000000 		.4byte	.LVL35
 1206 027f D4000000 		.4byte	0xd4
 1207 0283 A8020000 		.4byte	0x2a8
 1208 0287 0E       		.uleb128 0xe
 1209 0288 01       		.uleb128 0x1
 1210 0289 53       		.byte	0x53
 1211 028a 02       		.uleb128 0x2
 1212 028b 7A       		.byte	0x7a
 1213 028c 00       		.sleb128 0
 1214 028d 0E       		.uleb128 0xe
 1215 028e 01       		.uleb128 0x1
 1216 028f 52       		.byte	0x52
 1217 0290 02       		.uleb128 0x2
 1218 0291 77       		.byte	0x77
 1219 0292 00       		.sleb128 0
 1220 0293 0E       		.uleb128 0xe
 1221 0294 01       		.uleb128 0x1
 1222 0295 51       		.byte	0x51
 1223 0296 03       		.uleb128 0x3
 1224 0297 91       		.byte	0x91
 1225 0298 5C       		.sleb128 -36
 1226 0299 06       		.byte	0x6
 1227 029a 0E       		.uleb128 0xe
 1228 029b 01       		.uleb128 0x1
 1229 029c 50       		.byte	0x50
 1230 029d 02       		.uleb128 0x2
 1231 029e 74       		.byte	0x74
 1232 029f 00       		.sleb128 0
 1233 02a0 0E       		.uleb128 0xe
 1234 02a1 02       		.uleb128 0x2
 1235 02a2 7D       		.byte	0x7d
 1236 02a3 00       		.sleb128 0
 1237 02a4 02       		.uleb128 0x2
 1238 02a5 76       		.byte	0x76
 1239 02a6 00       		.sleb128 0
 1240 02a7 00       		.byte	0
 1241 02a8 0D       		.uleb128 0xd
 1242 02a9 70000000 		.4byte	.LVL38
 1243 02ad 9B030000 		.4byte	0x39b
 1244 02b1 D0020000 		.4byte	0x2d0
 1245 02b5 0E       		.uleb128 0xe
 1246 02b6 01       		.uleb128 0x1
 1247 02b7 52       		.byte	0x52
 1248 02b8 02       		.uleb128 0x2
 1249 02b9 74       		.byte	0x74
 1250 02ba 00       		.sleb128 0
ARM GAS  C:\Users\JONSHA~1\AppData\Local\Temp\ccYAG4Ks.s 			page 28


 1251 02bb 0E       		.uleb128 0xe
 1252 02bc 01       		.uleb128 0x1
 1253 02bd 51       		.byte	0x51
 1254 02be 03       		.uleb128 0x3
 1255 02bf 91       		.byte	0x91
 1256 02c0 5C       		.sleb128 -36
 1257 02c1 06       		.byte	0x6
 1258 02c2 0E       		.uleb128 0xe
 1259 02c3 01       		.uleb128 0x1
 1260 02c4 50       		.byte	0x50
 1261 02c5 02       		.uleb128 0x2
 1262 02c6 74       		.byte	0x74
 1263 02c7 00       		.sleb128 0
 1264 02c8 0E       		.uleb128 0xe
 1265 02c9 02       		.uleb128 0x2
 1266 02ca 7D       		.byte	0x7d
 1267 02cb 00       		.sleb128 0
 1268 02cc 02       		.uleb128 0x2
 1269 02cd 76       		.byte	0x76
 1270 02ce 00       		.sleb128 0
 1271 02cf 00       		.byte	0
 1272 02d0 0F       		.uleb128 0xf
 1273 02d1 96000000 		.4byte	.LVL42
 1274 02d5 9B030000 		.4byte	0x39b
 1275 02d9 0E       		.uleb128 0xe
 1276 02da 01       		.uleb128 0x1
 1277 02db 52       		.byte	0x52
 1278 02dc 02       		.uleb128 0x2
 1279 02dd 74       		.byte	0x74
 1280 02de 7F       		.sleb128 -1
 1281 02df 0E       		.uleb128 0xe
 1282 02e0 01       		.uleb128 0x1
 1283 02e1 51       		.byte	0x51
 1284 02e2 03       		.uleb128 0x3
 1285 02e3 91       		.byte	0x91
 1286 02e4 5C       		.sleb128 -36
 1287 02e5 06       		.byte	0x6
 1288 02e6 0E       		.uleb128 0xe
 1289 02e7 01       		.uleb128 0x1
 1290 02e8 50       		.byte	0x50
 1291 02e9 02       		.uleb128 0x2
 1292 02ea 74       		.byte	0x74
 1293 02eb 7F       		.sleb128 -1
 1294 02ec 0E       		.uleb128 0xe
 1295 02ed 02       		.uleb128 0x2
 1296 02ee 7D       		.byte	0x7d
 1297 02ef 00       		.sleb128 0
 1298 02f0 02       		.uleb128 0x2
 1299 02f1 76       		.byte	0x76
 1300 02f2 00       		.sleb128 0
 1301 02f3 00       		.byte	0
 1302 02f4 00       		.byte	0
 1303 02f5 10       		.uleb128 0x10
 1304 02f6 1F010000 		.4byte	.LASF28
 1305 02fa 01       		.byte	0x1
 1306 02fb 13       		.byte	0x13
 1307 02fc 06030000 		.4byte	0x306
ARM GAS  C:\Users\JONSHA~1\AppData\Local\Temp\ccYAG4Ks.s 			page 29


 1308 0300 05       		.uleb128 0x5
 1309 0301 03       		.byte	0x3
 1310 0302 00000000 		.4byte	StripLights_fontPtr
 1311 0306 05       		.uleb128 0x5
 1312 0307 04       		.byte	0x4
 1313 0308 0C030000 		.4byte	0x30c
 1314 030c 11       		.uleb128 0x11
 1315 030d 6B000000 		.4byte	0x6b
 1316 0311 10       		.uleb128 0x10
 1317 0312 7F020000 		.4byte	.LASF29
 1318 0316 01       		.byte	0x1
 1319 0317 14       		.byte	0x14
 1320 0318 83000000 		.4byte	0x83
 1321 031c 05       		.uleb128 0x5
 1322 031d 03       		.byte	0x3
 1323 031e 00000000 		.4byte	StripLights_fontX
 1324 0322 10       		.uleb128 0x10
 1325 0323 17000000 		.4byte	.LASF30
 1326 0327 01       		.byte	0x1
 1327 0328 15       		.byte	0x15
 1328 0329 83000000 		.4byte	0x83
 1329 032d 05       		.uleb128 0x5
 1330 032e 03       		.byte	0x3
 1331 032f 00000000 		.4byte	StripLights_fontY
 1332 0333 10       		.uleb128 0x10
 1333 0334 00000000 		.4byte	.LASF31
 1334 0338 01       		.byte	0x1
 1335 0339 16       		.byte	0x16
 1336 033a 83000000 		.4byte	0x83
 1337 033e 05       		.uleb128 0x5
 1338 033f 03       		.byte	0x3
 1339 0340 00000000 		.4byte	StripLights_fontOffset
 1340 0344 12       		.uleb128 0x12
 1341 0345 6B000000 		.4byte	0x6b
 1342 0349 55030000 		.4byte	0x355
 1343 034d 13       		.uleb128 0x13
 1344 034e A4000000 		.4byte	0xa4
 1345 0352 DF01     		.2byte	0x1df
 1346 0354 00       		.byte	0
 1347 0355 10       		.uleb128 0x10
 1348 0356 29000000 		.4byte	.LASF32
 1349 035a 01       		.byte	0x1
 1350 035b 1B       		.byte	0x1b
 1351 035c 66030000 		.4byte	0x366
 1352 0360 05       		.uleb128 0x5
 1353 0361 03       		.byte	0x3
 1354 0362 00000000 		.4byte	StripLights_Font5x7
 1355 0366 11       		.uleb128 0x11
 1356 0367 44030000 		.4byte	0x344
 1357 036b 14       		.uleb128 0x14
 1358 036c 81000000 		.4byte	.LASF36
 1359 0370 03       		.byte	0x3
 1360 0371 1D       		.byte	0x1d
 1361 0372 86030000 		.4byte	0x386
 1362 0376 15       		.uleb128 0x15
 1363 0377 83000000 		.4byte	0x83
 1364 037b 15       		.uleb128 0x15
ARM GAS  C:\Users\JONSHA~1\AppData\Local\Temp\ccYAG4Ks.s 			page 30


 1365 037c 83000000 		.4byte	0x83
 1366 0380 15       		.uleb128 0x15
 1367 0381 77000000 		.4byte	0x77
 1368 0385 00       		.byte	0
 1369 0386 16       		.uleb128 0x16
 1370 0387 91020000 		.4byte	.LASF37
 1371 038b 03       		.byte	0x3
 1372 038c 1F       		.byte	0x1f
 1373 038d 77000000 		.4byte	0x77
 1374 0391 9B030000 		.4byte	0x39b
 1375 0395 15       		.uleb128 0x15
 1376 0396 77000000 		.4byte	0x77
 1377 039a 00       		.byte	0
 1378 039b 17       		.uleb128 0x17
 1379 039c 0A010000 		.4byte	.LASF38
 1380 03a0 03       		.byte	0x3
 1381 03a1 1B       		.byte	0x1b
 1382 03a2 15       		.uleb128 0x15
 1383 03a3 83000000 		.4byte	0x83
 1384 03a7 15       		.uleb128 0x15
 1385 03a8 83000000 		.4byte	0x83
 1386 03ac 15       		.uleb128 0x15
 1387 03ad 83000000 		.4byte	0x83
 1388 03b1 15       		.uleb128 0x15
 1389 03b2 83000000 		.4byte	0x83
 1390 03b6 15       		.uleb128 0x15
 1391 03b7 77000000 		.4byte	0x77
 1392 03bb 00       		.byte	0
 1393 03bc 00       		.byte	0
 1394              		.section	.debug_abbrev,"",%progbits
 1395              	.Ldebug_abbrev0:
 1396 0000 01       		.uleb128 0x1
 1397 0001 11       		.uleb128 0x11
 1398 0002 01       		.byte	0x1
 1399 0003 25       		.uleb128 0x25
 1400 0004 0E       		.uleb128 0xe
 1401 0005 13       		.uleb128 0x13
 1402 0006 0B       		.uleb128 0xb
 1403 0007 03       		.uleb128 0x3
 1404 0008 0E       		.uleb128 0xe
 1405 0009 1B       		.uleb128 0x1b
 1406 000a 0E       		.uleb128 0xe
 1407 000b 55       		.uleb128 0x55
 1408 000c 17       		.uleb128 0x17
 1409 000d 11       		.uleb128 0x11
 1410 000e 01       		.uleb128 0x1
 1411 000f 10       		.uleb128 0x10
 1412 0010 17       		.uleb128 0x17
 1413 0011 00       		.byte	0
 1414 0012 00       		.byte	0
 1415 0013 02       		.uleb128 0x2
 1416 0014 24       		.uleb128 0x24
 1417 0015 00       		.byte	0
 1418 0016 0B       		.uleb128 0xb
 1419 0017 0B       		.uleb128 0xb
 1420 0018 3E       		.uleb128 0x3e
 1421 0019 0B       		.uleb128 0xb
ARM GAS  C:\Users\JONSHA~1\AppData\Local\Temp\ccYAG4Ks.s 			page 31


 1422 001a 03       		.uleb128 0x3
 1423 001b 0E       		.uleb128 0xe
 1424 001c 00       		.byte	0
 1425 001d 00       		.byte	0
 1426 001e 03       		.uleb128 0x3
 1427 001f 24       		.uleb128 0x24
 1428 0020 00       		.byte	0
 1429 0021 0B       		.uleb128 0xb
 1430 0022 0B       		.uleb128 0xb
 1431 0023 3E       		.uleb128 0x3e
 1432 0024 0B       		.uleb128 0xb
 1433 0025 03       		.uleb128 0x3
 1434 0026 08       		.uleb128 0x8
 1435 0027 00       		.byte	0
 1436 0028 00       		.byte	0
 1437 0029 04       		.uleb128 0x4
 1438 002a 16       		.uleb128 0x16
 1439 002b 00       		.byte	0
 1440 002c 03       		.uleb128 0x3
 1441 002d 0E       		.uleb128 0xe
 1442 002e 3A       		.uleb128 0x3a
 1443 002f 0B       		.uleb128 0xb
 1444 0030 3B       		.uleb128 0x3b
 1445 0031 05       		.uleb128 0x5
 1446 0032 49       		.uleb128 0x49
 1447 0033 13       		.uleb128 0x13
 1448 0034 00       		.byte	0
 1449 0035 00       		.byte	0
 1450 0036 05       		.uleb128 0x5
 1451 0037 0F       		.uleb128 0xf
 1452 0038 00       		.byte	0
 1453 0039 0B       		.uleb128 0xb
 1454 003a 0B       		.uleb128 0xb
 1455 003b 49       		.uleb128 0x49
 1456 003c 13       		.uleb128 0x13
 1457 003d 00       		.byte	0
 1458 003e 00       		.byte	0
 1459 003f 06       		.uleb128 0x6
 1460 0040 2E       		.uleb128 0x2e
 1461 0041 01       		.byte	0x1
 1462 0042 3F       		.uleb128 0x3f
 1463 0043 19       		.uleb128 0x19
 1464 0044 03       		.uleb128 0x3
 1465 0045 0E       		.uleb128 0xe
 1466 0046 3A       		.uleb128 0x3a
 1467 0047 0B       		.uleb128 0xb
 1468 0048 3B       		.uleb128 0x3b
 1469 0049 0B       		.uleb128 0xb
 1470 004a 27       		.uleb128 0x27
 1471 004b 19       		.uleb128 0x19
 1472 004c 11       		.uleb128 0x11
 1473 004d 01       		.uleb128 0x1
 1474 004e 12       		.uleb128 0x12
 1475 004f 06       		.uleb128 0x6
 1476 0050 40       		.uleb128 0x40
 1477 0051 18       		.uleb128 0x18
 1478 0052 9742     		.uleb128 0x2117
ARM GAS  C:\Users\JONSHA~1\AppData\Local\Temp\ccYAG4Ks.s 			page 32


 1479 0054 19       		.uleb128 0x19
 1480 0055 01       		.uleb128 0x1
 1481 0056 13       		.uleb128 0x13
 1482 0057 00       		.byte	0
 1483 0058 00       		.byte	0
 1484 0059 07       		.uleb128 0x7
 1485 005a 05       		.uleb128 0x5
 1486 005b 00       		.byte	0
 1487 005c 03       		.uleb128 0x3
 1488 005d 0E       		.uleb128 0xe
 1489 005e 3A       		.uleb128 0x3a
 1490 005f 0B       		.uleb128 0xb
 1491 0060 3B       		.uleb128 0x3b
 1492 0061 0B       		.uleb128 0xb
 1493 0062 49       		.uleb128 0x49
 1494 0063 13       		.uleb128 0x13
 1495 0064 02       		.uleb128 0x2
 1496 0065 18       		.uleb128 0x18
 1497 0066 00       		.byte	0
 1498 0067 00       		.byte	0
 1499 0068 08       		.uleb128 0x8
 1500 0069 05       		.uleb128 0x5
 1501 006a 00       		.byte	0
 1502 006b 03       		.uleb128 0x3
 1503 006c 0E       		.uleb128 0xe
 1504 006d 3A       		.uleb128 0x3a
 1505 006e 0B       		.uleb128 0xb
 1506 006f 3B       		.uleb128 0x3b
 1507 0070 0B       		.uleb128 0xb
 1508 0071 49       		.uleb128 0x49
 1509 0072 13       		.uleb128 0x13
 1510 0073 02       		.uleb128 0x2
 1511 0074 17       		.uleb128 0x17
 1512 0075 00       		.byte	0
 1513 0076 00       		.byte	0
 1514 0077 09       		.uleb128 0x9
 1515 0078 05       		.uleb128 0x5
 1516 0079 00       		.byte	0
 1517 007a 03       		.uleb128 0x3
 1518 007b 08       		.uleb128 0x8
 1519 007c 3A       		.uleb128 0x3a
 1520 007d 0B       		.uleb128 0xb
 1521 007e 3B       		.uleb128 0x3b
 1522 007f 0B       		.uleb128 0xb
 1523 0080 49       		.uleb128 0x49
 1524 0081 13       		.uleb128 0x13
 1525 0082 02       		.uleb128 0x2
 1526 0083 17       		.uleb128 0x17
 1527 0084 00       		.byte	0
 1528 0085 00       		.byte	0
 1529 0086 0A       		.uleb128 0xa
 1530 0087 05       		.uleb128 0x5
 1531 0088 00       		.byte	0
 1532 0089 03       		.uleb128 0x3
 1533 008a 08       		.uleb128 0x8
 1534 008b 3A       		.uleb128 0x3a
 1535 008c 0B       		.uleb128 0xb
ARM GAS  C:\Users\JONSHA~1\AppData\Local\Temp\ccYAG4Ks.s 			page 33


 1536 008d 3B       		.uleb128 0x3b
 1537 008e 0B       		.uleb128 0xb
 1538 008f 49       		.uleb128 0x49
 1539 0090 13       		.uleb128 0x13
 1540 0091 02       		.uleb128 0x2
 1541 0092 18       		.uleb128 0x18
 1542 0093 00       		.byte	0
 1543 0094 00       		.byte	0
 1544 0095 0B       		.uleb128 0xb
 1545 0096 34       		.uleb128 0x34
 1546 0097 00       		.byte	0
 1547 0098 03       		.uleb128 0x3
 1548 0099 08       		.uleb128 0x8
 1549 009a 3A       		.uleb128 0x3a
 1550 009b 0B       		.uleb128 0xb
 1551 009c 3B       		.uleb128 0x3b
 1552 009d 0B       		.uleb128 0xb
 1553 009e 49       		.uleb128 0x49
 1554 009f 13       		.uleb128 0x13
 1555 00a0 02       		.uleb128 0x2
 1556 00a1 17       		.uleb128 0x17
 1557 00a2 00       		.byte	0
 1558 00a3 00       		.byte	0
 1559 00a4 0C       		.uleb128 0xc
 1560 00a5 34       		.uleb128 0x34
 1561 00a6 00       		.byte	0
 1562 00a7 03       		.uleb128 0x3
 1563 00a8 0E       		.uleb128 0xe
 1564 00a9 3A       		.uleb128 0x3a
 1565 00aa 0B       		.uleb128 0xb
 1566 00ab 3B       		.uleb128 0x3b
 1567 00ac 0B       		.uleb128 0xb
 1568 00ad 49       		.uleb128 0x49
 1569 00ae 13       		.uleb128 0x13
 1570 00af 02       		.uleb128 0x2
 1571 00b0 17       		.uleb128 0x17
 1572 00b1 00       		.byte	0
 1573 00b2 00       		.byte	0
 1574 00b3 0D       		.uleb128 0xd
 1575 00b4 898201   		.uleb128 0x4109
 1576 00b7 01       		.byte	0x1
 1577 00b8 11       		.uleb128 0x11
 1578 00b9 01       		.uleb128 0x1
 1579 00ba 31       		.uleb128 0x31
 1580 00bb 13       		.uleb128 0x13
 1581 00bc 01       		.uleb128 0x1
 1582 00bd 13       		.uleb128 0x13
 1583 00be 00       		.byte	0
 1584 00bf 00       		.byte	0
 1585 00c0 0E       		.uleb128 0xe
 1586 00c1 8A8201   		.uleb128 0x410a
 1587 00c4 00       		.byte	0
 1588 00c5 02       		.uleb128 0x2
 1589 00c6 18       		.uleb128 0x18
 1590 00c7 9142     		.uleb128 0x2111
 1591 00c9 18       		.uleb128 0x18
 1592 00ca 00       		.byte	0
ARM GAS  C:\Users\JONSHA~1\AppData\Local\Temp\ccYAG4Ks.s 			page 34


 1593 00cb 00       		.byte	0
 1594 00cc 0F       		.uleb128 0xf
 1595 00cd 898201   		.uleb128 0x4109
 1596 00d0 01       		.byte	0x1
 1597 00d1 11       		.uleb128 0x11
 1598 00d2 01       		.uleb128 0x1
 1599 00d3 31       		.uleb128 0x31
 1600 00d4 13       		.uleb128 0x13
 1601 00d5 00       		.byte	0
 1602 00d6 00       		.byte	0
 1603 00d7 10       		.uleb128 0x10
 1604 00d8 34       		.uleb128 0x34
 1605 00d9 00       		.byte	0
 1606 00da 03       		.uleb128 0x3
 1607 00db 0E       		.uleb128 0xe
 1608 00dc 3A       		.uleb128 0x3a
 1609 00dd 0B       		.uleb128 0xb
 1610 00de 3B       		.uleb128 0x3b
 1611 00df 0B       		.uleb128 0xb
 1612 00e0 49       		.uleb128 0x49
 1613 00e1 13       		.uleb128 0x13
 1614 00e2 3F       		.uleb128 0x3f
 1615 00e3 19       		.uleb128 0x19
 1616 00e4 02       		.uleb128 0x2
 1617 00e5 18       		.uleb128 0x18
 1618 00e6 00       		.byte	0
 1619 00e7 00       		.byte	0
 1620 00e8 11       		.uleb128 0x11
 1621 00e9 26       		.uleb128 0x26
 1622 00ea 00       		.byte	0
 1623 00eb 49       		.uleb128 0x49
 1624 00ec 13       		.uleb128 0x13
 1625 00ed 00       		.byte	0
 1626 00ee 00       		.byte	0
 1627 00ef 12       		.uleb128 0x12
 1628 00f0 01       		.uleb128 0x1
 1629 00f1 01       		.byte	0x1
 1630 00f2 49       		.uleb128 0x49
 1631 00f3 13       		.uleb128 0x13
 1632 00f4 01       		.uleb128 0x1
 1633 00f5 13       		.uleb128 0x13
 1634 00f6 00       		.byte	0
 1635 00f7 00       		.byte	0
 1636 00f8 13       		.uleb128 0x13
 1637 00f9 21       		.uleb128 0x21
 1638 00fa 00       		.byte	0
 1639 00fb 49       		.uleb128 0x49
 1640 00fc 13       		.uleb128 0x13
 1641 00fd 2F       		.uleb128 0x2f
 1642 00fe 05       		.uleb128 0x5
 1643 00ff 00       		.byte	0
 1644 0100 00       		.byte	0
 1645 0101 14       		.uleb128 0x14
 1646 0102 2E       		.uleb128 0x2e
 1647 0103 01       		.byte	0x1
 1648 0104 3F       		.uleb128 0x3f
 1649 0105 19       		.uleb128 0x19
ARM GAS  C:\Users\JONSHA~1\AppData\Local\Temp\ccYAG4Ks.s 			page 35


 1650 0106 03       		.uleb128 0x3
 1651 0107 0E       		.uleb128 0xe
 1652 0108 3A       		.uleb128 0x3a
 1653 0109 0B       		.uleb128 0xb
 1654 010a 3B       		.uleb128 0x3b
 1655 010b 0B       		.uleb128 0xb
 1656 010c 27       		.uleb128 0x27
 1657 010d 19       		.uleb128 0x19
 1658 010e 3C       		.uleb128 0x3c
 1659 010f 19       		.uleb128 0x19
 1660 0110 01       		.uleb128 0x1
 1661 0111 13       		.uleb128 0x13
 1662 0112 00       		.byte	0
 1663 0113 00       		.byte	0
 1664 0114 15       		.uleb128 0x15
 1665 0115 05       		.uleb128 0x5
 1666 0116 00       		.byte	0
 1667 0117 49       		.uleb128 0x49
 1668 0118 13       		.uleb128 0x13
 1669 0119 00       		.byte	0
 1670 011a 00       		.byte	0
 1671 011b 16       		.uleb128 0x16
 1672 011c 2E       		.uleb128 0x2e
 1673 011d 01       		.byte	0x1
 1674 011e 3F       		.uleb128 0x3f
 1675 011f 19       		.uleb128 0x19
 1676 0120 03       		.uleb128 0x3
 1677 0121 0E       		.uleb128 0xe
 1678 0122 3A       		.uleb128 0x3a
 1679 0123 0B       		.uleb128 0xb
 1680 0124 3B       		.uleb128 0x3b
 1681 0125 0B       		.uleb128 0xb
 1682 0126 27       		.uleb128 0x27
 1683 0127 19       		.uleb128 0x19
 1684 0128 49       		.uleb128 0x49
 1685 0129 13       		.uleb128 0x13
 1686 012a 3C       		.uleb128 0x3c
 1687 012b 19       		.uleb128 0x19
 1688 012c 01       		.uleb128 0x1
 1689 012d 13       		.uleb128 0x13
 1690 012e 00       		.byte	0
 1691 012f 00       		.byte	0
 1692 0130 17       		.uleb128 0x17
 1693 0131 2E       		.uleb128 0x2e
 1694 0132 01       		.byte	0x1
 1695 0133 3F       		.uleb128 0x3f
 1696 0134 19       		.uleb128 0x19
 1697 0135 03       		.uleb128 0x3
 1698 0136 0E       		.uleb128 0xe
 1699 0137 3A       		.uleb128 0x3a
 1700 0138 0B       		.uleb128 0xb
 1701 0139 3B       		.uleb128 0x3b
 1702 013a 0B       		.uleb128 0xb
 1703 013b 27       		.uleb128 0x27
 1704 013c 19       		.uleb128 0x19
 1705 013d 3C       		.uleb128 0x3c
 1706 013e 19       		.uleb128 0x19
ARM GAS  C:\Users\JONSHA~1\AppData\Local\Temp\ccYAG4Ks.s 			page 36


 1707 013f 00       		.byte	0
 1708 0140 00       		.byte	0
 1709 0141 00       		.byte	0
 1710              		.section	.debug_loc,"",%progbits
 1711              	.Ldebug_loc0:
 1712              	.LLST0:
 1713 0000 00000000 		.4byte	.LVL1
 1714 0004 42000000 		.4byte	.LVL10
 1715 0008 0100     		.2byte	0x1
 1716 000a 50       		.byte	0x50
 1717 000b 42000000 		.4byte	.LVL10
 1718 000f AC000000 		.4byte	.LFE36
 1719 0013 0400     		.2byte	0x4
 1720 0015 F3       		.byte	0xf3
 1721 0016 01       		.uleb128 0x1
 1722 0017 50       		.byte	0x50
 1723 0018 9F       		.byte	0x9f
 1724 0019 00000000 		.4byte	0
 1725 001d 00000000 		.4byte	0
 1726              	.LLST1:
 1727 0021 00000000 		.4byte	.LVL1
 1728 0025 42000000 		.4byte	.LVL10
 1729 0029 0100     		.2byte	0x1
 1730 002b 51       		.byte	0x51
 1731 002c 42000000 		.4byte	.LVL10
 1732 0030 AC000000 		.4byte	.LFE36
 1733 0034 0200     		.2byte	0x2
 1734 0036 91       		.byte	0x91
 1735 0037 5C       		.sleb128 -36
 1736 0038 00000000 		.4byte	0
 1737 003c 00000000 		.4byte	0
 1738              	.LLST2:
 1739 0040 00000000 		.4byte	.LVL1
 1740 0044 1C000000 		.4byte	.LVL3
 1741 0048 0100     		.2byte	0x1
 1742 004a 52       		.byte	0x52
 1743 004b 1C000000 		.4byte	.LVL3
 1744 004f AC000000 		.4byte	.LFE36
 1745 0053 0400     		.2byte	0x4
 1746 0055 F3       		.byte	0xf3
 1747 0056 01       		.uleb128 0x1
 1748 0057 52       		.byte	0x52
 1749 0058 9F       		.byte	0x9f
 1750 0059 00000000 		.4byte	0
 1751 005d 00000000 		.4byte	0
 1752              	.LLST3:
 1753 0061 00000000 		.4byte	.LVL1
 1754 0065 14000000 		.4byte	.LVL2
 1755 0069 0100     		.2byte	0x1
 1756 006b 53       		.byte	0x53
 1757 006c 14000000 		.4byte	.LVL2
 1758 0070 92000000 		.4byte	.LVL24
 1759 0074 0200     		.2byte	0x2
 1760 0076 7D       		.byte	0x7d
 1761 0077 00       		.sleb128 0
 1762 0078 92000000 		.4byte	.LVL24
 1763 007c AC000000 		.4byte	.LFE36
ARM GAS  C:\Users\JONSHA~1\AppData\Local\Temp\ccYAG4Ks.s 			page 37


 1764 0080 0200     		.2byte	0x2
 1765 0082 91       		.byte	0x91
 1766 0083 58       		.sleb128 -40
 1767 0084 00000000 		.4byte	0
 1768 0088 00000000 		.4byte	0
 1769              	.LLST4:
 1770 008c 40000000 		.4byte	.LVL9
 1771 0090 42000000 		.4byte	.LVL10
 1772 0094 0100     		.2byte	0x1
 1773 0096 50       		.byte	0x50
 1774 0097 42000000 		.4byte	.LVL10
 1775 009b 92000000 		.4byte	.LVL25
 1776 009f 0100     		.2byte	0x1
 1777 00a1 56       		.byte	0x56
 1778 00a2 00000000 		.4byte	0
 1779 00a6 00000000 		.4byte	0
 1780              	.LLST5:
 1781 00aa 42000000 		.4byte	.LVL10
 1782 00ae 7C000000 		.4byte	.LVL20
 1783 00b2 0100     		.2byte	0x1
 1784 00b4 55       		.byte	0x55
 1785 00b5 80000000 		.4byte	.LVL21
 1786 00b9 8C000000 		.4byte	.LVL23
 1787 00bd 0100     		.2byte	0x1
 1788 00bf 55       		.byte	0x55
 1789 00c0 00000000 		.4byte	0
 1790 00c4 00000000 		.4byte	0
 1791              	.LLST6:
 1792 00c8 24000000 		.4byte	.LVL4
 1793 00cc 38000000 		.4byte	.LVL7
 1794 00d0 0100     		.2byte	0x1
 1795 00d2 52       		.byte	0x52
 1796 00d3 38000000 		.4byte	.LVL7
 1797 00d7 56000000 		.4byte	.LVL11
 1798 00db 0100     		.2byte	0x1
 1799 00dd 59       		.byte	0x59
 1800 00de 56000000 		.4byte	.LVL11
 1801 00e2 5C000000 		.4byte	.LVL12
 1802 00e6 0100     		.2byte	0x1
 1803 00e8 52       		.byte	0x52
 1804 00e9 5C000000 		.4byte	.LVL12
 1805 00ed 62000000 		.4byte	.LVL14
 1806 00f1 0100     		.2byte	0x1
 1807 00f3 59       		.byte	0x59
 1808 00f4 62000000 		.4byte	.LVL14
 1809 00f8 70000000 		.4byte	.LVL15
 1810 00fc 0100     		.2byte	0x1
 1811 00fe 52       		.byte	0x52
 1812 00ff 70000000 		.4byte	.LVL15
 1813 0103 92000000 		.4byte	.LVL27
 1814 0107 0100     		.2byte	0x1
 1815 0109 59       		.byte	0x59
 1816 010a 00000000 		.4byte	0
 1817 010e 00000000 		.4byte	0
 1818              	.LLST7:
 1819 0112 42000000 		.4byte	.LVL10
 1820 0116 76000000 		.4byte	.LVL17
ARM GAS  C:\Users\JONSHA~1\AppData\Local\Temp\ccYAG4Ks.s 			page 38


 1821 011a 0100     		.2byte	0x1
 1822 011c 54       		.byte	0x54
 1823 011d 78000000 		.4byte	.LVL18
 1824 0121 7C000000 		.4byte	.LVL20
 1825 0125 0100     		.2byte	0x1
 1826 0127 54       		.byte	0x54
 1827 0128 80000000 		.4byte	.LVL21
 1828 012c 8C000000 		.4byte	.LVL23
 1829 0130 0100     		.2byte	0x1
 1830 0132 54       		.byte	0x54
 1831 0133 00000000 		.4byte	0
 1832 0137 00000000 		.4byte	0
 1833              	.LLST8:
 1834 013b 3A000000 		.4byte	.LVL8
 1835 013f 92000000 		.4byte	.LVL26
 1836 0143 0100     		.2byte	0x1
 1837 0145 57       		.byte	0x57
 1838 0146 00000000 		.4byte	0
 1839 014a 00000000 		.4byte	0
 1840              	.LLST9:
 1841 014e 28000000 		.4byte	.LVL5
 1842 0152 92000000 		.4byte	.LVL28
 1843 0156 0100     		.2byte	0x1
 1844 0158 5B       		.byte	0x5b
 1845 0159 00000000 		.4byte	0
 1846 015d 00000000 		.4byte	0
 1847              	.LLST10:
 1848 0161 00000000 		.4byte	.LVL29
 1849 0165 18000000 		.4byte	.LVL31
 1850 0169 0100     		.2byte	0x1
 1851 016b 50       		.byte	0x50
 1852 016c 18000000 		.4byte	.LVL31
 1853 0170 98000000 		.4byte	.LVL43
 1854 0174 0100     		.2byte	0x1
 1855 0176 54       		.byte	0x54
 1856 0177 00000000 		.4byte	0
 1857 017b 00000000 		.4byte	0
 1858              	.LLST11:
 1859 017f 00000000 		.4byte	.LVL29
 1860 0183 18000000 		.4byte	.LVL31
 1861 0187 0100     		.2byte	0x1
 1862 0189 51       		.byte	0x51
 1863 018a 18000000 		.4byte	.LVL31
 1864 018e A8000000 		.4byte	.LFE35
 1865 0192 0200     		.2byte	0x2
 1866 0194 91       		.byte	0x91
 1867 0195 5C       		.sleb128 -36
 1868 0196 00000000 		.4byte	0
 1869 019a 00000000 		.4byte	0
 1870              	.LLST12:
 1871 019e 00000000 		.4byte	.LVL29
 1872 01a2 18000000 		.4byte	.LVL31
 1873 01a6 0100     		.2byte	0x1
 1874 01a8 52       		.byte	0x52
 1875 01a9 18000000 		.4byte	.LVL31
 1876 01ad 1A000000 		.4byte	.LVL32
 1877 01b1 0100     		.2byte	0x1
ARM GAS  C:\Users\JONSHA~1\AppData\Local\Temp\ccYAG4Ks.s 			page 39


 1878 01b3 53       		.byte	0x53
 1879 01b4 1A000000 		.4byte	.LVL32
 1880 01b8 7A000000 		.4byte	.LVL40
 1881 01bc 0100     		.2byte	0x1
 1882 01be 58       		.byte	0x58
 1883 01bf 7A000000 		.4byte	.LVL40
 1884 01c3 7C000000 		.4byte	.LVL41
 1885 01c7 0100     		.2byte	0x1
 1886 01c9 53       		.byte	0x53
 1887 01ca 7C000000 		.4byte	.LVL41
 1888 01ce 98000000 		.4byte	.LVL45
 1889 01d2 0100     		.2byte	0x1
 1890 01d4 58       		.byte	0x58
 1891 01d5 98000000 		.4byte	.LVL45
 1892 01d9 A8000000 		.4byte	.LFE35
 1893 01dd 0400     		.2byte	0x4
 1894 01df F3       		.byte	0xf3
 1895 01e0 01       		.uleb128 0x1
 1896 01e1 52       		.byte	0x52
 1897 01e2 9F       		.byte	0x9f
 1898 01e3 00000000 		.4byte	0
 1899 01e7 00000000 		.4byte	0
 1900              	.LLST13:
 1901 01eb 00000000 		.4byte	.LVL29
 1902 01ef 18000000 		.4byte	.LVL31
 1903 01f3 0100     		.2byte	0x1
 1904 01f5 53       		.byte	0x53
 1905 01f6 18000000 		.4byte	.LVL31
 1906 01fa 98000000 		.4byte	.LVL46
 1907 01fe 0100     		.2byte	0x1
 1908 0200 5A       		.byte	0x5a
 1909 0201 98000000 		.4byte	.LVL46
 1910 0205 A8000000 		.4byte	.LFE35
 1911 0209 0400     		.2byte	0x4
 1912 020b F3       		.byte	0xf3
 1913 020c 01       		.uleb128 0x1
 1914 020d 53       		.byte	0x53
 1915 020e 9F       		.byte	0x9f
 1916 020f 00000000 		.4byte	0
 1917 0213 00000000 		.4byte	0
 1918              	.LLST14:
 1919 0217 14000000 		.4byte	.LVL30
 1920 021b 18000000 		.4byte	.LVL31
 1921 021f 0200     		.2byte	0x2
 1922 0221 30       		.byte	0x30
 1923 0222 9F       		.byte	0x9f
 1924 0223 18000000 		.4byte	.LVL31
 1925 0227 98000000 		.4byte	.LVL44
 1926 022b 0100     		.2byte	0x1
 1927 022d 55       		.byte	0x55
 1928 022e 00000000 		.4byte	0
 1929 0232 00000000 		.4byte	0
 1930              	.LLST15:
 1931 0236 14000000 		.4byte	.LVL30
 1932 023a 18000000 		.4byte	.LVL31
 1933 023e 0A00     		.2byte	0xa
 1934 0240 71       		.byte	0x71
ARM GAS  C:\Users\JONSHA~1\AppData\Local\Temp\ccYAG4Ks.s 			page 40


 1935 0241 00       		.sleb128 0
 1936 0242 03       		.byte	0x3
 1937 0243 00000000 		.4byte	StripLights_fontY
 1938 0247 06       		.byte	0x6
 1939 0248 22       		.byte	0x22
 1940 0249 9F       		.byte	0x9f
 1941 024a 00000000 		.4byte	0
 1942 024e 00000000 		.4byte	0
 1943              		.section	.debug_aranges,"",%progbits
 1944 0000 2C000000 		.4byte	0x2c
 1945 0004 0200     		.2byte	0x2
 1946 0006 00000000 		.4byte	.Ldebug_info0
 1947 000a 04       		.byte	0x4
 1948 000b 00       		.byte	0
 1949 000c 0000     		.2byte	0
 1950 000e 0000     		.2byte	0
 1951 0010 00000000 		.4byte	.LFB34
 1952 0014 4C000000 		.4byte	.LFE34-.LFB34
 1953 0018 00000000 		.4byte	.LFB36
 1954 001c AC000000 		.4byte	.LFE36-.LFB36
 1955 0020 00000000 		.4byte	.LFB35
 1956 0024 A8000000 		.4byte	.LFE35-.LFB35
 1957 0028 00000000 		.4byte	0
 1958 002c 00000000 		.4byte	0
 1959              		.section	.debug_ranges,"",%progbits
 1960              	.Ldebug_ranges0:
 1961 0000 00000000 		.4byte	.LFB34
 1962 0004 4C000000 		.4byte	.LFE34
 1963 0008 00000000 		.4byte	.LFB36
 1964 000c AC000000 		.4byte	.LFE36
 1965 0010 00000000 		.4byte	.LFB35
 1966 0014 A8000000 		.4byte	.LFE35
 1967 0018 00000000 		.4byte	0
 1968 001c 00000000 		.4byte	0
 1969              		.section	.debug_line,"",%progbits
 1970              	.Ldebug_line0:
 1971 0000 0A010000 		.section	.debug_str,"MS",%progbits,1
 1971      02007800 
 1971      00000201 
 1971      FB0E0D00 
 1971      01010101 
 1972              	.LASF31:
 1973 0000 53747269 		.ascii	"StripLights_fontOffset\000"
 1973      704C6967 
 1973      6874735F 
 1973      666F6E74 
 1973      4F666673 
 1974              	.LASF30:
 1975 0017 53747269 		.ascii	"StripLights_fontY\000"
 1975      704C6967 
 1975      6874735F 
 1975      666F6E74 
 1975      5900
 1976              	.LASF32:
 1977 0029 53747269 		.ascii	"StripLights_Font5x7\000"
 1977      704C6967 
 1977      6874735F 
ARM GAS  C:\Users\JONSHA~1\AppData\Local\Temp\ccYAG4Ks.s 			page 41


 1977      466F6E74 
 1977      35783700 
 1978              	.LASF35:
 1979 003d 463A5C44 		.ascii	"F:\\Downloads\\FunWithLEDs\\FunWithLEDs\\EndOfTheAn"
 1979      6F776E6C 
 1979      6F616473 
 1979      5C46756E 
 1979      57697468 
 1980 006c 616C6F67 		.ascii	"alogTrail.cydsn\000"
 1980      54726169 
 1980      6C2E6379 
 1980      64736E00 
 1981              	.LASF19:
 1982 007c 78706F73 		.ascii	"xpos\000"
 1982      00
 1983              	.LASF36:
 1984 0081 53747269 		.ascii	"StripLights_Pixel\000"
 1984      704C6967 
 1984      6874735F 
 1984      50697865 
 1984      6C00
 1985              	.LASF3:
 1986 0093 73686F72 		.ascii	"short unsigned int\000"
 1986      7420756E 
 1986      7369676E 
 1986      65642069 
 1986      6E7400
 1987              	.LASF27:
 1988 00a6 73747250 		.ascii	"strPos\000"
 1988      6F7300
 1989              	.LASF21:
 1990 00ad 74686543 		.ascii	"theChar\000"
 1990      68617200 
 1991              	.LASF12:
 1992 00b5 666C6F61 		.ascii	"float\000"
 1992      7400
 1993              	.LASF1:
 1994 00bb 756E7369 		.ascii	"unsigned char\000"
 1994      676E6564 
 1994      20636861 
 1994      7200
 1995              	.LASF20:
 1996 00c9 79706F73 		.ascii	"ypos\000"
 1996      00
 1997              	.LASF18:
 1998 00ce 666F6E74 		.ascii	"font\000"
 1998      00
 1999              	.LASF5:
 2000 00d3 6C6F6E67 		.ascii	"long unsigned int\000"
 2000      20756E73 
 2000      69676E65 
 2000      6420696E 
 2000      7400
 2001              	.LASF11:
 2002 00e5 696E7433 		.ascii	"int32\000"
 2002      3200
 2003              	.LASF25:
ARM GAS  C:\Users\JONSHA~1\AppData\Local\Temp\ccYAG4Ks.s 			page 42


 2004 00eb 53747269 		.ascii	"StripLights_PrintString\000"
 2004      704C6967 
 2004      6874735F 
 2004      5072696E 
 2004      74537472 
 2005              	.LASF13:
 2006 0103 646F7562 		.ascii	"double\000"
 2006      6C6500
 2007              	.LASF38:
 2008 010a 53747269 		.ascii	"StripLights_DrawLine\000"
 2008      704C6967 
 2008      6874735F 
 2008      44726177 
 2008      4C696E65 
 2009              	.LASF28:
 2010 011f 53747269 		.ascii	"StripLights_fontPtr\000"
 2010      704C6967 
 2010      6874735F 
 2010      666F6E74 
 2010      50747200 
 2011              	.LASF10:
 2012 0133 75696E74 		.ascii	"uint32\000"
 2012      333200
 2013              	.LASF23:
 2014 013a 7953746F 		.ascii	"yStop\000"
 2014      7000
 2015              	.LASF34:
 2016 0140 2E5C4765 		.ascii	".\\Generated_Source\\PSoC4\\StripLights_fonts.c\000"
 2016      6E657261 
 2016      7465645F 
 2016      536F7572 
 2016      63655C50 
 2017              	.LASF8:
 2018 016d 756E7369 		.ascii	"unsigned int\000"
 2018      676E6564 
 2018      20696E74 
 2018      00
 2019              	.LASF7:
 2020 017a 6C6F6E67 		.ascii	"long long unsigned int\000"
 2020      206C6F6E 
 2020      6720756E 
 2020      7369676E 
 2020      65642069 
 2021              	.LASF24:
 2022 0191 7853746F 		.ascii	"xStop\000"
 2022      7000
 2023              	.LASF15:
 2024 0197 73697A65 		.ascii	"sizetype\000"
 2024      74797065 
 2024      00
 2025              	.LASF6:
 2026 01a0 6C6F6E67 		.ascii	"long long int\000"
 2026      206C6F6E 
 2026      6720696E 
 2026      7400
 2027              	.LASF22:
 2028 01ae 6D61736B 		.ascii	"mask\000"
ARM GAS  C:\Users\JONSHA~1\AppData\Local\Temp\ccYAG4Ks.s 			page 43


 2028      00
 2029              	.LASF33:
 2030 01b3 474E5520 		.ascii	"GNU C 4.9.3 20150303 (release) [ARM/embedded-4_9-br"
 2030      4320342E 
 2030      392E3320 
 2030      32303135 
 2030      30333033 
 2031 01e6 616E6368 		.ascii	"anch revision 221220] -mcpu=cortex-m0 -mthumb -g -O"
 2031      20726576 
 2031      6973696F 
 2031      6E203232 
 2031      31323230 
 2032 0219 67202D66 		.ascii	"g -ffunction-sections -ffat-lto-objects\000"
 2032      66756E63 
 2032      74696F6E 
 2032      2D736563 
 2032      74696F6E 
 2033              	.LASF17:
 2034 0241 53747269 		.ascii	"StripLights_PutChar\000"
 2034      704C6967 
 2034      6874735F 
 2034      50757443 
 2034      68617200 
 2035              	.LASF2:
 2036 0255 73686F72 		.ascii	"short int\000"
 2036      7420696E 
 2036      7400
 2037              	.LASF9:
 2038 025f 75696E74 		.ascii	"uint8\000"
 2038      3800
 2039              	.LASF4:
 2040 0265 6C6F6E67 		.ascii	"long int\000"
 2040      20696E74 
 2040      00
 2041              	.LASF14:
 2042 026e 63686172 		.ascii	"char\000"
 2042      00
 2043              	.LASF0:
 2044 0273 7369676E 		.ascii	"signed char\000"
 2044      65642063 
 2044      68617200 
 2045              	.LASF29:
 2046 027f 53747269 		.ascii	"StripLights_fontX\000"
 2046      704C6967 
 2046      6874735F 
 2046      666F6E74 
 2046      5800
 2047              	.LASF37:
 2048 0291 53747269 		.ascii	"StripLights_ColorInc\000"
 2048      704C6967 
 2048      6874735F 
 2048      436F6C6F 
 2048      72496E63 
 2049              	.LASF16:
 2050 02a6 53747269 		.ascii	"StripLights_SetFont\000"
 2050      704C6967 
 2050      6874735F 
ARM GAS  C:\Users\JONSHA~1\AppData\Local\Temp\ccYAG4Ks.s 			page 44


 2050      53657446 
 2050      6F6E7400 
 2051              	.LASF26:
 2052 02ba 74686553 		.ascii	"theString\000"
 2052      7472696E 
 2052      6700
 2053              		.ident	"GCC: (GNU Tools for ARM Embedded Processors) 4.9.3 20150303 (release) [ARM/embedded-4_9-br
