Loading plugins phase: Elapsed time ==> 0s.343ms
Initializing data phase: Elapsed time ==> 0s.000ms
<CYPRESSTAG name="CyDsfit arguments...">
cydsfit arguments: -.fdsnotice -.fdswarpdepfile=warp_dependencies.txt -.fdselabdepfile=elab_dependencies.txt -.fdsbldfile=generated_files.txt -p F:\Downloads\FunWithLEDs\FunWithLEDs\EndOfTheAnalogTrail.cydsn\EndOfTheAnalogTrail.cyprj -d CY8C4245AXI-483 -s F:\Downloads\FunWithLEDs\FunWithLEDs\EndOfTheAnalogTrail.cydsn\Generated_Source\PSoC4 -- -yv2 -q10 -ygs -o2 -v3 -.fftcfgtype=LE</CYPRESSTAG>
<CYPRESSTAG name="Design elaboration results...">
ADD: pft.M0111: information: One or more rows of flash have been configured to be protected; however, debugging has been enabled in the System DWR Editor. This means that while write restrictions are honored flash rows can still be read via SWD or JTAG. To prevent any ability to read the flash rows, disable debugging in the System DWR Editor.
 * F:\Downloads\FunWithLEDs\FunWithLEDs\EndOfTheAnalogTrail.cydsn\EndOfTheAnalogTrail.cydwr (Chip Protection)

</CYPRESSTAG>
Elaboration phase: Elapsed time ==> 0s.875ms
<CYPRESSTAG name="HDL generation results...">
</CYPRESSTAG>
HDL generation phase: Elapsed time ==> 0s.046ms
<CYPRESSTAG name="Synthesis results...">

     | | | | | | |
   _________________
  -|               |-
  -|               |-
  -|               |-
  -|    CYPRESS    |-
  -|               |-
  -|               |-   Warp Verilog Synthesis Compiler: Version 6.3 IR 41
  -|               |-   Copyright (C) 1991-2001 Cypress Semiconductor
   |_______________|
     | | | | | | |

======================================================================
Compiling:  EndOfTheAnalogTrail.v
Program  :   C:\Program Files (x86)\Cypress\PSoC Creator\3.3\PSoC Creator\warp\bin/warp.exe
Options  :    -yv2 -q10 -ygs -o2 -v3 -.fftcfgtype=LE -ya -.fftprj=F:\Downloads\FunWithLEDs\FunWithLEDs\EndOfTheAnalogTrail.cydsn\EndOfTheAnalogTrail.cyprj -dcpsoc3 EndOfTheAnalogTrail.v -verilog
======================================================================

======================================================================
Compiling:  EndOfTheAnalogTrail.v
Program  :   C:\Program Files (x86)\Cypress\PSoC Creator\3.3\PSoC Creator\warp\bin/warp.exe
Options  :    -yv2 -q10 -ygs -o2 -v3 -.fftcfgtype=LE -ya -.fftprj=F:\Downloads\FunWithLEDs\FunWithLEDs\EndOfTheAnalogTrail.cydsn\EndOfTheAnalogTrail.cyprj -dcpsoc3 EndOfTheAnalogTrail.v -verilog
======================================================================

======================================================================
Compiling:  EndOfTheAnalogTrail.v
Program  :   vlogfe
Options  :    -yv2 -q10 -ygs -o2 -v3 -.fftcfgtype=LE -ya -.fftprj=F:\Downloads\FunWithLEDs\FunWithLEDs\EndOfTheAnalogTrail.cydsn\EndOfTheAnalogTrail.cyprj -dcpsoc3 -verilog EndOfTheAnalogTrail.v
======================================================================

vlogfe V6.3 IR 41:  Verilog parser
Wed Apr 06 22:56:15 2016


======================================================================
Compiling:  EndOfTheAnalogTrail.v
Program  :   vpp
Options  :    -yv2 -q10 EndOfTheAnalogTrail.v
======================================================================

vpp V6.3 IR 41:  Verilog Pre-Processor
Wed Apr 06 22:56:15 2016

Flattening file 'C:\Program Files (x86)\Cypress\PSoC Creator\3.3\PSoC Creator\psoc\content\cyprimitives\CyPrimitives.cylib\ZeroTerminal\ZeroTerminal.v'
Flattening file 'C:\Program Files (x86)\Cypress\PSoC Creator\3.3\PSoC Creator\psoc\content\cyprimitives\CyPrimitives.cylib\demux_v1_10\demux_v1_10.v'
Flattening file 'C:\Program Files (x86)\Cypress\PSoC Creator\3.3\PSoC Creator\psoc\content\cyprimitives\CyPrimitives.cylib\CyControlReg_v1_70\CyControlReg_v1_70.v'
Flattening file 'C:\Program Files (x86)\Cypress\PSoC Creator\3.3\PSoC Creator\warp\lib\common\cypress.v'
Flattening file 'C:\Program Files (x86)\Cypress\PSoC Creator\3.3\PSoC Creator\warp\lib\common\cy_psoc3_inc.v'
Flattening file 'F:\Downloads\FunWithLEDs\FunWithLEDs\StripLightLib.cylib\B_WS2811_v1_3\B_WS2811_v1_3.v'
Flattening file 'C:\Program Files (x86)\Cypress\PSoC Creator\3.3\PSoC Creator\warp\lib\common\cypress.v'

vpp:  No errors.

Library 'work' => directory 'lcpsoc3'
General_symbol_table
General_symbol_table
Linking 'C:\Program Files (x86)\Cypress\PSoC Creator\3.3\PSoC Creator\warp\lib\common\std.vhd'.
Linking 'C:\Program Files (x86)\Cypress\PSoC Creator\3.3\PSoC Creator\warp\lib\common\cypress.vhd'.
Linking 'C:\Program Files (x86)\Cypress\PSoC Creator\3.3\PSoC Creator\warp\lib\common\work\cypress.vif'.
Linking 'C:\Program Files (x86)\Cypress\PSoC Creator\3.3\PSoC Creator\warp\lib\ieee\work\stdlogic.vif'.
Linking 'C:\Program Files (x86)\Cypress\PSoC Creator\3.3\PSoC Creator\warp\lib\common\stdlogic\lpmpkg.vif'.
Linking 'C:\Program Files (x86)\Cypress\PSoC Creator\3.3\PSoC Creator\warp\lib\common\stdlogic\rtlpkg.vif'.
Linking 'C:\Program Files (x86)\Cypress\PSoC Creator\3.3\PSoC Creator\warp\lib\common\stdlogic\mod_cnst.vif'.
Linking 'C:\Program Files (x86)\Cypress\PSoC Creator\3.3\PSoC Creator\warp\lib\common\stdlogic\mod_mthv.vif'.
Linking 'C:\Program Files (x86)\Cypress\PSoC Creator\3.3\PSoC Creator\warp\lib\common\stdlogic\mod_genv.vif'.
Using control file 'EndOfTheAnalogTrail.ctl'.
F:\Downloads\FunWithLEDs\FunWithLEDs\StripLightLib.cylib\B_WS2811_v1_3\B_WS2811_v1_3.v (line 165, col 50):  Note: Substituting module 'add_vv_vv' for '+'.
Linking 'C:\Program Files (x86)\Cypress\PSoC Creator\3.3\PSoC Creator\warp\lib\common\stdlogic\cy_psoc3pkg.vif'.
Linking 'C:\Program Files (x86)\Cypress\PSoC Creator\3.3\PSoC Creator\warp\lib\common\stdlogic\cy_psoc3.vif'.

vlogfe:  No errors.


======================================================================
Compiling:  EndOfTheAnalogTrail.v
Program  :   tovif
Options  :    -yv2 -q10 -ygs -o2 -v3 -.fftcfgtype=LE -ya -.fftprj=F:\Downloads\FunWithLEDs\FunWithLEDs\EndOfTheAnalogTrail.cydsn\EndOfTheAnalogTrail.cyprj -dcpsoc3 -verilog EndOfTheAnalogTrail.v
======================================================================

tovif V6.3 IR 41:  High-level synthesis
Wed Apr 06 22:56:15 2016

Linking 'C:\Program Files (x86)\Cypress\PSoC Creator\3.3\PSoC Creator\warp\lib\common\std.vhd'.
Linking 'C:\Program Files (x86)\Cypress\PSoC Creator\3.3\PSoC Creator\warp\lib\common\cypress.vhd'.
Linking 'C:\Program Files (x86)\Cypress\PSoC Creator\3.3\PSoC Creator\warp\lib\common\work\cypress.vif'.
Linking 'C:\Program Files (x86)\Cypress\PSoC Creator\3.3\PSoC Creator\warp\lib\ieee\work\stdlogic.vif'.
Linking 'C:\Program Files (x86)\Cypress\PSoC Creator\3.3\PSoC Creator\warp\lib\common\stdlogic\lpmpkg.vif'.
Linking 'C:\Program Files (x86)\Cypress\PSoC Creator\3.3\PSoC Creator\warp\lib\common\stdlogic\rtlpkg.vif'.
Linking 'C:\Program Files (x86)\Cypress\PSoC Creator\3.3\PSoC Creator\warp\lib\common\stdlogic\mod_cnst.vif'.
Linking 'C:\Program Files (x86)\Cypress\PSoC Creator\3.3\PSoC Creator\warp\lib\common\stdlogic\mod_mthv.vif'.
Linking 'C:\Program Files (x86)\Cypress\PSoC Creator\3.3\PSoC Creator\warp\lib\common\stdlogic\mod_genv.vif'.
Linking 'F:\Downloads\FunWithLEDs\FunWithLEDs\EndOfTheAnalogTrail.cydsn\codegentemp\EndOfTheAnalogTrail.ctl'.
Linking 'C:\Program Files (x86)\Cypress\PSoC Creator\3.3\PSoC Creator\psoc\content\cyprimitives\CyPrimitives.cylib\ZeroTerminal\ZeroTerminal.v'.
Linking 'F:\Downloads\FunWithLEDs\FunWithLEDs\EndOfTheAnalogTrail.cydsn\codegentemp\EndOfTheAnalogTrail.v'.
Linking 'C:\Program Files (x86)\Cypress\PSoC Creator\3.3\PSoC Creator\psoc\content\cyprimitives\CyPrimitives.cylib\demux_v1_10\demux_v1_10.v'.
Linking 'C:\Program Files (x86)\Cypress\PSoC Creator\3.3\PSoC Creator\psoc\content\cyprimitives\CyPrimitives.cylib\CyControlReg_v1_70\CyControlReg_v1_70.v'.
Linking 'C:\Program Files (x86)\Cypress\PSoC Creator\3.3\PSoC Creator\warp\lib\common\cypress.v'.
Linking 'C:\Program Files (x86)\Cypress\PSoC Creator\3.3\PSoC Creator\warp\lib\common\cy_psoc3_inc.v'.
Linking 'F:\Downloads\FunWithLEDs\FunWithLEDs\StripLightLib.cylib\B_WS2811_v1_3\B_WS2811_v1_3.v'.
Linking 'C:\Program Files (x86)\Cypress\PSoC Creator\3.3\PSoC Creator\warp\lib\common\stdlogic\cy_psoc3pkg.vif'.
Linking 'C:\Program Files (x86)\Cypress\PSoC Creator\3.3\PSoC Creator\warp\lib\common\stdlogic\cy_psoc3.vif'.
Linking 'C:\Program Files (x86)\Cypress\PSoC Creator\3.3\PSoC Creator\warp\lib\lcpsoc3\stdlogic\mod_cnst.vif'.

tovif:  No errors.


======================================================================
Compiling:  EndOfTheAnalogTrail.v
Program  :   topld
Options  :    -yv2 -q10 -ygs -o2 -v3 -.fftcfgtype=LE -ya -.fftprj=F:\Downloads\FunWithLEDs\FunWithLEDs\EndOfTheAnalogTrail.cydsn\EndOfTheAnalogTrail.cyprj -dcpsoc3 -verilog EndOfTheAnalogTrail.v
======================================================================

topld V6.3 IR 41:  Synthesis and optimization
Wed Apr 06 22:56:16 2016

Linking 'C:\Program Files (x86)\Cypress\PSoC Creator\3.3\PSoC Creator\warp\lib\common\std.vhd'.
Linking 'C:\Program Files (x86)\Cypress\PSoC Creator\3.3\PSoC Creator\warp\lib\common\cypress.vhd'.
Linking 'C:\Program Files (x86)\Cypress\PSoC Creator\3.3\PSoC Creator\warp\lib\common\work\cypress.vif'.
Linking 'C:\Program Files (x86)\Cypress\PSoC Creator\3.3\PSoC Creator\warp\lib\ieee\work\stdlogic.vif'.
Linking 'C:\Program Files (x86)\Cypress\PSoC Creator\3.3\PSoC Creator\warp\lib\common\stdlogic\lpmpkg.vif'.
Linking 'C:\Program Files (x86)\Cypress\PSoC Creator\3.3\PSoC Creator\warp\lib\common\stdlogic\rtlpkg.vif'.
Linking 'C:\Program Files (x86)\Cypress\PSoC Creator\3.3\PSoC Creator\warp\lib\common\stdlogic\mod_cnst.vif'.
Linking 'C:\Program Files (x86)\Cypress\PSoC Creator\3.3\PSoC Creator\warp\lib\common\stdlogic\mod_mthv.vif'.
Linking 'C:\Program Files (x86)\Cypress\PSoC Creator\3.3\PSoC Creator\warp\lib\common\stdlogic\mod_genv.vif'.
Linking 'F:\Downloads\FunWithLEDs\FunWithLEDs\EndOfTheAnalogTrail.cydsn\codegentemp\EndOfTheAnalogTrail.ctl'.
Linking 'C:\Program Files (x86)\Cypress\PSoC Creator\3.3\PSoC Creator\psoc\content\cyprimitives\CyPrimitives.cylib\ZeroTerminal\ZeroTerminal.v'.
Linking 'F:\Downloads\FunWithLEDs\FunWithLEDs\EndOfTheAnalogTrail.cydsn\codegentemp\EndOfTheAnalogTrail.v'.
Linking 'C:\Program Files (x86)\Cypress\PSoC Creator\3.3\PSoC Creator\psoc\content\cyprimitives\CyPrimitives.cylib\demux_v1_10\demux_v1_10.v'.
Linking 'C:\Program Files (x86)\Cypress\PSoC Creator\3.3\PSoC Creator\psoc\content\cyprimitives\CyPrimitives.cylib\CyControlReg_v1_70\CyControlReg_v1_70.v'.
Linking 'C:\Program Files (x86)\Cypress\PSoC Creator\3.3\PSoC Creator\warp\lib\common\cypress.v'.
Linking 'C:\Program Files (x86)\Cypress\PSoC Creator\3.3\PSoC Creator\warp\lib\common\cy_psoc3_inc.v'.
Linking 'F:\Downloads\FunWithLEDs\FunWithLEDs\StripLightLib.cylib\B_WS2811_v1_3\B_WS2811_v1_3.v'.
Linking 'C:\Program Files (x86)\Cypress\PSoC Creator\3.3\PSoC Creator\warp\lib\common\stdlogic\cy_psoc3pkg.vif'.
Linking 'C:\Program Files (x86)\Cypress\PSoC Creator\3.3\PSoC Creator\warp\lib\common\stdlogic\cy_psoc3.vif'.
Linking 'C:\Program Files (x86)\Cypress\PSoC Creator\3.3\PSoC Creator\warp\lib\lcpsoc3\stdlogic\mod_cnst.vif'.
Linking 'C:\Program Files (x86)\Cypress\PSoC Creator\3.3\PSoC Creator\warp\lib\lcpsoc3\stdlogic\cpsoc3.vif'.

----------------------------------------------------------
Detecting unused logic.
----------------------------------------------------------
    User names
	\StripLights:demux_1:tmp__demux_1_1_reg\
	\StripLights:demux_1:tmp__demux_1_2_reg\
	\StripLights:demux_1:tmp__demux_1_3_reg\
	\StripLights:demux_1:tmp__demux_1_4_reg\
	\StripLights:demux_1:tmp__demux_1_5_reg\
	\StripLights:demux_1:tmp__demux_1_6_reg\
	\StripLights:demux_1:tmp__demux_1_7_reg\
	\StripLights:demux_1:tmp__demux_1_8_reg\
	\StripLights:demux_1:tmp__demux_1_9_reg\
	\StripLights:demux_1:tmp__demux_1_10_reg\
	\StripLights:demux_1:tmp__demux_1_11_reg\
	\StripLights:demux_1:tmp__demux_1_12_reg\
	\StripLights:demux_1:tmp__demux_1_13_reg\
	\StripLights:demux_1:tmp__demux_1_14_reg\
	\StripLights:demux_1:tmp__demux_1_15_reg\
	Net_76
	Net_77
	Net_78
	Net_79
	Net_80
	Net_81
	Net_82
	Net_83
	Net_84
	Net_85
	Net_86
	Net_87
	Net_88
	Net_89
	Net_90
	\StripLights:Net_139\
	\StripLights:Net_140\
	\StripLights:Net_141\
	\StripLights:Net_142\
	\StripLights:B_WS2811:npwmTC\
	\StripLights:B_WS2811:restart\
	\StripLights:Net_163\
	\StripLights:B_WS2811:MODULE_1:g2:a0:b_2\
	\StripLights:B_WS2811:MODULE_1:g2:a0:b_1\
	\StripLights:B_WS2811:MODULE_1:g2:a0:b_0\


Deleted 40 User equations/components.
Deleted 0 Synthesized equations/components.

------------------------------------------------------
Alias Detection
------------------------------------------------------
Aliasing \StripLights:StringSel:clk\ to \StripLights:Net_7\
Aliasing \StripLights:StringSel:rst\ to \StripLights:Net_7\
Aliasing zero to \StripLights:Net_7\
Aliasing \StripLights:B_WS2811:status_5\ to \StripLights:Net_7\
Aliasing \StripLights:B_WS2811:status_4\ to \StripLights:Net_7\
Aliasing \StripLights:B_WS2811:status_3\ to \StripLights:Net_7\
Aliasing \StripLights:B_WS2811:status_2\ to \StripLights:Net_7\
Aliasing \StripLights:B_WS2811:dataOut\\S\ to \StripLights:Net_7\
Aliasing \StripLights:B_WS2811:xferCmpt\\R\ to \StripLights:B_WS2811:dataOut\\R\
Aliasing \StripLights:B_WS2811:xferCmpt\\S\ to \StripLights:Net_7\
Aliasing \StripLights:B_WS2811:bitCount_2\\R\ to \StripLights:B_WS2811:dataOut\\R\
Aliasing \StripLights:B_WS2811:bitCount_2\\S\ to \StripLights:Net_7\
Aliasing \StripLights:B_WS2811:state_1\\R\ to \StripLights:B_WS2811:dataOut\\R\
Aliasing \StripLights:B_WS2811:state_1\\S\ to \StripLights:Net_7\
Aliasing \StripLights:B_WS2811:state_0\\R\ to \StripLights:B_WS2811:dataOut\\R\
Aliasing \StripLights:B_WS2811:state_0\\S\ to \StripLights:Net_7\
Aliasing \StripLights:B_WS2811:bitCount_1\\R\ to \StripLights:B_WS2811:dataOut\\R\
Aliasing \StripLights:B_WS2811:bitCount_1\\S\ to \StripLights:Net_7\
Aliasing \StripLights:B_WS2811:bitCount_0\\R\ to \StripLights:B_WS2811:dataOut\\R\
Aliasing \StripLights:B_WS2811:bitCount_0\\S\ to \StripLights:Net_7\
Aliasing \StripLights:B_WS2811:dpAddr_1\\R\ to \StripLights:B_WS2811:dataOut\\R\
Aliasing \StripLights:B_WS2811:dpAddr_1\\S\ to \StripLights:Net_7\
Aliasing \StripLights:B_WS2811:dpAddr_0\\R\ to \StripLights:B_WS2811:dataOut\\R\
Aliasing \StripLights:B_WS2811:dpAddr_0\\S\ to \StripLights:Net_7\
Aliasing \StripLights:B_WS2811:pwmCntl\\R\ to \StripLights:Net_7\
Aliasing \StripLights:B_WS2811:pwmCntl\\S\ to \StripLights:B_WS2811:dataOut\\R\
Aliasing \StripLights:B_WS2811:dshifter:cs_addr_2\ to \StripLights:Net_7\
Aliasing \StripLights:B_WS2811:pwm8:cs_addr_2\ to \StripLights:Net_7\
Aliasing tmpOE__Din_net_0 to \StripLights:B_WS2811:MODULE_1:g2:a0:g1:z1:s0:g1:u0:b_0\
Aliasing one to \StripLights:B_WS2811:MODULE_1:g2:a0:g1:z1:s0:g1:u0:b_0\
Aliasing tmpOE__SW1_net_0 to \StripLights:B_WS2811:MODULE_1:g2:a0:g1:z1:s0:g1:u0:b_0\
Removing Rhs of wire \StripLights:saddr_3\[8] = \StripLights:StringSel:control_out_3\[49]
Removing Rhs of wire \StripLights:saddr_3\[8] = \StripLights:StringSel:control_3\[63]
Removing Rhs of wire \StripLights:saddr_2\[9] = \StripLights:StringSel:control_out_2\[48]
Removing Rhs of wire \StripLights:saddr_2\[9] = \StripLights:StringSel:control_2\[64]
Removing Rhs of wire \StripLights:saddr_1\[10] = \StripLights:StringSel:control_out_1\[47]
Removing Rhs of wire \StripLights:saddr_1\[10] = \StripLights:StringSel:control_1\[65]
Removing Rhs of wire \StripLights:saddr_0\[11] = \StripLights:StringSel:control_out_0\[46]
Removing Rhs of wire \StripLights:saddr_0\[11] = \StripLights:StringSel:control_0\[66]
Removing Rhs of wire \StripLights:Net_64\[12] = \StripLights:B_WS2811:dataOut\[73]
Removing Rhs of wire Net_23[28] = \StripLights:demux_1:tmp__demux_1_0_reg\[7]
Removing Lhs of wire \StripLights:StringSel:clk\[44] = \StripLights:Net_7\[0]
Removing Lhs of wire \StripLights:StringSel:rst\[45] = \StripLights:Net_7\[0]
Removing Rhs of wire zero[75] = \StripLights:Net_7\[0]
Removing Rhs of wire \StripLights:B_WS2811:status_7\[85] = \StripLights:B_WS2811:enable\[93]
Removing Lhs of wire \StripLights:B_WS2811:status_7\[85] = \StripLights:B_WS2811:control_0\[83]
Removing Rhs of wire \StripLights:B_WS2811:status_6\[86] = \StripLights:B_WS2811:xferCmpt\[101]
Removing Lhs of wire \StripLights:B_WS2811:status_5\[87] = zero[75]
Removing Lhs of wire \StripLights:B_WS2811:status_4\[88] = zero[75]
Removing Lhs of wire \StripLights:B_WS2811:status_3\[89] = zero[75]
Removing Lhs of wire \StripLights:B_WS2811:status_2\[90] = zero[75]
Removing Rhs of wire \StripLights:B_WS2811:status_1\[91] = \StripLights:B_WS2811:fifoNotFull\[100]
Removing Rhs of wire \StripLights:B_WS2811:status_0\[92] = \StripLights:B_WS2811:fifoEmpty\[99]
Removing Lhs of wire \StripLights:B_WS2811:fifo_irq_en\[96] = \StripLights:B_WS2811:control_3\[80]
Removing Lhs of wire \StripLights:B_WS2811:xfrCmpt_irq_en\[97] = \StripLights:B_WS2811:control_4\[79]
Removing Lhs of wire \StripLights:B_WS2811:next_row\[98] = \StripLights:B_WS2811:control_5\[78]
Removing Lhs of wire \StripLights:B_WS2811:add_vv_vv_MODGEN_1_2\[105] = \StripLights:B_WS2811:MODULE_1:g2:a0:s_2\[205]
Removing Lhs of wire \StripLights:B_WS2811:add_vv_vv_MODGEN_1_1\[107] = \StripLights:B_WS2811:MODULE_1:g2:a0:s_1\[206]
Removing Lhs of wire \StripLights:B_WS2811:add_vv_vv_MODGEN_1_0\[109] = \StripLights:B_WS2811:MODULE_1:g2:a0:s_0\[207]
Removing Lhs of wire \StripLights:B_WS2811:dataOut\\R\[114] = zero[75]
Removing Lhs of wire \StripLights:B_WS2811:dataOut\\S\[115] = zero[75]
Removing Lhs of wire \StripLights:B_WS2811:xferCmpt\\R\[116] = zero[75]
Removing Lhs of wire \StripLights:B_WS2811:xferCmpt\\S\[117] = zero[75]
Removing Lhs of wire \StripLights:B_WS2811:bitCount_2\\R\[118] = zero[75]
Removing Lhs of wire \StripLights:B_WS2811:bitCount_2\\S\[119] = zero[75]
Removing Lhs of wire \StripLights:B_WS2811:state_1\\R\[120] = zero[75]
Removing Lhs of wire \StripLights:B_WS2811:state_1\\S\[121] = zero[75]
Removing Lhs of wire \StripLights:B_WS2811:state_0\\R\[122] = zero[75]
Removing Lhs of wire \StripLights:B_WS2811:state_0\\S\[123] = zero[75]
Removing Lhs of wire \StripLights:B_WS2811:bitCount_1\\R\[124] = zero[75]
Removing Lhs of wire \StripLights:B_WS2811:bitCount_1\\S\[125] = zero[75]
Removing Lhs of wire \StripLights:B_WS2811:bitCount_0\\R\[126] = zero[75]
Removing Lhs of wire \StripLights:B_WS2811:bitCount_0\\S\[127] = zero[75]
Removing Lhs of wire \StripLights:B_WS2811:dpAddr_1\\R\[128] = zero[75]
Removing Lhs of wire \StripLights:B_WS2811:dpAddr_1\\S\[129] = zero[75]
Removing Lhs of wire \StripLights:B_WS2811:dpAddr_0\\R\[130] = zero[75]
Removing Lhs of wire \StripLights:B_WS2811:dpAddr_0\\S\[131] = zero[75]
Removing Lhs of wire \StripLights:B_WS2811:pwmCntl\\R\[132] = zero[75]
Removing Lhs of wire \StripLights:B_WS2811:pwmCntl\\S\[133] = zero[75]
Removing Lhs of wire \StripLights:B_WS2811:dshifter:cs_addr_2\[135] = zero[75]
Removing Lhs of wire \StripLights:B_WS2811:pwm8:cs_addr_2\[166] = zero[75]
Removing Lhs of wire \StripLights:B_WS2811:MODULE_1:g2:a0:a_2\[196] = \StripLights:B_WS2811:MODIN1_2\[197]
Removing Lhs of wire \StripLights:B_WS2811:MODIN1_2\[197] = \StripLights:B_WS2811:bitCount_2\[102]
Removing Lhs of wire \StripLights:B_WS2811:MODULE_1:g2:a0:a_1\[198] = \StripLights:B_WS2811:MODIN1_1\[199]
Removing Lhs of wire \StripLights:B_WS2811:MODIN1_1\[199] = \StripLights:B_WS2811:bitCount_1\[106]
Removing Lhs of wire \StripLights:B_WS2811:MODULE_1:g2:a0:a_0\[200] = \StripLights:B_WS2811:MODIN1_0\[201]
Removing Lhs of wire \StripLights:B_WS2811:MODIN1_0\[201] = \StripLights:B_WS2811:bitCount_0\[108]
Removing Rhs of wire \StripLights:B_WS2811:MODULE_1:g2:a0:g1:z1:s0:g1:u0:c_0\[210] = \StripLights:B_WS2811:MODULE_1:g2:a0:g1:z1:s0:g1:u0:b_0\[211]
Removing Rhs of wire tmpOE__Din_net_0[217] = \StripLights:B_WS2811:MODULE_1:g2:a0:g1:z1:s0:g1:u0:c_0\[210]
Removing Lhs of wire one[221] = tmpOE__Din_net_0[217]
Removing Lhs of wire tmpOE__SW1_net_0[226] = tmpOE__Din_net_0[217]

------------------------------------------------------
Aliased 0 equations, 60 wires.
------------------------------------------------------

----------------------------------------------------------
Circuit simplification
----------------------------------------------------------

Substituting virtuals - pass 1:

Note:  Expanding virtual equation for '\StripLights:B_WS2811:zeroBit\' (cost = 0):
\StripLights:B_WS2811:zeroBit\ <= (not \StripLights:B_WS2811:zeroCmp\);

Note:  Expanding virtual equation for '\StripLights:B_WS2811:oneBit\' (cost = 0):
\StripLights:B_WS2811:oneBit\ <= (not \StripLights:B_WS2811:oneCmp\);

Note:  Expanding virtual equation for 'tmpOE__Din_net_0' (cost = 0):
tmpOE__Din_net_0 <=  ('1') ;


Substituting virtuals - pass 2:

Note:  Expanding virtual equation for '\StripLights:B_WS2811:MODULE_1:g2:a0:g1:z1:s0:g1:u0:c_1\' (cost = 0):
\StripLights:B_WS2811:MODULE_1:g2:a0:g1:z1:s0:g1:u0:c_1\ <= (\StripLights:B_WS2811:bitCount_0\);

Note:  Expanding virtual equation for '\StripLights:B_WS2811:MODULE_1:g2:a0:s_0\' (cost = 0):
\StripLights:B_WS2811:MODULE_1:g2:a0:s_0\ <= (not \StripLights:B_WS2811:bitCount_0\);


Substituting virtuals - pass 3:

Note:  Expanding virtual equation for '\StripLights:B_WS2811:MODULE_1:g2:a0:g1:z1:s0:g1:u0:c_2\' (cost = 3):
\StripLights:B_WS2811:MODULE_1:g2:a0:g1:z1:s0:g1:u0:c_2\ <= ((\StripLights:B_WS2811:bitCount_1\ and \StripLights:B_WS2811:bitCount_0\));

Note:  Expanding virtual equation for '\StripLights:B_WS2811:MODULE_1:g2:a0:s_1\' (cost = 8):
\StripLights:B_WS2811:MODULE_1:g2:a0:s_1\ <= ((not \StripLights:B_WS2811:bitCount_0\ and \StripLights:B_WS2811:bitCount_1\)
	OR (not \StripLights:B_WS2811:bitCount_1\ and \StripLights:B_WS2811:bitCount_0\));


Substituting virtuals - pass 4:

Note:  Expanding virtual equation for '\StripLights:B_WS2811:MODULE_1:g2:a0:s_2\' (cost = 48):
\StripLights:B_WS2811:MODULE_1:g2:a0:s_2\ <= ((not \StripLights:B_WS2811:bitCount_1\ and \StripLights:B_WS2811:bitCount_2\)
	OR (not \StripLights:B_WS2811:bitCount_0\ and \StripLights:B_WS2811:bitCount_2\)
	OR (not \StripLights:B_WS2811:bitCount_2\ and \StripLights:B_WS2811:bitCount_1\ and \StripLights:B_WS2811:bitCount_0\));


Substituting virtuals - pass 5:


----------------------------------------------------------
Circuit simplification results:

	Expanded 8 signals.
	Turned 0 signals into soft nodes.
	Maximum default expansion cost was set at 3.
----------------------------------------------------------

------------------------------------------------------
Alias Detection
------------------------------------------------------

------------------------------------------------------
Aliased 0 equations, 0 wires.
------------------------------------------------------

Last attempt to remove unused logic - pass 1:


Last attempt to remove unused logic - pass 2:


topld:  No errors.

CYPRESS_DIR    : C:\Program Files (x86)\Cypress\PSoC Creator\3.3\PSoC Creator\warp
Warp Program   : C:\Program Files (x86)\Cypress\PSoC Creator\3.3\PSoC Creator\warp\bin/warp.exe
Warp Arguments : -yv2 -q10 -ygs -o2 -v3 -.fftcfgtype=LE -ya -.fftprj=F:\Downloads\FunWithLEDs\FunWithLEDs\EndOfTheAnalogTrail.cydsn\EndOfTheAnalogTrail.cyprj -dcpsoc3 EndOfTheAnalogTrail.v -verilog
</CYPRESSTAG>
Warp synthesis phase: Elapsed time ==> 0s.859ms
<CYPRESSTAG name="Fitter results...">
<CYPRESSTAG name="Fitter startup details...">
cyp3fit: V3.3.0.7343, Family: PSoC3, Started at: Wednesday, 06 April 2016 22:56:16
Options: -yv2 -q10 -ygs -o2 -v3 -.fftcfgtype=LE -ya -.fftprj=F:\Downloads\FunWithLEDs\FunWithLEDs\EndOfTheAnalogTrail.cydsn\EndOfTheAnalogTrail.cyprj -d CY8C4245AXI-483 EndOfTheAnalogTrail.v -verilog
</CYPRESSTAG>
<CYPRESSTAG name="Design parsing">
Design parsing phase: Elapsed time ==> 0s.015ms
</CYPRESSTAG>
<CYPRESSTAG name="Tech mapping">
<CYPRESSTAG name="Initial Mapping" icon="FILE_RPT_TECHM">
Assigning clock StripLights_HFCLK to clock HFCLK because it is a pass-through
<CYPRESSTAG name="Global Clock Selection" icon="FILE_RPT_TECHM">
<CYPRESSTAG name="UDB Clock/Enable Remapping Results">
</CYPRESSTAG>
</CYPRESSTAG>

Removing unused cells resulting from optimization
Done removing unused cells.
<CYPRESSTAG name="Duplicate Macrocell detection">
</CYPRESSTAG>
</CYPRESSTAG>
<CYPRESSTAG name="Duplicate Macrocell detection">
</CYPRESSTAG>
<CYPRESSTAG name="Design Equations" icon="FILE_RPT_EQUATION">

------------------------------------------------------------
Design Equations
------------------------------------------------------------
    <CYPRESSTAG name="Pin listing">

    ------------------------------------------------------------
    Pin listing
    ------------------------------------------------------------

    Pin : Name = Din(0)
        Attributes:
            In Group/Port: True
            In Sync Option: AUTO
            Out Sync Option: NOSYNC
            Interrupt generated: False
            Interrupt mode: NONE
            Drive mode: CMOS_OUT
            VTrip: EITHER
            Slew: FAST
            Input Sync needed: False
            Output Sync needed: False
            SC shield enabled: False
            POR State: ANY
            LCD Mode: COMMON
            Register Mode: RegComb
            CaSense Mode: NEITHER
            Treat as pin: True
            Is OE Registered: False
            Uses Analog: False
            Can contain Digital: True
            Is SIO: False
            SIO Output Buf: NONREGULATED
            SIO Input Buf: SINGLE_ENDED
            SIO HiFreq: LOW
            SIO Hyst: DISABLED
            SIO Vtrip: MULTIPLIER_0_5
            SIO Multiplier Index: 0
            SIO RefSel: VCC_IO
            Required Capabilitites: DIGITAL, ROUTABLE
            Initial Value: 1
            IO Voltage: 0
        PORT MAP (
            pa_out => Din(0)__PA ,
            input => Net_23 ,
            annotation => Net_18 ,
            pad => Din(0)_PAD );
        Properties:
        {
        }

    Pin : Name = SW1(0)
        Attributes:
            In Group/Port: True
            In Sync Option: SYNC
            Out Sync Option: AUTO
            Interrupt generated: False
            Interrupt mode: NONE
            Drive mode: RES_PULL_UP
            VTrip: CMOS
            Slew: FAST
            Input Sync needed: True
            Output Sync needed: False
            SC shield enabled: False
            POR State: ANY
            LCD Mode: COMMON
            Register Mode: RegComb
            CaSense Mode: NEITHER
            Treat as pin: True
            Is OE Registered: False
            Uses Analog: False
            Can contain Digital: True
            Is SIO: False
            SIO Output Buf: NONREGULATED
            SIO Input Buf: SINGLE_ENDED
            SIO HiFreq: LOW
            SIO Hyst: DISABLED
            SIO Vtrip: MULTIPLIER_0_5
            SIO Multiplier Index: 0
            SIO RefSel: VCC_IO
            Required Capabilitites: DIGITAL, ROUTABLE
            Initial Value: 1
            IO Voltage: 0
        PORT MAP (
            pa_out => SW1(0)__PA ,
            annotation => Net_516 ,
            pad => SW1(0)_PAD );
        Properties:
        {
        }
    </CYPRESSTAG>
    <CYPRESSTAG name="Macrocell listing" icon="FILE_RPT_EQUATION">

    ------------------------------------------------------------
    Macrocell listing
    ------------------------------------------------------------

    MacroCell: Name=Net_23, Mode=(Combinatorial)
        Total # of inputs        : 5
        Total # of product terms : 1
            Clock Enable: True
        Main Equation            : 1 pterm
        (
              !\StripLights:saddr_3\ * !\StripLights:saddr_2\ * 
              !\StripLights:saddr_1\ * !\StripLights:saddr_0\ * 
              \StripLights:Net_64\
        );
        Output = Net_23 (fanout=1)

    MacroCell: Name=\StripLights:Net_159\, Mode=(Combinatorial)
        Total # of inputs        : 3
        Total # of product terms : 1
            Clock Enable: True
        Main Equation            : 1 pterm
        (
              \StripLights:B_WS2811:control_3\ * 
              \StripLights:B_WS2811:control_0\ * 
              \StripLights:B_WS2811:status_0\
        );
        Output = \StripLights:Net_159\ (fanout=1)

    MacroCell: Name=Net_75, Mode=(Combinatorial)
        Total # of inputs        : 3
        Total # of product terms : 1
            Clock Enable: True
        Main Equation            : 1 pterm
        (
              \StripLights:B_WS2811:control_4\ * 
              \StripLights:B_WS2811:control_0\ * 
              \StripLights:B_WS2811:status_6\
        );
        Output = Net_75 (fanout=1)

    MacroCell: Name=\StripLights:Net_64\, Mode=(D-Register)
        Total # of inputs        : 5
        Total # of product terms : 3
        List of special equations: 
            Clock  = (ClockBlock_HFCLK) => Global
            Clock Enable: True
        Main Equation            : 3 pterms
        (
              !\StripLights:B_WS2811:zeroCmp\ * 
              \StripLights:B_WS2811:state_1\ * 
              !\StripLights:B_WS2811:state_0\ * 
              !\StripLights:B_WS2811:shiftOut\
            + !\StripLights:B_WS2811:oneCmp\ * \StripLights:B_WS2811:state_1\ * 
              !\StripLights:B_WS2811:state_0\ * 
              \StripLights:B_WS2811:shiftOut\
            + !\StripLights:B_WS2811:state_1\ * 
              \StripLights:B_WS2811:state_0\
        );
        Output = \StripLights:Net_64\ (fanout=1)

    MacroCell: Name=\StripLights:B_WS2811:status_6\, Mode=(D-Register)
        Total # of inputs        : 2
        Total # of product terms : 1
        List of special equations: 
            Clock  = (ClockBlock_HFCLK) => Global
            Clock Enable: True
        Main Equation            : 1 pterm
        (
              \StripLights:B_WS2811:state_1\ * \StripLights:B_WS2811:state_0\
        );
        Output = \StripLights:B_WS2811:status_6\ (fanout=2)

    MacroCell: Name=\StripLights:B_WS2811:bitCount_2\, Mode=(T-Register)
        Total # of inputs        : 6
        Total # of product terms : 2
        List of special equations: 
            Clock  = (ClockBlock_HFCLK) => Global
            Clock Enable: True
        Main Equation            : 2 pterms
        (
              \StripLights:B_WS2811:pwmTC\ * \StripLights:B_WS2811:state_1\ * 
              !\StripLights:B_WS2811:state_0\ * 
              \StripLights:B_WS2811:bitCount_1\ * 
              \StripLights:B_WS2811:bitCount_0\
            + \StripLights:B_WS2811:bitCount_2\ * 
              !\StripLights:B_WS2811:state_1\
        );
        Output = \StripLights:B_WS2811:bitCount_2\ (fanout=4)

    MacroCell: Name=\StripLights:B_WS2811:state_1\, Mode=(D-Register)
        Total # of inputs        : 9
        Total # of product terms : 3
        List of special equations: 
            Clock  = (ClockBlock_HFCLK) => Global
            Clock Enable: True
        Main Equation            : 3 pterms
        !(
              \StripLights:B_WS2811:pwmTC\ * \StripLights:B_WS2811:control_0\ * 
              !\StripLights:B_WS2811:status_0\ * 
              \StripLights:B_WS2811:bitCount_2\ * 
              !\StripLights:B_WS2811:state_0\ * 
              \StripLights:B_WS2811:bitCount_1\ * 
              \StripLights:B_WS2811:bitCount_0\
            + \StripLights:B_WS2811:control_5\ * 
              \StripLights:B_WS2811:state_1\ * \StripLights:B_WS2811:state_0\
            + !\StripLights:B_WS2811:state_1\ * 
              !\StripLights:B_WS2811:state_0\
        );
        Output = \StripLights:B_WS2811:state_1\ (fanout=10)

    MacroCell: Name=\StripLights:B_WS2811:state_0\, Mode=(D-Register)
        Total # of inputs        : 9
        Total # of product terms : 3
        List of special equations: 
            Clock  = (ClockBlock_HFCLK) => Global
            Clock Enable: True
        Main Equation            : 3 pterms
        (
              \StripLights:B_WS2811:pwmTC\ * 
              \StripLights:B_WS2811:bitCount_2\ * 
              \StripLights:B_WS2811:state_1\ * 
              !\StripLights:B_WS2811:state_0\ * 
              \StripLights:B_WS2811:bitCount_1\ * 
              \StripLights:B_WS2811:bitCount_0\
            + !\StripLights:B_WS2811:control_5\ * 
              \StripLights:B_WS2811:state_1\ * \StripLights:B_WS2811:state_0\
            + \StripLights:B_WS2811:control_0\ * 
              !\StripLights:B_WS2811:status_0\ * 
              !\StripLights:B_WS2811:state_1\ * 
              !\StripLights:B_WS2811:state_0\
        );
        Output = \StripLights:B_WS2811:state_0\ (fanout=10)

    MacroCell: Name=\StripLights:B_WS2811:bitCount_1\, Mode=(T-Register)
        Total # of inputs        : 5
        Total # of product terms : 2
        List of special equations: 
            Clock  = (ClockBlock_HFCLK) => Global
            Clock Enable: True
        Main Equation            : 2 pterms
        (
              \StripLights:B_WS2811:pwmTC\ * \StripLights:B_WS2811:state_1\ * 
              !\StripLights:B_WS2811:state_0\ * 
              \StripLights:B_WS2811:bitCount_0\
            + !\StripLights:B_WS2811:state_1\ * 
              \StripLights:B_WS2811:bitCount_1\
        );
        Output = \StripLights:B_WS2811:bitCount_1\ (fanout=5)

    MacroCell: Name=\StripLights:B_WS2811:bitCount_0\, Mode=(T-Register)
        Total # of inputs        : 4
        Total # of product terms : 2
        List of special equations: 
            Clock  = (ClockBlock_HFCLK) => Global
            Clock Enable: True
        Main Equation            : 2 pterms
        (
              \StripLights:B_WS2811:pwmTC\ * \StripLights:B_WS2811:state_1\ * 
              !\StripLights:B_WS2811:state_0\
            + !\StripLights:B_WS2811:state_1\ * 
              \StripLights:B_WS2811:bitCount_0\
        );
        Output = \StripLights:B_WS2811:bitCount_0\ (fanout=6)

    MacroCell: Name=\StripLights:B_WS2811:dpAddr_1\, Mode=(D-Register)
        Total # of inputs        : 7
        Total # of product terms : 4
        List of special equations: 
            Clock  = (ClockBlock_HFCLK) => Global
            Clock Enable: True
        Main Equation            : 4 pterms
        (
              \StripLights:B_WS2811:pwmTC\ * 
              !\StripLights:B_WS2811:bitCount_2\ * 
              \StripLights:B_WS2811:state_1\ * 
              !\StripLights:B_WS2811:state_0\
            + \StripLights:B_WS2811:pwmTC\ * \StripLights:B_WS2811:state_1\ * 
              !\StripLights:B_WS2811:state_0\ * 
              !\StripLights:B_WS2811:bitCount_1\
            + \StripLights:B_WS2811:pwmTC\ * \StripLights:B_WS2811:state_1\ * 
              !\StripLights:B_WS2811:state_0\ * 
              !\StripLights:B_WS2811:bitCount_0\
            + \StripLights:B_WS2811:state_1\ * \StripLights:B_WS2811:state_0\ * 
              \StripLights:B_WS2811:dpAddr_1\
        );
        Output = \StripLights:B_WS2811:dpAddr_1\ (fanout=2)

    MacroCell: Name=\StripLights:B_WS2811:dpAddr_0\, Mode=(D-Register)
        Total # of inputs        : 3
        Total # of product terms : 2
        List of special equations: 
            Clock  = (ClockBlock_HFCLK) => Global
            Clock Enable: True
        Main Equation            : 2 pterms
        (
              !\StripLights:B_WS2811:state_1\ * 
              \StripLights:B_WS2811:state_0\
            + \StripLights:B_WS2811:state_0\ * 
              \StripLights:B_WS2811:dpAddr_0\
        );
        Output = \StripLights:B_WS2811:dpAddr_0\ (fanout=2)

    MacroCell: Name=\StripLights:B_WS2811:pwmCntl\, Mode=(D-Register)
        Total # of inputs        : 5
        Total # of product terms : 3
        List of special equations: 
            Clock  = (ClockBlock_HFCLK) => Global
            Clock Enable: True
        Main Equation            : 3 pterms
        !(
              \StripLights:B_WS2811:control_0\ * 
              !\StripLights:B_WS2811:status_0\ * 
              !\StripLights:B_WS2811:state_0\
            + \StripLights:B_WS2811:state_1\ * 
              !\StripLights:B_WS2811:state_0\
            + \StripLights:B_WS2811:state_1\ * 
              !\StripLights:B_WS2811:pwmCntl\
        );
        Output = \StripLights:B_WS2811:pwmCntl\ (fanout=2)
    </CYPRESSTAG>
    <CYPRESSTAG name="Datapath listing">

    ------------------------------------------------------------
    Datapath listing
    ------------------------------------------------------------

    datapathcell: Name =\StripLights:B_WS2811:dshifter:u0\
        PORT MAP (
            clock => ClockBlock_HFCLK ,
            cs_addr_1 => \StripLights:B_WS2811:dpAddr_1\ ,
            cs_addr_0 => \StripLights:B_WS2811:dpAddr_0\ ,
            so_comb => \StripLights:B_WS2811:shiftOut\ ,
            f0_bus_stat_comb => \StripLights:B_WS2811:status_1\ ,
            f0_blk_stat_comb => \StripLights:B_WS2811:status_0\ );
        Properties:
        {
            a0_init = "00000000"
            a1_init = "00000000"
            ce0_sync = 1
            ce1_sync = 1
            cl0_sync = 1
            cl1_sync = 1
            cmsb_sync = 1
            co_msb_sync = 1
            cy_dpconfig = "0000000000000000000000001100000000000001010000000000000000000000000000000000000000000000000000000000000000000000000000000000000011111111000000001111111111111111000000000000000000000000000000000000000000000000"
            d0_init = "00000000"
            d1_init = "00000000"
            f0_blk_sync = 1
            f0_bus_sync = 1
            f1_blk_sync = 1
            f1_bus_sync = 1
            ff0_sync = 1
            ff1_sync = 1
            ov_msb_sync = 1
            so_sync = 1
            z0_sync = 1
            z1_sync = 1
        }
        Clock Polarity: Active High
        Clock Enable: True

    datapathcell: Name =\StripLights:B_WS2811:pwm8:u0\
        PORT MAP (
            clock => ClockBlock_HFCLK ,
            cs_addr_1 => \StripLights:B_WS2811:pwmCntl\ ,
            cs_addr_0 => \StripLights:B_WS2811:pwmTC\ ,
            cl0_comb => \StripLights:B_WS2811:zeroCmp\ ,
            z0_comb => \StripLights:B_WS2811:pwmTC\ ,
            cl1_comb => \StripLights:B_WS2811:oneCmp\ );
        Properties:
        {
            a0_init = "00011000"
            a1_init = "00011000"
            ce0_sync = 1
            ce1_sync = 1
            cl0_sync = 1
            cl1_sync = 1
            cmsb_sync = 1
            co_msb_sync = 1
            cy_dpconfig = "0100000001000000000000001100000000000000110000000000000011000000000000000000000000000000000000000000000000000000000000000000000011111111000000001111111111111111101000000000000000000000000000000000000000000000"
            d0_init = "00010100"
            d1_init = "00001100"
            f0_blk_sync = 1
            f0_bus_sync = 1
            f1_blk_sync = 1
            f1_bus_sync = 1
            ff0_sync = 1
            ff1_sync = 1
            ov_msb_sync = 1
            so_sync = 1
            z0_sync = 1
            z1_sync = 1
        }
        Clock Polarity: Active High
        Clock Enable: True
    </CYPRESSTAG>
    <CYPRESSTAG name="Status register listing">

    ------------------------------------------------------------
    Status register listing
    ------------------------------------------------------------

    statuscell: Name =\StripLights:B_WS2811:StatusReg\
        PORT MAP (
            status_7 => \StripLights:B_WS2811:control_0\ ,
            status_6 => \StripLights:B_WS2811:status_6\ ,
            status_1 => \StripLights:B_WS2811:status_1\ ,
            status_0 => \StripLights:B_WS2811:status_0\ );
        Properties:
        {
            cy_force_order = 1
            cy_md_select = "00000000"
        }
        Clock Enable: True
    </CYPRESSTAG>
    <CYPRESSTAG name="StatusI register listing">
    </CYPRESSTAG>
    <CYPRESSTAG name="Sync listing">
    </CYPRESSTAG>
    <CYPRESSTAG name="Control register listing">

    ------------------------------------------------------------
    Control register listing
    ------------------------------------------------------------

    controlcell: Name =\StripLights:StringSel:Sync:ctrl_reg\
        PORT MAP (
            control_7 => \StripLights:StringSel:control_7\ ,
            control_6 => \StripLights:StringSel:control_6\ ,
            control_5 => \StripLights:StringSel:control_5\ ,
            control_4 => \StripLights:StringSel:control_4\ ,
            control_3 => \StripLights:saddr_3\ ,
            control_2 => \StripLights:saddr_2\ ,
            control_1 => \StripLights:saddr_1\ ,
            control_0 => \StripLights:saddr_0\ );
        Properties:
        {
            cy_ctrl_mode_0 = "00000000"
            cy_ctrl_mode_1 = "00000000"
            cy_ext_reset = 0
            cy_force_order = 1
            cy_init_value = "00000000"
        }
        Clock Enable: True

    controlcell: Name =\StripLights:B_WS2811:ctrl\
        PORT MAP (
            control_7 => \StripLights:B_WS2811:control_7\ ,
            control_6 => \StripLights:B_WS2811:control_6\ ,
            control_5 => \StripLights:B_WS2811:control_5\ ,
            control_4 => \StripLights:B_WS2811:control_4\ ,
            control_3 => \StripLights:B_WS2811:control_3\ ,
            control_2 => \StripLights:B_WS2811:control_2\ ,
            control_1 => \StripLights:B_WS2811:control_1\ ,
            control_0 => \StripLights:B_WS2811:control_0\ );
        Properties:
        {
            cy_ctrl_mode_0 = "00000000"
            cy_ctrl_mode_1 = "00000000"
            cy_ext_reset = 0
            cy_force_order = 1
            cy_init_value = "00000000"
        }
        Clock Enable: True
    </CYPRESSTAG>
    <CYPRESSTAG name="Count7 listing">
    </CYPRESSTAG>
    <CYPRESSTAG name="DRQ listing">
    </CYPRESSTAG>
    <CYPRESSTAG name="Interrupt listing">

    ------------------------------------------------------------
    Interrupt listing
    ------------------------------------------------------------

    interrupt: Name =\StripLights:cisr\
        PORT MAP (
            interrupt => Net_75 );
        Properties:
        {
            int_type = "00"
        }

    interrupt: Name =\StripLights:fisr\
        PORT MAP (
            interrupt => \StripLights:Net_159\ );
        Properties:
        {
            int_type = "00"
        }
    </CYPRESSTAG>
</CYPRESSTAG>
<CYPRESSTAG name="Technology mapping summary" expanded>

------------------------------------------------------------
Technology mapping summary
------------------------------------------------------------

Resource Type                 : Used : Free :  Max :  % Used
============================================================
Digital Clocks                :    0 :    4 :    4 :  0.00 %
Interrupts                    :    2 :   30 :   32 :  6.25 %
IO                            :    4 :   32 :   36 : 11.11 %
Segment LCD                   :    0 :    1 :    1 :  0.00 %
CapSense                      :    0 :    1 :    1 :  0.00 %
Die Temp                      :    0 :    1 :    1 :  0.00 %
Serial Communication (SCB)    :    0 :    2 :    2 :  0.00 %
Timer/Counter/PWM             :    0 :    4 :    4 :  0.00 %
UDB                           :      :      :      :        
  Macrocells                  :   13 :   19 :   32 : 40.63 %
  Unique P-terms              :   27 :   37 :   64 : 42.19 %
  Total P-terms               :   28 :      :      :        
  Datapath Cells              :    2 :    2 :    4 : 50.00 %
  Status Cells                :    1 :    3 :    4 : 25.00 %
    Status Registers          :    1 :      :      :        
  Control Cells               :    2 :    2 :    4 : 50.00 %
    Control Registers         :    2 :      :      :        
Comparator/Opamp              :    0 :    2 :    2 :  0.00 %
LP Comparator                 :    0 :    2 :    2 :  0.00 %
SAR ADC                       :    0 :    1 :    1 :  0.00 %
DAC                           :      :      :      :        
  7-bit IDAC                  :    0 :    1 :    1 :  0.00 %
  8-bit IDAC                  :    0 :    1 :    1 :  0.00 %
</CYPRESSTAG>
Technology Mapping: Elapsed time ==> 0s.046ms
Tech mapping phase: Elapsed time ==> 0s.078ms
</CYPRESSTAG>
<CYPRESSTAG name="Analog Placement">
<CYPRESSTAG name="Analog Placement">
Elapsed time ==> 0.1805992s
</CYPRESSTAG>
Analog Placement phase: Elapsed time ==> 0s.422ms
</CYPRESSTAG>
<CYPRESSTAG name="Analog Routing">
<CYPRESSTAG name="Analog Routing">
Route success=True, Iterations=1 Elapsed=0.0010138 secs
</CYPRESSTAG>
Analog Routing phase: Elapsed time ==> 0s.000ms
</CYPRESSTAG>
<CYPRESSTAG name="Analog Code Generation">
============ Analog Final Answer Routes ============
Dump of CyAnalogRoutingResultsDB
Map of net to items {
}
Map of item to net {
}
Mux Info {
}
Analog Code Generation phase: Elapsed time ==> 0s.015ms
</CYPRESSTAG>
<CYPRESSTAG name="Digital Placement">
<CYPRESSTAG name="Detailed placement messages">
I2076: Total run-time: 0.4 sec.

</CYPRESSTAG>
<CYPRESSTAG name="PLD Packing">
<CYPRESSTAG name="PLD Packing Summary" expanded>

------------------------------------------------------------
PLD Packing Summary
------------------------------------------------------------
            Resource Type : Used : Free :  Max :  % Used
    ====================================================
                     PLDs :    5 :    3 :    8 :  62.50%

<CYPRESSTAG name="PLD Statistics">

        PLD Resource Type :     Average/LAB
    =======================================
                   Inputs :            7.40
                   Pterms :            5.60
               Macrocells :            2.60
</CYPRESSTAG>
<CYPRESSTAG name="Packed PLD Contents">
Packed PLD Contents not displayed at this verbose level.</CYPRESSTAG>
</CYPRESSTAG>
PLD Packing: Elapsed time ==> 0s.015ms
</CYPRESSTAG>
<CYPRESSTAG name="Partitioning">
<CYPRESSTAG name="Initial Partitioning Summary">
Initial Partitioning Summary not displayed at this verbose level.</CYPRESSTAG>
<CYPRESSTAG name="Final Partitioning Summary">
Final Partitioning Summary not displayed at this verbose level.</CYPRESSTAG>
Partitioning: Elapsed time ==> 0s.000ms
</CYPRESSTAG>
<CYPRESSTAG name="Simulated Annealing">
Annealing: Elapsed time ==> 0s.000ms
<CYPRESSTAG name="Simulated Annealing Results">
The seed used for moves was 114161200.
Inital cost was 71, final cost is 71 (0.00% improvement).</CYPRESSTAG>
</CYPRESSTAG>
<CYPRESSTAG name="Final Placement Summary">

------------------------------------------------------------
Final Placement Summary
------------------------------------------------------------

       Resource Type :      Count : Avg Inputs : Avg Outputs
    ========================================================
                 UDB :          3 :       9.00 :       4.33
<CYPRESSTAG name="Final Placement Details">
<CYPRESSTAG name="Component Details">

------------------------------------------------------------
Component Placement Details
------------------------------------------------------------
UDB [UDB=(0,0)] is empty.
UDB [UDB=(0,1)] contents:
LAB@[UDB=(0,1)][LB=0] #macrocells=1, #inputs=5, #pterms=1
{
    [McSlotId=0]:     MacroCell: Name=Net_23, Mode=(Combinatorial) @ [UDB=(0,1)][LB=0][MC=0]
        Total # of inputs        : 5
        Total # of product terms : 1
            Clock Enable: True
        Main Equation            : 1 pterm
        (
              !\StripLights:saddr_3\ * !\StripLights:saddr_2\ * 
              !\StripLights:saddr_1\ * !\StripLights:saddr_0\ * 
              \StripLights:Net_64\
        );
        Output = Net_23 (fanout=1)
        Properties               : 
        {
        }

    [McSlotId=1]: (empty)
    [McSlotId=2]: (empty)
    [McSlotId=3]: (empty)
}

controlcell: Name =\StripLights:StringSel:Sync:ctrl_reg\
    PORT MAP (
        control_7 => \StripLights:StringSel:control_7\ ,
        control_6 => \StripLights:StringSel:control_6\ ,
        control_5 => \StripLights:StringSel:control_5\ ,
        control_4 => \StripLights:StringSel:control_4\ ,
        control_3 => \StripLights:saddr_3\ ,
        control_2 => \StripLights:saddr_2\ ,
        control_1 => \StripLights:saddr_1\ ,
        control_0 => \StripLights:saddr_0\ );
    Properties:
    {
        cy_ctrl_mode_0 = "00000000"
        cy_ctrl_mode_1 = "00000000"
        cy_ext_reset = 0
        cy_force_order = 1
        cy_init_value = "00000000"
    }
    Clock Enable: True

UDB [UDB=(1,0)] contents:
LAB@[UDB=(1,0)][LB=0] #macrocells=3, #inputs=9, #pterms=8
{
    [McSlotId=0]:     MacroCell: Name=\StripLights:B_WS2811:state_1\, Mode=(D-Register) @ [UDB=(1,0)][LB=0][MC=0]
        Total # of inputs        : 9
        Total # of product terms : 3
        List of special equations: 
            Clock  = (ClockBlock_HFCLK) => Global
            Clock Enable: True
        Main Equation            : 3 pterms
        !(
              \StripLights:B_WS2811:pwmTC\ * \StripLights:B_WS2811:control_0\ * 
              !\StripLights:B_WS2811:status_0\ * 
              \StripLights:B_WS2811:bitCount_2\ * 
              !\StripLights:B_WS2811:state_0\ * 
              \StripLights:B_WS2811:bitCount_1\ * 
              \StripLights:B_WS2811:bitCount_0\
            + \StripLights:B_WS2811:control_5\ * 
              \StripLights:B_WS2811:state_1\ * \StripLights:B_WS2811:state_0\
            + !\StripLights:B_WS2811:state_1\ * 
              !\StripLights:B_WS2811:state_0\
        );
        Output = \StripLights:B_WS2811:state_1\ (fanout=10)
        Properties               : 
        {
        }

    [McSlotId=1]:     MacroCell: Name=\StripLights:B_WS2811:state_0\, Mode=(D-Register) @ [UDB=(1,0)][LB=0][MC=1]
        Total # of inputs        : 9
        Total # of product terms : 3
        List of special equations: 
            Clock  = (ClockBlock_HFCLK) => Global
            Clock Enable: True
        Main Equation            : 3 pterms
        (
              \StripLights:B_WS2811:pwmTC\ * 
              \StripLights:B_WS2811:bitCount_2\ * 
              \StripLights:B_WS2811:state_1\ * 
              !\StripLights:B_WS2811:state_0\ * 
              \StripLights:B_WS2811:bitCount_1\ * 
              \StripLights:B_WS2811:bitCount_0\
            + !\StripLights:B_WS2811:control_5\ * 
              \StripLights:B_WS2811:state_1\ * \StripLights:B_WS2811:state_0\
            + \StripLights:B_WS2811:control_0\ * 
              !\StripLights:B_WS2811:status_0\ * 
              !\StripLights:B_WS2811:state_1\ * 
              !\StripLights:B_WS2811:state_0\
        );
        Output = \StripLights:B_WS2811:state_0\ (fanout=10)
        Properties               : 
        {
        }

    [McSlotId=2]:     MacroCell: Name=\StripLights:B_WS2811:bitCount_2\, Mode=(T-Register) @ [UDB=(1,0)][LB=0][MC=2]
        Total # of inputs        : 6
        Total # of product terms : 2
        List of special equations: 
            Clock  = (ClockBlock_HFCLK) => Global
            Clock Enable: True
        Main Equation            : 2 pterms
        (
              \StripLights:B_WS2811:pwmTC\ * \StripLights:B_WS2811:state_1\ * 
              !\StripLights:B_WS2811:state_0\ * 
              \StripLights:B_WS2811:bitCount_1\ * 
              \StripLights:B_WS2811:bitCount_0\
            + \StripLights:B_WS2811:bitCount_2\ * 
              !\StripLights:B_WS2811:state_1\
        );
        Output = \StripLights:B_WS2811:bitCount_2\ (fanout=4)
        Properties               : 
        {
        }

    [McSlotId=3]: (empty)
}

LAB@[UDB=(1,0)][LB=1] #macrocells=3, #inputs=7, #pterms=8
{
    [McSlotId=0]:     MacroCell: Name=\StripLights:B_WS2811:dpAddr_1\, Mode=(D-Register) @ [UDB=(1,0)][LB=1][MC=0]
        Total # of inputs        : 7
        Total # of product terms : 4
        List of special equations: 
            Clock  = (ClockBlock_HFCLK) => Global
            Clock Enable: True
        Main Equation            : 4 pterms
        (
              \StripLights:B_WS2811:pwmTC\ * 
              !\StripLights:B_WS2811:bitCount_2\ * 
              \StripLights:B_WS2811:state_1\ * 
              !\StripLights:B_WS2811:state_0\
            + \StripLights:B_WS2811:pwmTC\ * \StripLights:B_WS2811:state_1\ * 
              !\StripLights:B_WS2811:state_0\ * 
              !\StripLights:B_WS2811:bitCount_1\
            + \StripLights:B_WS2811:pwmTC\ * \StripLights:B_WS2811:state_1\ * 
              !\StripLights:B_WS2811:state_0\ * 
              !\StripLights:B_WS2811:bitCount_0\
            + \StripLights:B_WS2811:state_1\ * \StripLights:B_WS2811:state_0\ * 
              \StripLights:B_WS2811:dpAddr_1\
        );
        Output = \StripLights:B_WS2811:dpAddr_1\ (fanout=2)
        Properties               : 
        {
        }

    [McSlotId=1]:     MacroCell: Name=\StripLights:B_WS2811:bitCount_1\, Mode=(T-Register) @ [UDB=(1,0)][LB=1][MC=1]
        Total # of inputs        : 5
        Total # of product terms : 2
        List of special equations: 
            Clock  = (ClockBlock_HFCLK) => Global
            Clock Enable: True
        Main Equation            : 2 pterms
        (
              \StripLights:B_WS2811:pwmTC\ * \StripLights:B_WS2811:state_1\ * 
              !\StripLights:B_WS2811:state_0\ * 
              \StripLights:B_WS2811:bitCount_0\
            + !\StripLights:B_WS2811:state_1\ * 
              \StripLights:B_WS2811:bitCount_1\
        );
        Output = \StripLights:B_WS2811:bitCount_1\ (fanout=5)
        Properties               : 
        {
        }

    [McSlotId=2]:     MacroCell: Name=\StripLights:B_WS2811:bitCount_0\, Mode=(T-Register) @ [UDB=(1,0)][LB=1][MC=2]
        Total # of inputs        : 4
        Total # of product terms : 2
        List of special equations: 
            Clock  = (ClockBlock_HFCLK) => Global
            Clock Enable: True
        Main Equation            : 2 pterms
        (
              \StripLights:B_WS2811:pwmTC\ * \StripLights:B_WS2811:state_1\ * 
              !\StripLights:B_WS2811:state_0\
            + !\StripLights:B_WS2811:state_1\ * 
              \StripLights:B_WS2811:bitCount_0\
        );
        Output = \StripLights:B_WS2811:bitCount_0\ (fanout=6)
        Properties               : 
        {
        }

    [McSlotId=3]: (empty)
}

datapathcell: Name =\StripLights:B_WS2811:dshifter:u0\
    PORT MAP (
        clock => ClockBlock_HFCLK ,
        cs_addr_1 => \StripLights:B_WS2811:dpAddr_1\ ,
        cs_addr_0 => \StripLights:B_WS2811:dpAddr_0\ ,
        so_comb => \StripLights:B_WS2811:shiftOut\ ,
        f0_bus_stat_comb => \StripLights:B_WS2811:status_1\ ,
        f0_blk_stat_comb => \StripLights:B_WS2811:status_0\ );
    Properties:
    {
        a0_init = "00000000"
        a1_init = "00000000"
        ce0_sync = 1
        ce1_sync = 1
        cl0_sync = 1
        cl1_sync = 1
        cmsb_sync = 1
        co_msb_sync = 1
        cy_dpconfig = "0000000000000000000000001100000000000001010000000000000000000000000000000000000000000000000000000000000000000000000000000000000011111111000000001111111111111111000000000000000000000000000000000000000000000000"
        d0_init = "00000000"
        d1_init = "00000000"
        f0_blk_sync = 1
        f0_bus_sync = 1
        f1_blk_sync = 1
        f1_bus_sync = 1
        ff0_sync = 1
        ff1_sync = 1
        ov_msb_sync = 1
        so_sync = 1
        z0_sync = 1
        z1_sync = 1
    }
    Clock Polarity: Active High
    Clock Enable: True

statuscell: Name =\StripLights:B_WS2811:StatusReg\
    PORT MAP (
        status_7 => \StripLights:B_WS2811:control_0\ ,
        status_6 => \StripLights:B_WS2811:status_6\ ,
        status_1 => \StripLights:B_WS2811:status_1\ ,
        status_0 => \StripLights:B_WS2811:status_0\ );
    Properties:
    {
        cy_force_order = 1
        cy_md_select = "00000000"
    }
    Clock Enable: True

UDB [UDB=(1,1)] contents:
LAB@[UDB=(1,1)][LB=0] #macrocells=4, #inputs=8, #pterms=7
{
    [McSlotId=0]:     MacroCell: Name=\StripLights:B_WS2811:pwmCntl\, Mode=(D-Register) @ [UDB=(1,1)][LB=0][MC=0]
        Total # of inputs        : 5
        Total # of product terms : 3
        List of special equations: 
            Clock  = (ClockBlock_HFCLK) => Global
            Clock Enable: True
        Main Equation            : 3 pterms
        !(
              \StripLights:B_WS2811:control_0\ * 
              !\StripLights:B_WS2811:status_0\ * 
              !\StripLights:B_WS2811:state_0\
            + \StripLights:B_WS2811:state_1\ * 
              !\StripLights:B_WS2811:state_0\
            + \StripLights:B_WS2811:state_1\ * 
              !\StripLights:B_WS2811:pwmCntl\
        );
        Output = \StripLights:B_WS2811:pwmCntl\ (fanout=2)
        Properties               : 
        {
        }

    [McSlotId=1]:     MacroCell: Name=\StripLights:B_WS2811:dpAddr_0\, Mode=(D-Register) @ [UDB=(1,1)][LB=0][MC=1]
        Total # of inputs        : 3
        Total # of product terms : 2
        List of special equations: 
            Clock  = (ClockBlock_HFCLK) => Global
            Clock Enable: True
        Main Equation            : 2 pterms
        (
              !\StripLights:B_WS2811:state_1\ * 
              \StripLights:B_WS2811:state_0\
            + \StripLights:B_WS2811:state_0\ * 
              \StripLights:B_WS2811:dpAddr_0\
        );
        Output = \StripLights:B_WS2811:dpAddr_0\ (fanout=2)
        Properties               : 
        {
        }

    [McSlotId=2]:     MacroCell: Name=\StripLights:B_WS2811:status_6\, Mode=(D-Register) @ [UDB=(1,1)][LB=0][MC=2]
        Total # of inputs        : 2
        Total # of product terms : 1
        List of special equations: 
            Clock  = (ClockBlock_HFCLK) => Global
            Clock Enable: True
        Main Equation            : 1 pterm
        (
              \StripLights:B_WS2811:state_1\ * \StripLights:B_WS2811:state_0\
        );
        Output = \StripLights:B_WS2811:status_6\ (fanout=2)
        Properties               : 
        {
        }

    [McSlotId=3]:     MacroCell: Name=Net_75, Mode=(Combinatorial) @ [UDB=(1,1)][LB=0][MC=3]
        Total # of inputs        : 3
        Total # of product terms : 1
            Clock Enable: True
        Main Equation            : 1 pterm
        (
              \StripLights:B_WS2811:control_4\ * 
              \StripLights:B_WS2811:control_0\ * 
              \StripLights:B_WS2811:status_6\
        );
        Output = Net_75 (fanout=1)
        Properties               : 
        {
        }
}

LAB@[UDB=(1,1)][LB=1] #macrocells=2, #inputs=8, #pterms=4
{
    [McSlotId=0]:     MacroCell: Name=\StripLights:Net_159\, Mode=(Combinatorial) @ [UDB=(1,1)][LB=1][MC=0]
        Total # of inputs        : 3
        Total # of product terms : 1
            Clock Enable: True
        Main Equation            : 1 pterm
        (
              \StripLights:B_WS2811:control_3\ * 
              \StripLights:B_WS2811:control_0\ * 
              \StripLights:B_WS2811:status_0\
        );
        Output = \StripLights:Net_159\ (fanout=1)
        Properties               : 
        {
        }

    [McSlotId=1]:     MacroCell: Name=\StripLights:Net_64\, Mode=(D-Register) @ [UDB=(1,1)][LB=1][MC=1]
        Total # of inputs        : 5
        Total # of product terms : 3
        List of special equations: 
            Clock  = (ClockBlock_HFCLK) => Global
            Clock Enable: True
        Main Equation            : 3 pterms
        (
              !\StripLights:B_WS2811:zeroCmp\ * 
              \StripLights:B_WS2811:state_1\ * 
              !\StripLights:B_WS2811:state_0\ * 
              !\StripLights:B_WS2811:shiftOut\
            + !\StripLights:B_WS2811:oneCmp\ * \StripLights:B_WS2811:state_1\ * 
              !\StripLights:B_WS2811:state_0\ * 
              \StripLights:B_WS2811:shiftOut\
            + !\StripLights:B_WS2811:state_1\ * 
              \StripLights:B_WS2811:state_0\
        );
        Output = \StripLights:Net_64\ (fanout=1)
        Properties               : 
        {
        }

    [McSlotId=2]: (empty)
    [McSlotId=3]: (empty)
}

datapathcell: Name =\StripLights:B_WS2811:pwm8:u0\
    PORT MAP (
        clock => ClockBlock_HFCLK ,
        cs_addr_1 => \StripLights:B_WS2811:pwmCntl\ ,
        cs_addr_0 => \StripLights:B_WS2811:pwmTC\ ,
        cl0_comb => \StripLights:B_WS2811:zeroCmp\ ,
        z0_comb => \StripLights:B_WS2811:pwmTC\ ,
        cl1_comb => \StripLights:B_WS2811:oneCmp\ );
    Properties:
    {
        a0_init = "00011000"
        a1_init = "00011000"
        ce0_sync = 1
        ce1_sync = 1
        cl0_sync = 1
        cl1_sync = 1
        cmsb_sync = 1
        co_msb_sync = 1
        cy_dpconfig = "0100000001000000000000001100000000000000110000000000000011000000000000000000000000000000000000000000000000000000000000000000000011111111000000001111111111111111101000000000000000000000000000000000000000000000"
        d0_init = "00010100"
        d1_init = "00001100"
        f0_blk_sync = 1
        f0_bus_sync = 1
        f1_blk_sync = 1
        f1_bus_sync = 1
        ff0_sync = 1
        ff1_sync = 1
        ov_msb_sync = 1
        so_sync = 1
        z0_sync = 1
        z1_sync = 1
    }
    Clock Polarity: Active High
    Clock Enable: True

controlcell: Name =\StripLights:B_WS2811:ctrl\
    PORT MAP (
        control_7 => \StripLights:B_WS2811:control_7\ ,
        control_6 => \StripLights:B_WS2811:control_6\ ,
        control_5 => \StripLights:B_WS2811:control_5\ ,
        control_4 => \StripLights:B_WS2811:control_4\ ,
        control_3 => \StripLights:B_WS2811:control_3\ ,
        control_2 => \StripLights:B_WS2811:control_2\ ,
        control_1 => \StripLights:B_WS2811:control_1\ ,
        control_0 => \StripLights:B_WS2811:control_0\ );
    Properties:
    {
        cy_ctrl_mode_0 = "00000000"
        cy_ctrl_mode_1 = "00000000"
        cy_ext_reset = 0
        cy_force_order = 1
        cy_init_value = "00000000"
    }
    Clock Enable: True

Intr container @ [IntrContainer=(0)]: 
  Intr@ [IntrContainer=(0)][IntrId=(0)] 
    interrupt: Name =\StripLights:cisr\
        PORT MAP (
            interrupt => Net_75 );
        Properties:
        {
            int_type = "00"
        }
  Intr@ [IntrContainer=(0)][IntrId=(2)] 
    interrupt: Name =\StripLights:fisr\
        PORT MAP (
            interrupt => \StripLights:Net_159\ );
        Properties:
        {
            int_type = "00"
        }
Port 0 contains the following IO cells:
[IoId=2]: 
Pin : Name = Din(0)
    Attributes:
        In Group/Port: True
        In Sync Option: AUTO
        Out Sync Option: NOSYNC
        Interrupt generated: False
        Interrupt mode: NONE
        Drive mode: CMOS_OUT
        VTrip: EITHER
        Slew: FAST
        Input Sync needed: False
        Output Sync needed: False
        SC shield enabled: False
        POR State: ANY
        LCD Mode: COMMON
        Register Mode: RegComb
        CaSense Mode: NEITHER
        Treat as pin: True
        Is OE Registered: False
        Uses Analog: False
        Can contain Digital: True
        Is SIO: False
        SIO Output Buf: NONREGULATED
        SIO Input Buf: SINGLE_ENDED
        SIO HiFreq: LOW
        SIO Hyst: DISABLED
        SIO Vtrip: MULTIPLIER_0_5
        SIO Multiplier Index: 0
        SIO RefSel: VCC_IO
        Required Capabilitites: DIGITAL, ROUTABLE
        Initial Value: 1
        IO Voltage: 0
    PORT MAP (
        pa_out => Din(0)__PA ,
        input => Net_23 ,
        annotation => Net_18 ,
        pad => Din(0)_PAD );
    Properties:
    {
    }

[IoId=7]: 
Pin : Name = SW1(0)
    Attributes:
        In Group/Port: True
        In Sync Option: SYNC
        Out Sync Option: AUTO
        Interrupt generated: False
        Interrupt mode: NONE
        Drive mode: RES_PULL_UP
        VTrip: CMOS
        Slew: FAST
        Input Sync needed: True
        Output Sync needed: False
        SC shield enabled: False
        POR State: ANY
        LCD Mode: COMMON
        Register Mode: RegComb
        CaSense Mode: NEITHER
        Treat as pin: True
        Is OE Registered: False
        Uses Analog: False
        Can contain Digital: True
        Is SIO: False
        SIO Output Buf: NONREGULATED
        SIO Input Buf: SINGLE_ENDED
        SIO HiFreq: LOW
        SIO Hyst: DISABLED
        SIO Vtrip: MULTIPLIER_0_5
        SIO Multiplier Index: 0
        SIO RefSel: VCC_IO
        Required Capabilitites: DIGITAL, ROUTABLE
        Initial Value: 1
        IO Voltage: 0
    PORT MAP (
        pa_out => SW1(0)__PA ,
        annotation => Net_516 ,
        pad => SW1(0)_PAD );
    Properties:
    {
    }

Port 1 is empty
Port 2 is empty
Port 3 is empty
Port 4 is empty
Clock group 0: 
    M0S8 Clock Block @ F(Clock,0): 
    m0s8clockblockcell: Name =ClockBlock
        PORT MAP (
            hfclk => ClockBlock_HFCLK ,
            imo => ClockBlock_IMO ,
            ext => ClockBlock_EXTCLK ,
            sysclk => ClockBlock_SYSCLK ,
            ilo => ClockBlock_ILO ,
            lfclk => ClockBlock_LFCLK ,
            dsi_in_0 => ClockBlock_Routed1 );
        Properties:
        {
        }
PM group 0: empty
SPC group 0: empty
WDT group 0: empty
FSS group 0: empty
LP Comparator group 0: empty
Serial Communication (SCB) group 0: empty
CapSense group 0: empty
8-bit IDAC group 0: empty
7-bit IDAC group 0: empty
Timer/Counter/PWM group 0: empty
Comparator/Opamp group 0: empty
Die Temp group 0: empty
SAR ADC group 0: empty
Segment LCD group 0: empty
CLK_GEN group 0: 
    M0S8 Clock Gen Block @ F(CLK_GEN,0): 
    m0s8clockgenblockcell: Name =ClockGenBlock
        PORT MAP (
             );
        Properties:
        {
        }
LPCOMPBLOCK group 0: empty
PASSBLOCK group 0: empty
ANAPUMP group 0: empty
</CYPRESSTAG>
<CYPRESSTAG name="Port Configuration Details">

------------------------------------------------------------
Port Configuration report
------------------------------------------------------------
     |     |       | Interrupt |                  |        | 
Port | Pin | Fixed |      Type |       Drive Mode |   Name | Connections
-----+-----+-------+-----------+------------------+--------+------------
   0 |   2 |     * |      NONE |         CMOS_OUT | Din(0) | In(Net_23)
     |   7 |     * |      NONE |      RES_PULL_UP | SW1(0) | 
------------------------------------------------------------------------
</CYPRESSTAG>
</CYPRESSTAG>
</CYPRESSTAG>
Digital component placer commit/Report: Elapsed time ==> 0s.015ms
Digital Placement phase: Elapsed time ==> 0s.750ms
</CYPRESSTAG>
<CYPRESSTAG name="Digital Routing">
Routing successful.
Digital Routing phase: Elapsed time ==> 0s.921ms
</CYPRESSTAG>
<CYPRESSTAG name="Bitstream and API generation">
Bitstream and API generation phase: Elapsed time ==> 0s.359ms
</CYPRESSTAG>
<CYPRESSTAG name="Bitstream verification">
Bitstream verification phase: Elapsed time ==> 0s.031ms
</CYPRESSTAG>
<CYPRESSTAG name="Static timing analysis">
Timing report is in EndOfTheAnalogTrail_timing.html.
Static timing analysis phase: Elapsed time ==> 0s.296ms
</CYPRESSTAG>
<CYPRESSTAG name="Data reporting">
Data reporting phase: Elapsed time ==> 0s.000ms
</CYPRESSTAG>
<CYPRESSTAG name="Database update...">
Design database save phase: Elapsed time ==> 0s.203ms
</CYPRESSTAG>
cydsfit: Elapsed time ==> 3s.109ms
</CYPRESSTAG>
Fitter phase: Elapsed time ==> 3s.156ms
API generation phase: Elapsed time ==> 1s.647ms
Dependency generation phase: Elapsed time ==> 0s.031ms
Cleanup phase: Elapsed time ==> 0s.000ms
